#
# There is insufficient memory for the Java Runtime Environment to continue.
# Native memory allocation (malloc) failed to allocate 554736 bytes for Chunk::new
# Possible reasons:
#   The system is out of physical RAM or swap space
#   The process is running with CompressedOops enabled, and the Java Heap may be blocking the growth of the native heap
# Possible solutions:
#   Reduce memory load on the system
#   Increase physical memory or swap space
#   Check if swap backing store is full
#   Decrease Java heap size (-Xmx/-Xms)
#   Decrease number of Java threads
#   Decrease Java thread stack sizes (-Xss)
#   Set larger code cache with -XX:ReservedCodeCacheSize=
#   JVM is running with Unscaled Compressed Oops mode in which the Java heap is
#     placed in the first 4GB address space. The Java Heap base address is the
#     maximum limit for the native heap growth. Please use -XX:HeapBaseMinAddress
#     to set the Java Heap base and to place the Java Heap above 4GB virtual address.
# This output file may be truncated or incomplete.
#
#  Out of Memory Error (./src/hotspot/share/memory/arena.cpp:197), pid=24192, tid=12876
#
# JRE version: OpenJDK Runtime Environment (11.0.10) (build 11.0.10+0-b96-7249189)
# Java VM: OpenJDK 64-Bit Server VM (11.0.10+0-b96-7249189, mixed mode, tiered, compressed oops, g1 gc, windows-amd64)
# No core dump will be written. Minidumps are not enabled by default on client versions of Windows
#

---------------  S U M M A R Y ------------

Command Line: --add-opens=java.base/java.util=ALL-UNNAMED --add-opens=java.base/java.lang=ALL-UNNAMED --add-opens=java.base/java.lang.invoke=ALL-UNNAMED --add-opens=java.base/java.util=ALL-UNNAMED --add-opens=java.prefs/java.util.prefs=ALL-UNNAMED --add-opens=java.prefs/java.util.prefs=ALL-UNNAMED --add-opens=java.base/java.nio.charset=ALL-UNNAMED --add-opens=java.base/java.net=ALL-UNNAMED --add-opens=java.base/java.util.concurrent.atomic=ALL-UNNAMED -Xmx2048m -Dfile.encoding=UTF-8 -Duser.country=FR -Duser.language=fr -Duser.variant org.gradle.launcher.daemon.bootstrap.GradleDaemon 7.0.2

Host: Intel(R) Core(TM) i7-10700KF CPU @ 3.80GHz, 16 cores, 15G,  Windows 10 , 64 bit Build 19041 (10.0.19041.1466)
Time: Wed Feb  2 21:58:56 2022 Paris, Madrid elapsed time: 21.469335 seconds (0d 0h 0m 21s)

---------------  T H R E A D  ---------------

Current thread (0x000001affd1a0000):  JavaThread "C2 CompilerThread4" daemon [_thread_in_native, id=12876, stack(0x000000207f100000,0x000000207f200000)]


Current CompileTask:
C2:  21469 12335       4       org.gradle.api.internal.artifacts.transform.ConsumerProvidedVariantFinder::matchAttributes (68 bytes)

Stack: [0x000000207f100000,0x000000207f200000]
Native frames: (J=compiled Java code, j=interpreted, Vv=VM code, C=native code)
V  [jvm.dll+0x5ecfaa]
V  [jvm.dll+0x722bd5]
V  [jvm.dll+0x72412d]
V  [jvm.dll+0x7247e3]
V  [jvm.dll+0x242928]
V  [jvm.dll+0xbc4fc]
V  [jvm.dll+0xbca0c]
V  [jvm.dll+0x2b4fd4]
V  [jvm.dll+0x506028]
V  [jvm.dll+0x1fccf6]
V  [jvm.dll+0x1fa77f]
V  [jvm.dll+0x18354c]
V  [jvm.dll+0x208ee7]
V  [jvm.dll+0x207731]
V  [jvm.dll+0x6eb1cf]
V  [jvm.dll+0x6e3d45]
V  [jvm.dll+0x5ebe96]
C  [ucrtbase.dll+0x21bb2]
C  [KERNEL32.DLL+0x17034]
C  [ntdll.dll+0x52651]


---------------  P R O C E S S  ---------------

Threads class SMR info:
_java_thread_list=0x000001aff82d94a0, length=98, elements={
0x000001afd7bdd000, 0x000001aff5371000, 0x000001aff537e800, 0x000001aff53d2000,
0x000001aff53d3000, 0x000001aff53d5000, 0x000001aff53d8000, 0x000001aff53d9800,
0x000001aff53e0800, 0x000001aff4b0f800, 0x000001aff555e800, 0x000001aff896f000,
0x000001aff75dc800, 0x000001aff7b38000, 0x000001aff744c800, 0x000001aff6973000,
0x000001aff7a0e000, 0x000001aff7d26800, 0x000001aff828c800, 0x000001aff85d5000,
0x000001aff836a800, 0x000001aff836c000, 0x000001aff836c800, 0x000001aff836b000,
0x000001aff81be000, 0x000001aff81ba000, 0x000001aff81b8800, 0x000001aff81bf000,
0x000001aff81ba800, 0x000001aff81bd000, 0x000001aff81bb800, 0x000001aff81c1800,
0x000001aff81c2000, 0x000001aff81bf800, 0x000001aff81c3000, 0x000001aff81c6000,
0x000001aff81c7000, 0x000001aff81c3800, 0x000001aff81c4800, 0x000001aff81c5800,
0x000001affd56f800, 0x000001affd572000, 0x000001affd574000, 0x000001affd572800,
0x000001affd573800, 0x000001affd575000, 0x000001affd576000, 0x000001affd570000,
0x000001affd571000, 0x000001aff92a5800, 0x000001aff92a1000, 0x000001aff92a4000,
0x000001aff92a2800, 0x000001aff92a0000, 0x000001aff92a5000, 0x000001aff92a3800,
0x000001aff92a7800, 0x000001aff92a6800, 0x000001aff92a1800, 0x000001aff92ae000,
0x000001aff92a8000, 0x000001aff92aa800, 0x000001aff92ac800, 0x000001aff92ab800,
0x000001aff92ae800, 0x000001aff92ad000, 0x000001aff92a9000, 0x000001affd4ff000,
0x000001affd4fa800, 0x000001affd4f9800, 0x000001affd500000, 0x000001affd4fd800,
0x000001affd501000, 0x000001affd4fb000, 0x000001affd4fc800, 0x000001affd4fc000,
0x000001affd507800, 0x000001affd505800, 0x000001affd502800, 0x000001affd504000,
0x000001affd501800, 0x000001affd503800, 0x000001affd505000, 0x000001affd506800,
0x000001affd19e800, 0x000001affd19c000, 0x000001affd19b000, 0x000001affd19f800,
0x000001affd199800, 0x000001affd1a1800, 0x000001affd1a2800, 0x000001affd19d000,
0x000001affd1a5000, 0x000001affd1a1000, 0x000001affd1a6000, 0x000001affd1a0000,
0x000001affd1a3800, 0x000001affd1a4000
}

Java Threads: ( => current thread )
  0x000001afd7bdd000 JavaThread "main" [_thread_blocked, id=21552, stack(0x0000002077b00000,0x0000002077c00000)]
  0x000001aff5371000 JavaThread "Reference Handler" daemon [_thread_blocked, id=18056, stack(0x0000002078200000,0x0000002078300000)]
  0x000001aff537e800 JavaThread "Finalizer" daemon [_thread_blocked, id=24776, stack(0x0000002078300000,0x0000002078400000)]
  0x000001aff53d2000 JavaThread "Signal Dispatcher" daemon [_thread_blocked, id=1720, stack(0x0000002078400000,0x0000002078500000)]
  0x000001aff53d3000 JavaThread "Attach Listener" daemon [_thread_blocked, id=17032, stack(0x0000002078500000,0x0000002078600000)]
  0x000001aff53d5000 JavaThread "Service Thread" daemon [_thread_blocked, id=14088, stack(0x0000002078600000,0x0000002078700000)]
  0x000001aff53d8000 JavaThread "C2 CompilerThread0" daemon [_thread_in_native, id=3748, stack(0x0000002078700000,0x0000002078800000)]
  0x000001aff53d9800 JavaThread "C1 CompilerThread0" daemon [_thread_blocked, id=16944, stack(0x0000002078800000,0x0000002078900000)]
  0x000001aff53e0800 JavaThread "Sweeper thread" daemon [_thread_blocked, id=7512, stack(0x0000002078900000,0x0000002078a00000)]
  0x000001aff4b0f800 JavaThread "C1 CompilerThread1" daemon [_thread_blocked, id=7900, stack(0x0000002078a00000,0x0000002078b00000)]
  0x000001aff555e800 JavaThread "Common-Cleaner" daemon [_thread_blocked, id=9604, stack(0x0000002078b00000,0x0000002078c00000)]
  0x000001aff896f000 JavaThread "Daemon health stats" [_thread_blocked, id=15544, stack(0x0000002079600000,0x0000002079700000)]
  0x000001aff75dc800 JavaThread "Incoming local TCP Connector on port 60348" [_thread_in_native, id=24124, stack(0x0000002079700000,0x0000002079800000)]
  0x000001aff7b38000 JavaThread "Daemon periodic checks" [_thread_blocked, id=19236, stack(0x0000002079800000,0x0000002079900000)]
  0x000001aff744c800 JavaThread "Daemon" [_thread_blocked, id=12804, stack(0x0000002079900000,0x0000002079a00000)]
  0x000001aff6973000 JavaThread "Handler for socket connection from /127.0.0.1:60348 to /127.0.0.1:60349" [_thread_in_native, id=15792, stack(0x0000002079a00000,0x0000002079b00000)]
  0x000001aff7a0e000 JavaThread "Cancel handler" [_thread_blocked, id=24912, stack(0x0000002079b00000,0x0000002079c00000)]
  0x000001aff7d26800 JavaThread "Daemon worker" [_thread_blocked, id=22860, stack(0x0000002079c00000,0x0000002079d00000)]
  0x000001aff828c800 JavaThread "Asynchronous log dispatcher for DefaultDaemonConnection: socket connection from /127.0.0.1:60348 to /127.0.0.1:60349" [_thread_blocked, id=7112, stack(0x0000002079d00000,0x0000002079e00000)]
  0x000001aff85d5000 JavaThread "Stdin handler" [_thread_blocked, id=21164, stack(0x0000002079e00000,0x0000002079f00000)]
  0x000001aff836a800 JavaThread "Daemon client event forwarder" [_thread_blocked, id=15372, stack(0x0000002079f00000,0x000000207a000000)]
  0x000001aff836c000 JavaThread "Cache worker for file hash cache (C:\Users\Hugo Martin\.gradle\caches\7.0.2\fileHashes)" [_thread_blocked, id=2444, stack(0x000000207a000000,0x000000207a100000)]
  0x000001aff836c800 JavaThread "File lock request listener" [_thread_in_native, id=24080, stack(0x000000207a100000,0x000000207a200000)]
  0x000001aff836b000 JavaThread "Cache worker for journal cache (C:\Users\Hugo Martin\.gradle\caches\journal-1)" [_thread_blocked, id=20760, stack(0x000000207ab00000,0x000000207ac00000)]
  0x000001aff81be000 JavaThread "Cache worker for file hash cache (H:\Documents\Android\android-dev-challenge\.gradle\7.0.2\fileHashes)" [_thread_blocked, id=15600, stack(0x000000207ac00000,0x000000207ad00000)]
  0x000001aff81ba000 JavaThread "File watcher server" daemon [_thread_in_native, id=10688, stack(0x000000207ad00000,0x000000207ae00000)]
  0x000001aff81b8800 JavaThread "File watcher consumer" daemon [_thread_blocked, id=14372, stack(0x000000207ae00000,0x000000207af00000)]
  0x000001aff81bf000 JavaThread "Cache worker for checksums cache (H:\Documents\Android\android-dev-challenge\.gradle\checksums)" [_thread_blocked, id=17988, stack(0x000000207af00000,0x000000207b000000)]
  0x000001aff81ba800 JavaThread "Cache worker for cache directory md-supplier (C:\Users\Hugo Martin\.gradle\caches\7.0.2\md-supplier)" [_thread_blocked, id=4788, stack(0x000000207b000000,0x000000207b100000)]
  0x000001aff81bd000 JavaThread "Cache worker for cache directory md-rule (C:\Users\Hugo Martin\.gradle\caches\7.0.2\md-rule)" [_thread_blocked, id=10188, stack(0x000000207b100000,0x000000207b200000)]
  0x000001aff81bb800 JavaThread "Cache worker for execution history cache (C:\Users\Hugo Martin\.gradle\caches\7.0.2\executionHistory)" [_thread_blocked, id=15040, stack(0x000000207b200000,0x000000207b300000)]
  0x000001aff81c1800 JavaThread "jar transforms" [_thread_blocked, id=25240, stack(0x000000207b600000,0x000000207b700000)]
  0x000001aff81c2000 JavaThread "jar transforms Thread 2" [_thread_blocked, id=7960, stack(0x000000207b700000,0x000000207b800000)]
  0x000001aff81bf800 JavaThread "Cache worker for file content cache (C:\Users\Hugo Martin\.gradle\caches\7.0.2\fileContent)" [_thread_blocked, id=14444, stack(0x000000207b800000,0x000000207b900000)]
  0x000001aff81c3000 JavaThread "Cache worker for dependencies-accessors (H:\Documents\Android\android-dev-challenge\.gradle\7.0.2\dependencies-accessors)" [_thread_blocked, id=23680, stack(0x000000207b900000,0x000000207ba00000)]
  0x000001aff81c6000 JavaThread "jar transforms Thread 3" [_thread_blocked, id=20668, stack(0x000000207ba00000,0x000000207bb00000)]
  0x000001aff81c7000 JavaThread "Cache worker for Build Output Cleanup Cache (H:\Documents\Android\android-dev-challenge\.gradle\buildOutputCleanup)" [_thread_blocked, id=3716, stack(0x000000207bb00000,0x000000207bc00000)]
  0x000001aff81c3800 JavaThread "Build operations" [_thread_blocked, id=4228, stack(0x000000207bc00000,0x000000207bd00000)]
  0x000001aff81c4800 JavaThread "Build operations Thread 2" [_thread_blocked, id=18568, stack(0x000000207bd00000,0x000000207be00000)]
  0x000001aff81c5800 JavaThread "Build operations Thread 3" [_thread_blocked, id=7216, stack(0x000000207be00000,0x000000207bf00000)]
  0x000001affd56f800 JavaThread "Build operations Thread 4" [_thread_blocked, id=20800, stack(0x000000207bf00000,0x000000207c000000)]
  0x000001affd572000 JavaThread "Build operations Thread 5" [_thread_blocked, id=23808, stack(0x000000207c000000,0x000000207c100000)]
  0x000001affd574000 JavaThread "Build operations Thread 6" [_thread_blocked, id=25308, stack(0x000000207c100000,0x000000207c200000)]
  0x000001affd572800 JavaThread "Build operations Thread 7" [_thread_blocked, id=19900, stack(0x000000207c200000,0x000000207c300000)]
  0x000001affd573800 JavaThread "Build operations Thread 8" [_thread_blocked, id=21276, stack(0x000000207c300000,0x000000207c400000)]
  0x000001affd575000 JavaThread "Build operations Thread 9" [_thread_blocked, id=6640, stack(0x000000207c400000,0x000000207c500000)]
  0x000001affd576000 JavaThread "Build operations Thread 10" [_thread_blocked, id=20556, stack(0x000000207c500000,0x000000207c600000)]
  0x000001affd570000 JavaThread "Build operations Thread 11" [_thread_blocked, id=25520, stack(0x000000207c600000,0x000000207c700000)]
  0x000001affd571000 JavaThread "Build operations Thread 12" [_thread_blocked, id=21148, stack(0x000000207c700000,0x000000207c800000)]
  0x000001aff92a5800 JavaThread "Build operations Thread 13" [_thread_blocked, id=692, stack(0x000000207c800000,0x000000207c900000)]
  0x000001aff92a1000 JavaThread "Build operations Thread 14" [_thread_blocked, id=13396, stack(0x000000207c900000,0x000000207ca00000)]
  0x000001aff92a4000 JavaThread "Build operations Thread 15" [_thread_blocked, id=7724, stack(0x000000207ca00000,0x000000207cb00000)]
  0x000001aff92a2800 JavaThread "Build operations Thread 16" [_thread_blocked, id=9500, stack(0x000000207cb00000,0x000000207cc00000)]
  0x000001aff92a0000 JavaThread "jar transforms Thread 4" [_thread_blocked, id=21832, stack(0x000000207cc00000,0x000000207cd00000)]
  0x000001aff92a5000 JavaThread "jar transforms Thread 5" [_thread_blocked, id=11704, stack(0x000000207cd00000,0x000000207ce00000)]
  0x000001aff92a3800 JavaThread "jar transforms Thread 6" [_thread_blocked, id=1064, stack(0x000000207ce00000,0x000000207cf00000)]
  0x000001aff92a7800 JavaThread "jar transforms Thread 7" [_thread_blocked, id=12192, stack(0x000000207cf00000,0x000000207d000000)]
  0x000001aff92a6800 JavaThread "jar transforms Thread 8" [_thread_blocked, id=7060, stack(0x000000207d000000,0x000000207d100000)]
  0x000001aff92a1800 JavaThread "jar transforms Thread 9" [_thread_blocked, id=2100, stack(0x000000207d100000,0x000000207d200000)]
  0x000001aff92ae000 JavaThread "jar transforms Thread 10" [_thread_blocked, id=7884, stack(0x000000207d200000,0x000000207d300000)]
  0x000001aff92a8000 JavaThread "jar transforms Thread 11" [_thread_blocked, id=25468, stack(0x000000207d300000,0x000000207d400000)]
  0x000001aff92aa800 JavaThread "jar transforms Thread 12" [_thread_blocked, id=17692, stack(0x000000207d400000,0x000000207d500000)]
  0x000001aff92ac800 JavaThread "jar transforms Thread 13" [_thread_blocked, id=14892, stack(0x000000207d500000,0x000000207d600000)]
  0x000001aff92ab800 JavaThread "jar transforms Thread 14" [_thread_blocked, id=13252, stack(0x000000207d600000,0x000000207d700000)]
  0x000001aff92ae800 JavaThread "jar transforms Thread 15" [_thread_blocked, id=10424, stack(0x000000207d700000,0x000000207d800000)]
  0x000001aff92ad000 JavaThread "jar transforms Thread 16" [_thread_blocked, id=13264, stack(0x000000207d800000,0x000000207d900000)]
  0x000001aff92a9000 JavaThread "Memory manager" [_thread_blocked, id=14664, stack(0x000000207b500000,0x000000207b600000)]
  0x000001affd4ff000 JavaThread "build event listener" [_thread_blocked, id=24340, stack(0x000000207db00000,0x000000207dc00000)]
  0x000001affd4fa800 JavaThread "pool-3-thread-1" [_thread_blocked, id=15456, stack(0x000000207dc00000,0x000000207dd00000)]
  0x000001affd4f9800 JavaThread "build event listener" [_thread_blocked, id=4376, stack(0x000000207dd00000,0x000000207de00000)]
  0x000001affd500000 JavaThread "Execution worker for ':'" [_thread_blocked, id=10196, stack(0x000000207de00000,0x000000207df00000)]
  0x000001affd4fd800 JavaThread "Execution worker for ':' Thread 2" [_thread_blocked, id=19680, stack(0x000000207df00000,0x000000207e000000)]
  0x000001affd501000 JavaThread "Execution worker for ':' Thread 3" [_thread_blocked, id=24740, stack(0x000000207e000000,0x000000207e100000)]
  0x000001affd4fb000 JavaThread "Execution worker for ':' Thread 4" [_thread_blocked, id=4968, stack(0x000000207e100000,0x000000207e200000)]
  0x000001affd4fc800 JavaThread "Execution worker for ':' Thread 5" [_thread_blocked, id=21956, stack(0x000000207e200000,0x000000207e300000)]
  0x000001affd4fc000 JavaThread "Execution worker for ':' Thread 6" [_thread_in_Java, id=16092, stack(0x000000207e300000,0x000000207e400000)]
  0x000001affd507800 JavaThread "Execution worker for ':' Thread 7" [_thread_blocked, id=9092, stack(0x000000207e400000,0x000000207e500000)]
  0x000001affd505800 JavaThread "Execution worker for ':' Thread 8" [_thread_blocked, id=16012, stack(0x000000207e500000,0x000000207e600000)]
  0x000001affd502800 JavaThread "Execution worker for ':' Thread 9" [_thread_blocked, id=25196, stack(0x000000207e600000,0x000000207e700000)]
  0x000001affd504000 JavaThread "Execution worker for ':' Thread 10" [_thread_blocked, id=12296, stack(0x000000207e700000,0x000000207e800000)]
  0x000001affd501800 JavaThread "Execution worker for ':' Thread 11" [_thread_blocked, id=22744, stack(0x000000207e800000,0x000000207e900000)]
  0x000001affd503800 JavaThread "Execution worker for ':' Thread 12" [_thread_blocked, id=18560, stack(0x000000207e900000,0x000000207ea00000)]
  0x000001affd505000 JavaThread "Execution worker for ':' Thread 13" [_thread_blocked, id=25428, stack(0x000000207ea00000,0x000000207eb00000)]
  0x000001affd506800 JavaThread "Execution worker for ':' Thread 14" [_thread_blocked, id=22036, stack(0x000000207eb00000,0x000000207ec00000)]
  0x000001affd19e800 JavaThread "Execution worker for ':' Thread 15" [_thread_blocked, id=11536, stack(0x000000207ec00000,0x000000207ed00000)]
  0x000001affd19c000 JavaThread "Cache worker for execution history cache (H:\Documents\Android\android-dev-challenge\.gradle\7.0.2\executionHistory)" [_thread_blocked, id=24316, stack(0x000000207ed00000,0x000000207ee00000)]
  0x000001affd19b000 JavaThread "RMI Scheduler(0)" daemon [_thread_blocked, id=15868, stack(0x0000002078d00000,0x0000002078e00000)]
  0x000001affd19f800 JavaThread "RMI RenewClean-[127.0.0.1:17339,org.jetbrains.kotlin.daemon.common.LoopbackNetworkInterface$ClientLoopbackSocketFactory@30ace289]" daemon [_thread_blocked, id=13716, stack(0x0000002078e00000,0x0000002078f00000)]
  0x000001affd199800 JavaThread "RMI GC Daemon" daemon [_thread_blocked, id=13304, stack(0x0000002079400000,0x0000002079500000)]
  0x000001affd1a1800 JavaThread "RMI TCP Accept-0" daemon [_thread_in_native, id=3876, stack(0x0000002079500000,0x0000002079600000)]
  0x000001affd1a2800 JavaThread "RMI Reaper" [_thread_blocked, id=8128, stack(0x000000207d900000,0x000000207da00000)]
  0x000001affd19d000 JavaThread "RMI TCP Connection(1)-127.0.0.1" daemon [_thread_in_native, id=19688, stack(0x000000207ee00000,0x000000207ef00000)]
  0x000001affd1a5000 JavaThread "C2 CompilerThread1" daemon [_thread_in_native, id=9324, stack(0x000000207da00000,0x000000207db00000)]
  0x000001affd1a1000 JavaThread "C2 CompilerThread2" daemon [_thread_in_native, id=3488, stack(0x000000207ef00000,0x000000207f000000)]
  0x000001affd1a6000 JavaThread "C2 CompilerThread3" daemon [_thread_in_native, id=24232, stack(0x000000207f000000,0x000000207f100000)]
=>0x000001affd1a0000 JavaThread "C2 CompilerThread4" daemon [_thread_in_native, id=12876, stack(0x000000207f100000,0x000000207f200000)]
  0x000001affd1a3800 JavaThread "C1 CompilerThread2" daemon [_thread_blocked, id=8832, stack(0x000000207f200000,0x000000207f300000)]
  0x000001affd1a4000 JavaThread "C1 CompilerThread3" daemon [_thread_blocked, id=8296, stack(0x000000207f300000,0x000000207f400000)]

Other Threads:
  0x000001aff536e000 VMThread "VM Thread" [stack: 0x0000002078100000,0x0000002078200000] [id=22496]
  0x000001aff55af800 WatcherThread [stack: 0x0000002078c00000,0x0000002078d00000] [id=12256]
  0x000001afd7bf4000 GCTaskThread "GC Thread#0" [stack: 0x0000002077c00000,0x0000002077d00000] [id=1672]
  0x000001aff5dee000 GCTaskThread "GC Thread#1" [stack: 0x0000002078f00000,0x0000002079000000] [id=11936]
  0x000001aff5def800 GCTaskThread "GC Thread#2" [stack: 0x0000002079000000,0x0000002079100000] [id=8032]
  0x000001aff6388000 GCTaskThread "GC Thread#3" [stack: 0x0000002079100000,0x0000002079200000] [id=3880]
  0x000001aff6388800 GCTaskThread "GC Thread#4" [stack: 0x0000002079200000,0x0000002079300000] [id=21360]
  0x000001aff6389800 GCTaskThread "GC Thread#5" [stack: 0x0000002079300000,0x0000002079400000] [id=24732]
  0x000001aff63d4800 GCTaskThread "GC Thread#6" [stack: 0x000000207a200000,0x000000207a300000] [id=5048]
  0x000001aff7023800 GCTaskThread "GC Thread#7" [stack: 0x000000207a300000,0x000000207a400000] [id=7364]
  0x000001aff6ade000 GCTaskThread "GC Thread#8" [stack: 0x000000207a400000,0x000000207a500000] [id=23408]
  0x000001aff6f38800 GCTaskThread "GC Thread#9" [stack: 0x000000207a500000,0x000000207a600000] [id=20980]
  0x000001aff7d37800 GCTaskThread "GC Thread#10" [stack: 0x000000207a600000,0x000000207a700000] [id=6984]
  0x000001aff6f80800 GCTaskThread "GC Thread#11" [stack: 0x000000207a700000,0x000000207a800000] [id=1684]
  0x000001aff6c4e000 GCTaskThread "GC Thread#12" [stack: 0x000000207a800000,0x000000207a900000] [id=12320]
  0x000001afd7c2a000 ConcurrentGCThread "G1 Main Marker" [stack: 0x0000002077d00000,0x0000002077e00000] [id=25584]
  0x000001afd7c2b000 ConcurrentGCThread "G1 Conc#0" [stack: 0x0000002077e00000,0x0000002077f00000] [id=1412]
  0x000001aff6eae800 ConcurrentGCThread "G1 Conc#1" [stack: 0x000000207a900000,0x000000207aa00000] [id=4004]
  0x000001aff63aa000 ConcurrentGCThread "G1 Conc#2" [stack: 0x000000207aa00000,0x000000207ab00000] [id=21180]
  0x000001afd7cbe000 ConcurrentGCThread "G1 Refine#0" [stack: 0x0000002077f00000,0x0000002078000000] [id=6232]
  0x000001affa899000 ConcurrentGCThread "G1 Refine#1" [stack: 0x000000207b300000,0x000000207b400000] [id=24292]
  0x000001affc71d800 ConcurrentGCThread "G1 Refine#2" [stack: 0x000000207b400000,0x000000207b500000] [id=8264]
  0x000001aff49bf800 ConcurrentGCThread "G1 Young RemSet Sampling" [stack: 0x0000002078000000,0x0000002078100000] [id=9504]

Threads with active compile tasks:
C2 CompilerThread0  21481 12310   !   4       org.gradle.internal.event.AbstractBroadcastDispatch::dispatch (191 bytes)
C2 CompilerThread1  21481 12346       4       org.gradle.internal.event.DefaultListenerManager$EventBroadcast$ListenerDispatch::dispatch (9 bytes)
C2 CompilerThread2  21481 12313       4       org.gradle.internal.fingerprint.classpath.impl.ClasspathFingerprintingStrategy$ClasspathFingerprintingVisitor::hashContent (96 bytes)
C2 CompilerThread3  21481 12268   !   4       org.gradle.internal.event.DefaultListenerManager$EventBroadcast$ListenerDispatch::dispatch (55 bytes)
C2 CompilerThread4  21481 12335       4       org.gradle.api.internal.artifacts.transform.ConsumerProvidedVariantFinder::matchAttributes (68 bytes)

VM state:not at safepoint (normal execution)

VM Mutex/Monitor currently owned by a thread: None

Heap address: 0x0000000080000000, size: 2048 MB, Compressed Oops mode: 32-bit
Narrow klass base: 0x0000000000000000, Narrow klass shift: 3
Compressed class space size: 1073741824 Address: 0x0000000100000000

Heap:
 garbage-first heap   total 260096K, used 168674K [0x0000000080000000, 0x0000000100000000)
  region size 1024K, 98 young (100352K), 12 survivors (12288K)
 Metaspace       used 95383K, capacity 98430K, committed 98812K, reserved 1134592K
  class space    used 12393K, capacity 13569K, committed 13696K, reserved 1048576K
Heap Regions: E=young(eden), S=young(survivor), O=old, HS=humongous(starts), HC=humongous(continues), CS=collection set, F=free, A=archive, TAMS=top-at-mark-start (previous, next)
|   0|0x0000000080000000, 0x0000000080100000, 0x0000000080100000|100%| O|  |TAMS 0x0000000080100000, 0x0000000080000000| Untracked 
|   1|0x0000000080100000, 0x0000000080200000, 0x0000000080200000|100%| O|  |TAMS 0x0000000080200000, 0x0000000080100000| Untracked 
|   2|0x0000000080200000, 0x0000000080300000, 0x0000000080300000|100%| O|  |TAMS 0x0000000080300000, 0x0000000080200000| Untracked 
|   3|0x0000000080300000, 0x0000000080400000, 0x0000000080400000|100%|HS|  |TAMS 0x0000000080400000, 0x0000000080300000| Complete 
|   4|0x0000000080400000, 0x0000000080500000, 0x0000000080500000|100%|HC|  |TAMS 0x0000000080500000, 0x0000000080400000| Complete 
|   5|0x0000000080500000, 0x0000000080600000, 0x0000000080600000|100%|HC|  |TAMS 0x0000000080600000, 0x0000000080500000| Complete 
|   6|0x0000000080600000, 0x0000000080700000, 0x0000000080700000|100%| O|  |TAMS 0x0000000080700000, 0x0000000080600000| Untracked 
|   7|0x0000000080700000, 0x0000000080800000, 0x0000000080800000|100%| O|  |TAMS 0x0000000080800000, 0x0000000080700000| Untracked 
|   8|0x0000000080800000, 0x0000000080900000, 0x0000000080900000|100%| O|  |TAMS 0x0000000080900000, 0x0000000080800000| Untracked 
|   9|0x0000000080900000, 0x0000000080a00000, 0x0000000080a00000|100%| O|  |TAMS 0x0000000080a00000, 0x0000000080900000| Untracked 
|  10|0x0000000080a00000, 0x0000000080b00000, 0x0000000080b00000|100%| O|  |TAMS 0x0000000080b00000, 0x0000000080a00000| Untracked 
|  11|0x0000000080b00000, 0x0000000080c00000, 0x0000000080c00000|100%| O|  |TAMS 0x0000000080c00000, 0x0000000080b00000| Untracked 
|  12|0x0000000080c00000, 0x0000000080d00000, 0x0000000080d00000|100%| O|  |TAMS 0x0000000080d00000, 0x0000000080c00000| Untracked 
|  13|0x0000000080d00000, 0x0000000080e00000, 0x0000000080e00000|100%| O|  |TAMS 0x0000000080e00000, 0x0000000080d00000| Untracked 
|  14|0x0000000080e00000, 0x0000000080f00000, 0x0000000080f00000|100%| O|  |TAMS 0x0000000080f00000, 0x0000000080e00000| Untracked 
|  15|0x0000000080f00000, 0x0000000081000000, 0x0000000081000000|100%| O|  |TAMS 0x0000000081000000, 0x0000000080f00000| Untracked 
|  16|0x0000000081000000, 0x0000000081100000, 0x0000000081100000|100%|HS|  |TAMS 0x0000000081100000, 0x0000000081000000| Complete 
|  17|0x0000000081100000, 0x0000000081200000, 0x0000000081200000|100%|HS|  |TAMS 0x0000000081200000, 0x0000000081100000| Complete 
|  18|0x0000000081200000, 0x0000000081300000, 0x0000000081300000|100%|HS|  |TAMS 0x0000000081300000, 0x0000000081200000| Complete 
|  19|0x0000000081300000, 0x0000000081400000, 0x0000000081400000|100%|HC|  |TAMS 0x0000000081400000, 0x0000000081300000| Complete 
|  20|0x0000000081400000, 0x0000000081500000, 0x0000000081500000|100%|HC|  |TAMS 0x0000000081500000, 0x0000000081400000| Complete 
|  21|0x0000000081500000, 0x0000000081600000, 0x0000000081600000|100%|HS|  |TAMS 0x0000000081600000, 0x0000000081500000| Complete 
|  22|0x0000000081600000, 0x0000000081700000, 0x0000000081700000|100%|HC|  |TAMS 0x0000000081700000, 0x0000000081600000| Complete 
|  23|0x0000000081700000, 0x0000000081800000, 0x0000000081800000|100%| O|  |TAMS 0x0000000081800000, 0x0000000081700000| Untracked 
|  24|0x0000000081800000, 0x0000000081900000, 0x0000000081900000|100%| O|  |TAMS 0x0000000081900000, 0x0000000081800000| Untracked 
|  25|0x0000000081900000, 0x0000000081a00000, 0x0000000081a00000|100%| O|  |TAMS 0x0000000081a00000, 0x0000000081900000| Untracked 
|  26|0x0000000081a00000, 0x0000000081b00000, 0x0000000081b00000|100%| O|  |TAMS 0x0000000081b00000, 0x0000000081a00000| Untracked 
|  27|0x0000000081b00000, 0x0000000081c00000, 0x0000000081c00000|100%| O|  |TAMS 0x0000000081c00000, 0x0000000081b00000| Untracked 
|  28|0x0000000081c00000, 0x0000000081d00000, 0x0000000081d00000|100%| O|  |TAMS 0x0000000081d00000, 0x0000000081c00000| Untracked 
|  29|0x0000000081d00000, 0x0000000081e00000, 0x0000000081e00000|100%| O|  |TAMS 0x0000000081e00000, 0x0000000081d00000| Untracked 
|  30|0x0000000081e00000, 0x0000000081f00000, 0x0000000081f00000|100%| O|  |TAMS 0x0000000081f00000, 0x0000000081e00000| Untracked 
|  31|0x0000000081f00000, 0x0000000082000000, 0x0000000082000000|100%| O|  |TAMS 0x0000000082000000, 0x0000000081f00000| Untracked 
|  32|0x0000000082000000, 0x0000000082100000, 0x0000000082100000|100%| O|  |TAMS 0x0000000082100000, 0x0000000082000000| Untracked 
|  33|0x0000000082100000, 0x0000000082200000, 0x0000000082200000|100%| O|  |TAMS 0x0000000082200000, 0x0000000082100000| Untracked 
|  34|0x0000000082200000, 0x0000000082300000, 0x0000000082300000|100%| O|  |TAMS 0x0000000082300000, 0x0000000082200000| Untracked 
|  35|0x0000000082300000, 0x0000000082400000, 0x0000000082400000|100%| O|  |TAMS 0x0000000082400000, 0x0000000082300000| Untracked 
|  36|0x0000000082400000, 0x0000000082500000, 0x0000000082500000|100%| O|  |TAMS 0x0000000082500000, 0x0000000082400000| Untracked 
|  37|0x0000000082500000, 0x0000000082600000, 0x0000000082600000|100%| O|  |TAMS 0x0000000082600000, 0x0000000082500000| Untracked 
|  38|0x0000000082600000, 0x0000000082700000, 0x0000000082700000|100%| O|  |TAMS 0x0000000082700000, 0x0000000082600000| Untracked 
|  39|0x0000000082700000, 0x0000000082800000, 0x0000000082800000|100%| O|  |TAMS 0x0000000082800000, 0x0000000082700000| Untracked 
|  40|0x0000000082800000, 0x0000000082900000, 0x0000000082900000|100%| O|  |TAMS 0x0000000082900000, 0x0000000082800000| Untracked 
|  41|0x0000000082900000, 0x0000000082a00000, 0x0000000082a00000|100%| O|  |TAMS 0x0000000082a00000, 0x0000000082900000| Untracked 
|  42|0x0000000082a00000, 0x0000000082b00000, 0x0000000082b00000|100%| O|  |TAMS 0x0000000082b00000, 0x0000000082a00000| Untracked 
|  43|0x0000000082b00000, 0x0000000082c00000, 0x0000000082c00000|100%| O|  |TAMS 0x0000000082c00000, 0x0000000082b00000| Untracked 
|  44|0x0000000082c00000, 0x0000000082d00000, 0x0000000082d00000|100%| O|  |TAMS 0x0000000082d00000, 0x0000000082c00000| Untracked 
|  45|0x0000000082d00000, 0x0000000082e00000, 0x0000000082e00000|100%| O|  |TAMS 0x0000000082e00000, 0x0000000082d00000| Untracked 
|  46|0x0000000082e00000, 0x0000000082f00000, 0x0000000082f00000|100%| O|  |TAMS 0x0000000082f00000, 0x0000000082e00000| Untracked 
|  47|0x0000000082f00000, 0x0000000083000000, 0x0000000083000000|100%| O|  |TAMS 0x0000000082ff4000, 0x0000000082f00000| Untracked 
|  48|0x0000000083000000, 0x0000000083100000, 0x0000000083100000|100%| O|  |TAMS 0x0000000083000000, 0x0000000083000000| Untracked 
|  49|0x0000000083100000, 0x0000000083200000, 0x0000000083200000|100%| O|  |TAMS 0x0000000083100000, 0x0000000083100000| Untracked 
|  50|0x0000000083200000, 0x0000000083300000, 0x0000000083300000|100%| O|  |TAMS 0x0000000083200000, 0x0000000083200000| Untracked 
|  51|0x0000000083300000, 0x0000000083400000, 0x0000000083400000|100%| O|  |TAMS 0x0000000083300000, 0x0000000083300000| Untracked 
|  52|0x0000000083400000, 0x0000000083500000, 0x0000000083500000|100%| O|  |TAMS 0x0000000083400000, 0x0000000083400000| Untracked 
|  53|0x0000000083500000, 0x0000000083600000, 0x0000000083600000|100%| O|  |TAMS 0x0000000083500000, 0x0000000083500000| Untracked 
|  54|0x0000000083600000, 0x0000000083700000, 0x0000000083700000|100%| O|  |TAMS 0x0000000083600000, 0x0000000083600000| Untracked 
|  55|0x0000000083700000, 0x0000000083800000, 0x0000000083800000|100%| O|  |TAMS 0x0000000083700000, 0x0000000083700000| Untracked 
|  56|0x0000000083800000, 0x0000000083900000, 0x0000000083900000|100%| O|  |TAMS 0x0000000083800000, 0x0000000083800000| Untracked 
|  57|0x0000000083900000, 0x0000000083a00000, 0x0000000083a00000|100%| O|  |TAMS 0x0000000083900000, 0x0000000083900000| Untracked 
|  58|0x0000000083a00000, 0x0000000083b00000, 0x0000000083b00000|100%| O|  |TAMS 0x0000000083a00000, 0x0000000083a00000| Untracked 
|  59|0x0000000083b00000, 0x0000000083c00000, 0x0000000083c00000|100%| O|  |TAMS 0x0000000083b00000, 0x0000000083b00000| Untracked 
|  60|0x0000000083c00000, 0x0000000083d00000, 0x0000000083d00000|100%| O|  |TAMS 0x0000000083c00000, 0x0000000083c00000| Untracked 
|  61|0x0000000083d00000, 0x0000000083e00000, 0x0000000083e00000|100%| O|  |TAMS 0x0000000083d00000, 0x0000000083d00000| Untracked 
|  62|0x0000000083e00000, 0x0000000083f00000, 0x0000000083f00000|100%| O|  |TAMS 0x0000000083e00000, 0x0000000083e00000| Untracked 
|  63|0x0000000083f00000, 0x0000000084000000, 0x0000000084000000|100%| O|  |TAMS 0x0000000083f00000, 0x0000000083f00000| Untracked 
|  64|0x0000000084000000, 0x0000000084100000, 0x0000000084100000|100%| O|  |TAMS 0x0000000084000000, 0x0000000084000000| Untracked 
|  65|0x0000000084100000, 0x0000000084200000, 0x0000000084200000|100%| O|  |TAMS 0x0000000084100000, 0x0000000084100000| Untracked 
|  66|0x0000000084200000, 0x0000000084300000, 0x0000000084300000|100%| O|  |TAMS 0x0000000084200000, 0x0000000084200000| Untracked 
|  67|0x0000000084300000, 0x0000000084400000, 0x0000000084400000|100%| O|  |TAMS 0x0000000084300000, 0x0000000084300000| Untracked 
|  68|0x0000000084400000, 0x0000000084500000, 0x0000000084500000|100%| O|  |TAMS 0x0000000084400000, 0x0000000084400000| Untracked 
|  69|0x0000000084500000, 0x000000008453b200, 0x0000000084600000| 23%| O|  |TAMS 0x0000000084500000, 0x0000000084500000| Untracked 
|  70|0x0000000084600000, 0x0000000084600000, 0x0000000084700000|  0%| F|  |TAMS 0x0000000084600000, 0x0000000084600000| Untracked 
|  71|0x0000000084700000, 0x0000000084700000, 0x0000000084800000|  0%| F|  |TAMS 0x0000000084700000, 0x0000000084700000| Untracked 
|  72|0x0000000084800000, 0x0000000084800000, 0x0000000084900000|  0%| F|  |TAMS 0x0000000084800000, 0x0000000084800000| Untracked 
|  73|0x0000000084900000, 0x0000000084900000, 0x0000000084a00000|  0%| F|  |TAMS 0x0000000084900000, 0x0000000084900000| Untracked 
|  74|0x0000000084a00000, 0x0000000084a00000, 0x0000000084b00000|  0%| F|  |TAMS 0x0000000084a00000, 0x0000000084a00000| Untracked 
|  75|0x0000000084b00000, 0x0000000084b00000, 0x0000000084c00000|  0%| F|  |TAMS 0x0000000084b00000, 0x0000000084b00000| Untracked 
|  76|0x0000000084c00000, 0x0000000084c00000, 0x0000000084d00000|  0%| F|  |TAMS 0x0000000084c00000, 0x0000000084c00000| Untracked 
|  77|0x0000000084d00000, 0x0000000084d00000, 0x0000000084e00000|  0%| F|  |TAMS 0x0000000084d00000, 0x0000000084d00000| Untracked 
|  78|0x0000000084e00000, 0x0000000084e00000, 0x0000000084f00000|  0%| F|  |TAMS 0x0000000084e00000, 0x0000000084e00000| Untracked 
|  79|0x0000000084f00000, 0x0000000084f00000, 0x0000000085000000|  0%| F|  |TAMS 0x0000000084f00000, 0x0000000084f00000| Untracked 
|  80|0x0000000085000000, 0x0000000085000000, 0x0000000085100000|  0%| F|  |TAMS 0x0000000085000000, 0x0000000085000000| Untracked 
|  81|0x0000000085100000, 0x0000000085100000, 0x0000000085200000|  0%| F|  |TAMS 0x0000000085100000, 0x0000000085100000| Untracked 
|  82|0x0000000085200000, 0x0000000085200000, 0x0000000085300000|  0%| F|  |TAMS 0x0000000085200000, 0x0000000085200000| Untracked 
|  83|0x0000000085300000, 0x0000000085300000, 0x0000000085400000|  0%| F|  |TAMS 0x0000000085300000, 0x0000000085300000| Untracked 
|  84|0x0000000085400000, 0x0000000085400000, 0x0000000085500000|  0%| F|  |TAMS 0x0000000085400000, 0x0000000085400000| Untracked 
|  85|0x0000000085500000, 0x0000000085500000, 0x0000000085600000|  0%| F|  |TAMS 0x0000000085500000, 0x0000000085500000| Untracked 
|  86|0x0000000085600000, 0x0000000085600000, 0x0000000085700000|  0%| F|  |TAMS 0x0000000085600000, 0x0000000085600000| Untracked 
|  87|0x0000000085700000, 0x0000000085700000, 0x0000000085800000|  0%| F|  |TAMS 0x0000000085700000, 0x0000000085700000| Untracked 
|  88|0x0000000085800000, 0x0000000085800000, 0x0000000085900000|  0%| F|  |TAMS 0x0000000085800000, 0x0000000085800000| Untracked 
|  89|0x0000000085900000, 0x0000000085900000, 0x0000000085a00000|  0%| F|  |TAMS 0x0000000085900000, 0x0000000085900000| Untracked 
|  90|0x0000000085a00000, 0x0000000085a00000, 0x0000000085b00000|  0%| F|  |TAMS 0x0000000085a00000, 0x0000000085a00000| Untracked 
|  91|0x0000000085b00000, 0x0000000085b00000, 0x0000000085c00000|  0%| F|  |TAMS 0x0000000085b00000, 0x0000000085b00000| Untracked 
|  92|0x0000000085c00000, 0x0000000085c00000, 0x0000000085d00000|  0%| F|  |TAMS 0x0000000085c00000, 0x0000000085c00000| Untracked 
|  93|0x0000000085d00000, 0x0000000085d00000, 0x0000000085e00000|  0%| F|  |TAMS 0x0000000085d00000, 0x0000000085d00000| Untracked 
|  94|0x0000000085e00000, 0x0000000085e00000, 0x0000000085f00000|  0%| F|  |TAMS 0x0000000085e00000, 0x0000000085e00000| Untracked 
|  95|0x0000000085f00000, 0x0000000085f00000, 0x0000000086000000|  0%| F|  |TAMS 0x0000000085f00000, 0x0000000085f00000| Untracked 
|  96|0x0000000086000000, 0x0000000086000000, 0x0000000086100000|  0%| F|  |TAMS 0x0000000086000000, 0x0000000086000000| Untracked 
|  97|0x0000000086100000, 0x0000000086100000, 0x0000000086200000|  0%| F|  |TAMS 0x0000000086100000, 0x0000000086100000| Untracked 
|  98|0x0000000086200000, 0x0000000086200000, 0x0000000086300000|  0%| F|  |TAMS 0x0000000086200000, 0x0000000086200000| Untracked 
|  99|0x0000000086300000, 0x0000000086300000, 0x0000000086400000|  0%| F|  |TAMS 0x0000000086300000, 0x0000000086300000| Untracked 
| 100|0x0000000086400000, 0x0000000086400000, 0x0000000086500000|  0%| F|  |TAMS 0x0000000086400000, 0x0000000086400000| Untracked 
| 101|0x0000000086500000, 0x0000000086500000, 0x0000000086600000|  0%| F|  |TAMS 0x0000000086500000, 0x0000000086500000| Untracked 
| 102|0x0000000086600000, 0x0000000086600000, 0x0000000086700000|  0%| F|  |TAMS 0x0000000086600000, 0x0000000086600000| Untracked 
| 103|0x0000000086700000, 0x0000000086700000, 0x0000000086800000|  0%| F|  |TAMS 0x0000000086700000, 0x0000000086700000| Untracked 
| 104|0x0000000086800000, 0x0000000086800000, 0x0000000086900000|  0%| F|  |TAMS 0x0000000086800000, 0x0000000086800000| Untracked 
| 105|0x0000000086900000, 0x0000000086900000, 0x0000000086a00000|  0%| F|  |TAMS 0x0000000086900000, 0x0000000086900000| Untracked 
| 106|0x0000000086a00000, 0x0000000086a00000, 0x0000000086b00000|  0%| F|  |TAMS 0x0000000086a00000, 0x0000000086a00000| Untracked 
| 107|0x0000000086b00000, 0x0000000086b00000, 0x0000000086c00000|  0%| F|  |TAMS 0x0000000086b00000, 0x0000000086b00000| Untracked 
| 108|0x0000000086c00000, 0x0000000086c00000, 0x0000000086d00000|  0%| F|  |TAMS 0x0000000086c00000, 0x0000000086c00000| Untracked 
| 109|0x0000000086d00000, 0x0000000086d00000, 0x0000000086e00000|  0%| F|  |TAMS 0x0000000086d00000, 0x0000000086d00000| Untracked 
| 110|0x0000000086e00000, 0x0000000086e00000, 0x0000000086f00000|  0%| F|  |TAMS 0x0000000086e00000, 0x0000000086e00000| Untracked 
| 111|0x0000000086f00000, 0x0000000086f00000, 0x0000000087000000|  0%| F|  |TAMS 0x0000000086f00000, 0x0000000086f00000| Untracked 
| 112|0x0000000087000000, 0x0000000087000000, 0x0000000087100000|  0%| F|  |TAMS 0x0000000087000000, 0x0000000087000000| Untracked 
| 113|0x0000000087100000, 0x0000000087100000, 0x0000000087200000|  0%| F|  |TAMS 0x0000000087100000, 0x0000000087100000| Untracked 
| 114|0x0000000087200000, 0x0000000087200000, 0x0000000087300000|  0%| F|  |TAMS 0x0000000087200000, 0x0000000087200000| Untracked 
| 115|0x0000000087300000, 0x0000000087300000, 0x0000000087400000|  0%| F|  |TAMS 0x0000000087300000, 0x0000000087300000| Untracked 
| 116|0x0000000087400000, 0x0000000087400000, 0x0000000087500000|  0%| F|  |TAMS 0x0000000087400000, 0x0000000087400000| Untracked 
| 117|0x0000000087500000, 0x0000000087500000, 0x0000000087600000|  0%| F|  |TAMS 0x0000000087500000, 0x0000000087500000| Untracked 
| 118|0x0000000087600000, 0x0000000087600000, 0x0000000087700000|  0%| F|  |TAMS 0x0000000087600000, 0x0000000087600000| Untracked 
| 119|0x0000000087700000, 0x0000000087700000, 0x0000000087800000|  0%| F|  |TAMS 0x0000000087700000, 0x0000000087700000| Untracked 
| 120|0x0000000087800000, 0x0000000087800000, 0x0000000087900000|  0%| F|  |TAMS 0x0000000087800000, 0x0000000087800000| Untracked 
| 121|0x0000000087900000, 0x0000000087900000, 0x0000000087a00000|  0%| F|  |TAMS 0x0000000087900000, 0x0000000087900000| Untracked 
| 122|0x0000000087a00000, 0x0000000087a00000, 0x0000000087b00000|  0%| F|  |TAMS 0x0000000087a00000, 0x0000000087a00000| Untracked 
| 123|0x0000000087b00000, 0x0000000087b00000, 0x0000000087c00000|  0%| F|  |TAMS 0x0000000087b00000, 0x0000000087b00000| Untracked 
| 124|0x0000000087c00000, 0x0000000087c00000, 0x0000000087d00000|  0%| F|  |TAMS 0x0000000087c00000, 0x0000000087c00000| Untracked 
| 125|0x0000000087d00000, 0x0000000087d00000, 0x0000000087e00000|  0%| F|  |TAMS 0x0000000087d00000, 0x0000000087d00000| Untracked 
| 126|0x0000000087e00000, 0x0000000087e00000, 0x0000000087f00000|  0%| F|  |TAMS 0x0000000087e00000, 0x0000000087e00000| Untracked 
| 127|0x0000000087f00000, 0x0000000087f00000, 0x0000000088000000|  0%| F|  |TAMS 0x0000000087f00000, 0x0000000087f00000| Untracked 
| 128|0x0000000088000000, 0x0000000088000000, 0x0000000088100000|  0%| F|  |TAMS 0x0000000088000000, 0x0000000088000000| Untracked 
| 129|0x0000000088100000, 0x0000000088100000, 0x0000000088200000|  0%| F|  |TAMS 0x0000000088100000, 0x0000000088100000| Untracked 
| 130|0x0000000088200000, 0x0000000088200000, 0x0000000088300000|  0%| F|  |TAMS 0x0000000088200000, 0x0000000088200000| Untracked 
| 131|0x0000000088300000, 0x0000000088300000, 0x0000000088400000|  0%| F|  |TAMS 0x0000000088300000, 0x0000000088300000| Untracked 
| 132|0x0000000088400000, 0x0000000088400000, 0x0000000088500000|  0%| F|  |TAMS 0x0000000088400000, 0x0000000088400000| Untracked 
| 133|0x0000000088500000, 0x0000000088500000, 0x0000000088600000|  0%| F|  |TAMS 0x0000000088500000, 0x0000000088500000| Untracked 
| 134|0x0000000088600000, 0x0000000088600000, 0x0000000088700000|  0%| F|  |TAMS 0x0000000088600000, 0x0000000088600000| Untracked 
| 135|0x0000000088700000, 0x0000000088700000, 0x0000000088800000|  0%| F|  |TAMS 0x0000000088700000, 0x0000000088700000| Untracked 
| 136|0x0000000088800000, 0x0000000088800000, 0x0000000088900000|  0%| F|  |TAMS 0x0000000088800000, 0x0000000088800000| Untracked 
| 137|0x0000000088900000, 0x0000000088900000, 0x0000000088a00000|  0%| F|  |TAMS 0x0000000088900000, 0x0000000088900000| Untracked 
| 138|0x0000000088a00000, 0x0000000088a7d6c0, 0x0000000088b00000| 48%| S|CS|TAMS 0x0000000088a00000, 0x0000000088a00000| Complete 
| 139|0x0000000088b00000, 0x0000000088c00000, 0x0000000088c00000|100%| S|CS|TAMS 0x0000000088b00000, 0x0000000088b00000| Complete 
| 140|0x0000000088c00000, 0x0000000088d00000, 0x0000000088d00000|100%| S|CS|TAMS 0x0000000088c00000, 0x0000000088c00000| Complete 
| 141|0x0000000088d00000, 0x0000000088e00000, 0x0000000088e00000|100%| S|CS|TAMS 0x0000000088d00000, 0x0000000088d00000| Complete 
| 142|0x0000000088e00000, 0x0000000088f00000, 0x0000000088f00000|100%| S|CS|TAMS 0x0000000088e00000, 0x0000000088e00000| Complete 
| 143|0x0000000088f00000, 0x0000000089000000, 0x0000000089000000|100%| S|CS|TAMS 0x0000000088f00000, 0x0000000088f00000| Complete 
| 144|0x0000000089000000, 0x0000000089100000, 0x0000000089100000|100%| S|CS|TAMS 0x0000000089000000, 0x0000000089000000| Complete 
| 145|0x0000000089100000, 0x0000000089200000, 0x0000000089200000|100%| S|CS|TAMS 0x0000000089100000, 0x0000000089100000| Complete 
| 146|0x0000000089200000, 0x0000000089300000, 0x0000000089300000|100%| S|CS|TAMS 0x0000000089200000, 0x0000000089200000| Complete 
| 147|0x0000000089300000, 0x0000000089300000, 0x0000000089400000|  0%| F|  |TAMS 0x0000000089300000, 0x0000000089300000| Untracked 
| 148|0x0000000089400000, 0x0000000089400000, 0x0000000089500000|  0%| F|  |TAMS 0x0000000089400000, 0x0000000089400000| Untracked 
| 149|0x0000000089500000, 0x0000000089500000, 0x0000000089600000|  0%| F|  |TAMS 0x0000000089500000, 0x0000000089500000| Untracked 
| 150|0x0000000089600000, 0x0000000089600000, 0x0000000089700000|  0%| F|  |TAMS 0x0000000089600000, 0x0000000089600000| Untracked 
| 151|0x0000000089700000, 0x0000000089700000, 0x0000000089800000|  0%| F|  |TAMS 0x0000000089700000, 0x0000000089700000| Untracked 
| 152|0x0000000089800000, 0x0000000089800000, 0x0000000089900000|  0%| F|  |TAMS 0x0000000089800000, 0x0000000089800000| Untracked 
| 153|0x0000000089900000, 0x0000000089900000, 0x0000000089a00000|  0%| F|  |TAMS 0x0000000089900000, 0x0000000089900000| Untracked 
| 154|0x0000000089a00000, 0x0000000089a00000, 0x0000000089b00000|  0%| F|  |TAMS 0x0000000089a00000, 0x0000000089a00000| Untracked 
| 155|0x0000000089b00000, 0x0000000089c00000, 0x0000000089c00000|100%| S|CS|TAMS 0x0000000089b00000, 0x0000000089b00000| Complete 
| 156|0x0000000089c00000, 0x0000000089d00000, 0x0000000089d00000|100%| S|CS|TAMS 0x0000000089c00000, 0x0000000089c00000| Complete 
| 157|0x0000000089d00000, 0x0000000089e00000, 0x0000000089e00000|100%| S|CS|TAMS 0x0000000089d00000, 0x0000000089d00000| Complete 
| 158|0x0000000089e00000, 0x0000000089e00000, 0x0000000089f00000|  0%| F|  |TAMS 0x0000000089e00000, 0x0000000089e00000| Untracked 
| 159|0x0000000089f00000, 0x0000000089f00000, 0x000000008a000000|  0%| F|  |TAMS 0x0000000089f00000, 0x0000000089f00000| Untracked 
| 160|0x000000008a000000, 0x000000008a000000, 0x000000008a100000|  0%| F|  |TAMS 0x000000008a000000, 0x000000008a000000| Untracked 
| 161|0x000000008a100000, 0x000000008a100000, 0x000000008a200000|  0%| F|  |TAMS 0x000000008a100000, 0x000000008a100000| Untracked 
| 162|0x000000008a200000, 0x000000008a200000, 0x000000008a300000|  0%| F|  |TAMS 0x000000008a200000, 0x000000008a200000| Untracked 
| 163|0x000000008a300000, 0x000000008a300000, 0x000000008a400000|  0%| F|  |TAMS 0x000000008a300000, 0x000000008a300000| Untracked 
| 164|0x000000008a400000, 0x000000008a400000, 0x000000008a500000|  0%| F|  |TAMS 0x000000008a400000, 0x000000008a400000| Untracked 
| 165|0x000000008a500000, 0x000000008a500000, 0x000000008a600000|  0%| F|  |TAMS 0x000000008a500000, 0x000000008a500000| Untracked 
| 166|0x000000008a600000, 0x000000008a600000, 0x000000008a700000|  0%| F|  |TAMS 0x000000008a600000, 0x000000008a600000| Untracked 
| 167|0x000000008a700000, 0x000000008a708b38, 0x000000008a800000|  3%| E|  |TAMS 0x000000008a700000, 0x000000008a700000| Complete 
| 168|0x000000008a800000, 0x000000008a900000, 0x000000008a900000|100%| E|CS|TAMS 0x000000008a800000, 0x000000008a800000| Complete 
| 169|0x000000008a900000, 0x000000008aa00000, 0x000000008aa00000|100%| E|  |TAMS 0x000000008a900000, 0x000000008a900000| Complete 
| 170|0x000000008aa00000, 0x000000008ab00000, 0x000000008ab00000|100%| E|CS|TAMS 0x000000008aa00000, 0x000000008aa00000| Complete 
| 171|0x000000008ab00000, 0x000000008ac00000, 0x000000008ac00000|100%| E|CS|TAMS 0x000000008ab00000, 0x000000008ab00000| Complete 
| 172|0x000000008ac00000, 0x000000008ad00000, 0x000000008ad00000|100%| E|CS|TAMS 0x000000008ac00000, 0x000000008ac00000| Complete 
| 173|0x000000008ad00000, 0x000000008ae00000, 0x000000008ae00000|100%| E|CS|TAMS 0x000000008ad00000, 0x000000008ad00000| Complete 
| 174|0x000000008ae00000, 0x000000008af00000, 0x000000008af00000|100%| E|CS|TAMS 0x000000008ae00000, 0x000000008ae00000| Complete 
| 175|0x000000008af00000, 0x000000008b000000, 0x000000008b000000|100%| E|CS|TAMS 0x000000008af00000, 0x000000008af00000| Complete 
| 176|0x000000008b000000, 0x000000008b100000, 0x000000008b100000|100%| E|CS|TAMS 0x000000008b000000, 0x000000008b000000| Complete 
| 177|0x000000008b100000, 0x000000008b200000, 0x000000008b200000|100%| E|CS|TAMS 0x000000008b100000, 0x000000008b100000| Complete 
| 178|0x000000008b200000, 0x000000008b300000, 0x000000008b300000|100%| E|CS|TAMS 0x000000008b200000, 0x000000008b200000| Complete 
| 179|0x000000008b300000, 0x000000008b400000, 0x000000008b400000|100%| E|CS|TAMS 0x000000008b300000, 0x000000008b300000| Complete 
| 180|0x000000008b400000, 0x000000008b500000, 0x000000008b500000|100%| E|CS|TAMS 0x000000008b400000, 0x000000008b400000| Complete 
| 181|0x000000008b500000, 0x000000008b600000, 0x000000008b600000|100%| E|CS|TAMS 0x000000008b500000, 0x000000008b500000| Complete 
| 182|0x000000008b600000, 0x000000008b700000, 0x000000008b700000|100%| E|CS|TAMS 0x000000008b600000, 0x000000008b600000| Complete 
| 183|0x000000008b700000, 0x000000008b800000, 0x000000008b800000|100%| E|CS|TAMS 0x000000008b700000, 0x000000008b700000| Complete 
| 184|0x000000008b800000, 0x000000008b900000, 0x000000008b900000|100%| E|CS|TAMS 0x000000008b800000, 0x000000008b800000| Complete 
| 185|0x000000008b900000, 0x000000008ba00000, 0x000000008ba00000|100%| E|CS|TAMS 0x000000008b900000, 0x000000008b900000| Complete 
| 186|0x000000008ba00000, 0x000000008bb00000, 0x000000008bb00000|100%| E|CS|TAMS 0x000000008ba00000, 0x000000008ba00000| Complete 
| 187|0x000000008bb00000, 0x000000008bc00000, 0x000000008bc00000|100%| E|CS|TAMS 0x000000008bb00000, 0x000000008bb00000| Complete 
| 188|0x000000008bc00000, 0x000000008bd00000, 0x000000008bd00000|100%| E|CS|TAMS 0x000000008bc00000, 0x000000008bc00000| Complete 
| 189|0x000000008bd00000, 0x000000008be00000, 0x000000008be00000|100%| E|CS|TAMS 0x000000008bd00000, 0x000000008bd00000| Complete 
| 190|0x000000008be00000, 0x000000008bf00000, 0x000000008bf00000|100%| E|CS|TAMS 0x000000008be00000, 0x000000008be00000| Complete 
| 191|0x000000008bf00000, 0x000000008c000000, 0x000000008c000000|100%| E|CS|TAMS 0x000000008bf00000, 0x000000008bf00000| Complete 
| 192|0x000000008c000000, 0x000000008c100000, 0x000000008c100000|100%| E|CS|TAMS 0x000000008c000000, 0x000000008c000000| Complete 
| 193|0x000000008c100000, 0x000000008c200000, 0x000000008c200000|100%| E|CS|TAMS 0x000000008c100000, 0x000000008c100000| Complete 
| 194|0x000000008c200000, 0x000000008c300000, 0x000000008c300000|100%| E|CS|TAMS 0x000000008c200000, 0x000000008c200000| Complete 
| 195|0x000000008c300000, 0x000000008c400000, 0x000000008c400000|100%| E|CS|TAMS 0x000000008c300000, 0x000000008c300000| Complete 
| 196|0x000000008c400000, 0x000000008c500000, 0x000000008c500000|100%| E|CS|TAMS 0x000000008c400000, 0x000000008c400000| Complete 
| 197|0x000000008c500000, 0x000000008c600000, 0x000000008c600000|100%| E|CS|TAMS 0x000000008c500000, 0x000000008c500000| Complete 
| 198|0x000000008c600000, 0x000000008c700000, 0x000000008c700000|100%| E|CS|TAMS 0x000000008c600000, 0x000000008c600000| Complete 
| 199|0x000000008c700000, 0x000000008c800000, 0x000000008c800000|100%| E|CS|TAMS 0x000000008c700000, 0x000000008c700000| Complete 
| 200|0x000000008c800000, 0x000000008c900000, 0x000000008c900000|100%| E|CS|TAMS 0x000000008c800000, 0x000000008c800000| Complete 
| 201|0x000000008c900000, 0x000000008ca00000, 0x000000008ca00000|100%| E|CS|TAMS 0x000000008c900000, 0x000000008c900000| Complete 
| 202|0x000000008ca00000, 0x000000008cb00000, 0x000000008cb00000|100%| E|CS|TAMS 0x000000008ca00000, 0x000000008ca00000| Complete 
| 203|0x000000008cb00000, 0x000000008cc00000, 0x000000008cc00000|100%| E|CS|TAMS 0x000000008cb00000, 0x000000008cb00000| Complete 
| 204|0x000000008cc00000, 0x000000008cd00000, 0x000000008cd00000|100%| E|CS|TAMS 0x000000008cc00000, 0x000000008cc00000| Complete 
| 205|0x000000008cd00000, 0x000000008ce00000, 0x000000008ce00000|100%| E|CS|TAMS 0x000000008cd00000, 0x000000008cd00000| Complete 
| 206|0x000000008ce00000, 0x000000008cf00000, 0x000000008cf00000|100%| E|CS|TAMS 0x000000008ce00000, 0x000000008ce00000| Complete 
| 207|0x000000008cf00000, 0x000000008d000000, 0x000000008d000000|100%| E|CS|TAMS 0x000000008cf00000, 0x000000008cf00000| Complete 
| 208|0x000000008d000000, 0x000000008d100000, 0x000000008d100000|100%| E|CS|TAMS 0x000000008d000000, 0x000000008d000000| Complete 
| 209|0x000000008d100000, 0x000000008d200000, 0x000000008d200000|100%| E|CS|TAMS 0x000000008d100000, 0x000000008d100000| Complete 
| 210|0x000000008d200000, 0x000000008d300000, 0x000000008d300000|100%| E|CS|TAMS 0x000000008d200000, 0x000000008d200000| Complete 
| 211|0x000000008d300000, 0x000000008d400000, 0x000000008d400000|100%| E|CS|TAMS 0x000000008d300000, 0x000000008d300000| Complete 
| 212|0x000000008d400000, 0x000000008d500000, 0x000000008d500000|100%| E|CS|TAMS 0x000000008d400000, 0x000000008d400000| Complete 
| 213|0x000000008d500000, 0x000000008d600000, 0x000000008d600000|100%| E|CS|TAMS 0x000000008d500000, 0x000000008d500000| Complete 
| 214|0x000000008d600000, 0x000000008d700000, 0x000000008d700000|100%| E|CS|TAMS 0x000000008d600000, 0x000000008d600000| Complete 
| 215|0x000000008d700000, 0x000000008d800000, 0x000000008d800000|100%| E|CS|TAMS 0x000000008d700000, 0x000000008d700000| Complete 
| 216|0x000000008d800000, 0x000000008d900000, 0x000000008d900000|100%| E|CS|TAMS 0x000000008d800000, 0x000000008d800000| Complete 
| 217|0x000000008d900000, 0x000000008da00000, 0x000000008da00000|100%| E|CS|TAMS 0x000000008d900000, 0x000000008d900000| Complete 
| 218|0x000000008da00000, 0x000000008db00000, 0x000000008db00000|100%| E|CS|TAMS 0x000000008da00000, 0x000000008da00000| Complete 
| 219|0x000000008db00000, 0x000000008dc00000, 0x000000008dc00000|100%| E|CS|TAMS 0x000000008db00000, 0x000000008db00000| Complete 
| 220|0x000000008dc00000, 0x000000008dd00000, 0x000000008dd00000|100%| E|CS|TAMS 0x000000008dc00000, 0x000000008dc00000| Complete 
| 221|0x000000008dd00000, 0x000000008de00000, 0x000000008de00000|100%| E|CS|TAMS 0x000000008dd00000, 0x000000008dd00000| Complete 
| 222|0x000000008de00000, 0x000000008df00000, 0x000000008df00000|100%| E|CS|TAMS 0x000000008de00000, 0x000000008de00000| Complete 
| 223|0x000000008df00000, 0x000000008e000000, 0x000000008e000000|100%| E|CS|TAMS 0x000000008df00000, 0x000000008df00000| Complete 
| 224|0x000000008e000000, 0x000000008e100000, 0x000000008e100000|100%| E|CS|TAMS 0x000000008e000000, 0x000000008e000000| Complete 
| 225|0x000000008e100000, 0x000000008e200000, 0x000000008e200000|100%| E|CS|TAMS 0x000000008e100000, 0x000000008e100000| Complete 
| 226|0x000000008e200000, 0x000000008e300000, 0x000000008e300000|100%| E|CS|TAMS 0x000000008e200000, 0x000000008e200000| Complete 
| 227|0x000000008e300000, 0x000000008e400000, 0x000000008e400000|100%| E|CS|TAMS 0x000000008e300000, 0x000000008e300000| Complete 
| 228|0x000000008e400000, 0x000000008e500000, 0x000000008e500000|100%| E|CS|TAMS 0x000000008e400000, 0x000000008e400000| Complete 
| 229|0x000000008e500000, 0x000000008e600000, 0x000000008e600000|100%| E|CS|TAMS 0x000000008e500000, 0x000000008e500000| Complete 
| 230|0x000000008e600000, 0x000000008e700000, 0x000000008e700000|100%| E|CS|TAMS 0x000000008e600000, 0x000000008e600000| Complete 
| 231|0x000000008e700000, 0x000000008e800000, 0x000000008e800000|100%| E|CS|TAMS 0x000000008e700000, 0x000000008e700000| Complete 
| 232|0x000000008e800000, 0x000000008e900000, 0x000000008e900000|100%| E|CS|TAMS 0x000000008e800000, 0x000000008e800000| Complete 
| 233|0x000000008e900000, 0x000000008ea00000, 0x000000008ea00000|100%| E|CS|TAMS 0x000000008e900000, 0x000000008e900000| Complete 
| 234|0x000000008ea00000, 0x000000008eb00000, 0x000000008eb00000|100%| E|CS|TAMS 0x000000008ea00000, 0x000000008ea00000| Complete 
| 235|0x000000008eb00000, 0x000000008ec00000, 0x000000008ec00000|100%| E|CS|TAMS 0x000000008eb00000, 0x000000008eb00000| Complete 
| 236|0x000000008ec00000, 0x000000008ed00000, 0x000000008ed00000|100%| E|CS|TAMS 0x000000008ec00000, 0x000000008ec00000| Complete 
| 237|0x000000008ed00000, 0x000000008ee00000, 0x000000008ee00000|100%| E|CS|TAMS 0x000000008ed00000, 0x000000008ed00000| Complete 
| 238|0x000000008ee00000, 0x000000008ef00000, 0x000000008ef00000|100%| E|CS|TAMS 0x000000008ee00000, 0x000000008ee00000| Complete 
| 239|0x000000008ef00000, 0x000000008f000000, 0x000000008f000000|100%| E|CS|TAMS 0x000000008ef00000, 0x000000008ef00000| Complete 
| 240|0x000000008f000000, 0x000000008f100000, 0x000000008f100000|100%| E|CS|TAMS 0x000000008f000000, 0x000000008f000000| Complete 
| 241|0x000000008f100000, 0x000000008f200000, 0x000000008f200000|100%| E|CS|TAMS 0x000000008f100000, 0x000000008f100000| Complete 
| 242|0x000000008f200000, 0x000000008f300000, 0x000000008f300000|100%| E|CS|TAMS 0x000000008f200000, 0x000000008f200000| Complete 
| 243|0x000000008f300000, 0x000000008f400000, 0x000000008f400000|100%| E|CS|TAMS 0x000000008f300000, 0x000000008f300000| Complete 
| 244|0x000000008f400000, 0x000000008f500000, 0x000000008f500000|100%| E|CS|TAMS 0x000000008f400000, 0x000000008f400000| Complete 
| 245|0x000000008f500000, 0x000000008f600000, 0x000000008f600000|100%| E|CS|TAMS 0x000000008f500000, 0x000000008f500000| Complete 
| 246|0x000000008f600000, 0x000000008f700000, 0x000000008f700000|100%| E|CS|TAMS 0x000000008f600000, 0x000000008f600000| Complete 
| 247|0x000000008f700000, 0x000000008f800000, 0x000000008f800000|100%| E|CS|TAMS 0x000000008f700000, 0x000000008f700000| Complete 
| 248|0x000000008f800000, 0x000000008f900000, 0x000000008f900000|100%| E|CS|TAMS 0x000000008f800000, 0x000000008f800000| Complete 
| 249|0x000000008f900000, 0x000000008fa00000, 0x000000008fa00000|100%| E|CS|TAMS 0x000000008f900000, 0x000000008f900000| Complete 
| 250|0x000000008fa00000, 0x000000008fb00000, 0x000000008fb00000|100%| E|CS|TAMS 0x000000008fa00000, 0x000000008fa00000| Complete 
| 251|0x000000008fb00000, 0x000000008fc00000, 0x000000008fc00000|100%| E|CS|TAMS 0x000000008fb00000, 0x000000008fb00000| Complete 
| 252|0x000000008fc00000, 0x000000008fd00000, 0x000000008fd00000|100%| E|CS|TAMS 0x000000008fc00000, 0x000000008fc00000| Complete 
| 253|0x000000008fd00000, 0x000000008fe00000, 0x000000008fe00000|100%| E|CS|TAMS 0x000000008fd00000, 0x000000008fd00000| Complete 

Card table byte_map: [0x000001afed290000,0x000001afed690000] _byte_map_base: 0x000001afece90000

Marking Bits (Prev, Next): (CMBitMap*) 0x000001afd7c1f418, (CMBitMap*) 0x000001afd7c1f450
 Prev Bits: [0x000001afeda90000, 0x000001afefa90000)
 Next Bits: [0x000001afefa90000, 0x000001aff1a90000)

Polling page: 0x000001afd7cc0000

Metaspace:

Usage:
  Non-class:     82.88 MB capacity,    81.06 MB ( 98%) used,     1.49 MB (  2%) free+waste,   337.13 KB ( <1%) overhead. 
      Class:     13.25 MB capacity,    12.10 MB ( 91%) used,  1019.50 KB (  8%) free+waste,   156.75 KB (  1%) overhead. 
       Both:     96.13 MB capacity,    93.16 MB ( 97%) used,     2.48 MB (  3%) free+waste,   493.88 KB ( <1%) overhead. 

Virtual space:
  Non-class space:       84.00 MB reserved,      83.12 MB ( 99%) committed 
      Class space:        1.00 GB reserved,      13.38 MB (  1%) committed 
             Both:        1.08 GB reserved,      96.50 MB (  9%) committed 

Chunk freelists:
   Non-Class:  60.00 KB
       Class:  30.00 KB
        Both:  90.00 KB

MaxMetaspaceSize: 17179869184.00 GB
CompressedClassSpaceSize: 1.00 GB

CodeHeap 'non-profiled nmethods': size=119168Kb used=7620Kb max_used=7620Kb free=111547Kb
 bounds [0x000001afe4a70000, 0x000001afe51f0000, 0x000001afebed0000]
CodeHeap 'profiled nmethods': size=119168Kb used=27686Kb max_used=27686Kb free=91481Kb
 bounds [0x000001afdd610000, 0x000001afdf120000, 0x000001afe4a70000]
CodeHeap 'non-nmethods': size=7424Kb used=4004Kb max_used=4047Kb free=3420Kb
 bounds [0x000001afdced0000, 0x000001afdd360000, 0x000001afdd610000]
 total_blobs=13338 nmethods=12406 adapters=838
 compilation: enabled
              stopped_count=0, restarted_count=0
 full_count=0

Compilation events (20 events):
Event: 21.462 Thread 0x000001aff4b0f800 nmethod 12413 0x000001afdf108c90 code [0x000001afdf108e40, 0x000001afdf109008]
Event: 21.464 Thread 0x000001affd1a4000 12414       3       org.gradle.api.internal.changedetection.state.SplitResourceSnapshotterCacheService::hashFile (47 bytes)
Event: 21.464 Thread 0x000001affd1a4000 nmethod 12414 0x000001afdf109110 code [0x000001afdf109320, 0x000001afdf1098a8]
Event: 21.466 Thread 0x000001aff53d9800 12415       3       org.gradle.api.DefaultTask::getProject (5 bytes)
Event: 21.466 Thread 0x000001affd1a3800 12416       3       org.gradle.api.internal.AbstractTask::getProject (9 bytes)
Event: 21.466 Thread 0x000001aff4b0f800 12417       3       org.gradle.api.internal.AbstractTask::notifyProjectAccess (23 bytes)
Event: 21.466 Thread 0x000001affd1a4000 12418       3       org.gradle.api.internal.tasks.properties.AbstractValidatingProperty::<init> (26 bytes)
Event: 21.466 Thread 0x000001affd1a4000 nmethod 12418 0x000001afdf109b10 code [0x000001afdf109cc0, 0x000001afdf109f38]
Event: 21.467 Thread 0x000001affd1a4000 12419       3       org.gradle.api.internal.file.AbstractFileTree::<init> (6 bytes)
Event: 21.467 Thread 0x000001aff4b0f800 nmethod 12417 0x000001afdf10a010 code [0x000001afdf10a280, 0x000001afdf10acc8]
Event: 21.467 Thread 0x000001affd1a4000 nmethod 12419 0x000001afdf10b010 code [0x000001afdf10b1c0, 0x000001afdf10b3d8]
Event: 21.467 Thread 0x000001aff53d9800 nmethod 12415 0x000001afdf10b510 code [0x000001afdf10b7a0, 0x000001afdf10c2a8]
Event: 21.467 Thread 0x000001affd1a3800 nmethod 12416 0x000001afdf10c610 code [0x000001afdf10c8a0, 0x000001afdf10d348]
Event: 21.467 Thread 0x000001affd1a4000 12420       3       org.gradle.api.internal.project.taskfactory.TaskIdentity::hashCode (14 bytes)
Event: 21.467 Thread 0x000001affd1a3800 12421       3       java.util.HashSet::writeObject (75 bytes)
Event: 21.467 Thread 0x000001aff4b0f800 12422       3       java.io.ObjectOutputStream::writeFloat (9 bytes)
Event: 21.467 Thread 0x000001aff53d9800 12423       3       java.io.ObjectOutputStream$BlockDataOutputStream::writeFloat (46 bytes)
Event: 21.467 Thread 0x000001affd1a4000 nmethod 12420 0x000001afdf10d690 code [0x000001afdf10d840, 0x000001afdf10d958]
Event: 21.467 Thread 0x000001aff4b0f800 nmethod 12422 0x000001afdf10da10 code [0x000001afdf10dbc0, 0x000001afdf10dd08]
Event: 21.467 Thread 0x000001affd1a4000 12424       3       org.gradle.api.internal.tasks.properties.AbstractValidatingProperty::prepareValue (10 bytes)

GC Heap History (20 events):
Event: 1.370 GC heap before
{Heap before GC invocations=3 (full 0):
 garbage-first heap   total 260096K, used 48309K [0x0000000080000000, 0x0000000100000000)
  region size 1024K, 42 young (43008K), 11 survivors (11264K)
 Metaspace       used 23619K, capacity 24283K, committed 24496K, reserved 1071104K
  class space    used 2994K, capacity 3224K, committed 3328K, reserved 1048576K
}
Event: 1.374 GC heap after
{Heap after GC invocations=4 (full 0):
 garbage-first heap   total 260096K, used 17243K [0x0000000080000000, 0x0000000100000000)
  region size 1024K, 2 young (2048K), 2 survivors (2048K)
 Metaspace       used 23619K, capacity 24283K, committed 24496K, reserved 1071104K
  class space    used 2994K, capacity 3224K, committed 3328K, reserved 1048576K
}
Event: 2.015 GC heap before
{Heap before GC invocations=4 (full 0):
 garbage-first heap   total 260096K, used 97115K [0x0000000080000000, 0x0000000100000000)
  region size 1024K, 81 young (82944K), 2 survivors (2048K)
 Metaspace       used 34857K, capacity 35606K, committed 35708K, reserved 1081344K
  class space    used 4525K, capacity 4832K, committed 4864K, reserved 1048576K
}
Event: 2.021 GC heap after
{Heap after GC invocations=5 (full 0):
 garbage-first heap   total 260096K, used 21477K [0x0000000080000000, 0x0000000100000000)
  region size 1024K, 6 young (6144K), 6 survivors (6144K)
 Metaspace       used 34857K, capacity 35606K, committed 35708K, reserved 1081344K
  class space    used 4525K, capacity 4832K, committed 4864K, reserved 1048576K
}
Event: 2.843 GC heap before
{Heap before GC invocations=6 (full 0):
 garbage-first heap   total 260096K, used 148453K [0x0000000080000000, 0x0000000100000000)
  region size 1024K, 127 young (130048K), 6 survivors (6144K)
 Metaspace       used 44448K, capacity 45509K, committed 45692K, reserved 1089536K
  class space    used 5681K, capacity 6071K, committed 6144K, reserved 1048576K
}
Event: 2.849 GC heap after
{Heap after GC invocations=7 (full 0):
 garbage-first heap   total 260096K, used 28729K [0x0000000080000000, 0x0000000100000000)
  region size 1024K, 13 young (13312K), 13 survivors (13312K)
 Metaspace       used 44448K, capacity 45509K, committed 45692K, reserved 1089536K
  class space    used 5681K, capacity 6071K, committed 6144K, reserved 1048576K
}
Event: 3.849 GC heap before
{Heap before GC invocations=7 (full 0):
 garbage-first heap   total 260096K, used 177209K [0x0000000080000000, 0x0000000100000000)
  region size 1024K, 152 young (155648K), 13 survivors (13312K)
 Metaspace       used 57406K, capacity 58997K, committed 59260K, reserved 1101824K
  class space    used 7208K, capacity 7814K, committed 7936K, reserved 1048576K
}
Event: 3.857 GC heap after
{Heap after GC invocations=8 (full 0):
 garbage-first heap   total 260096K, used 49337K [0x0000000080000000, 0x0000000100000000)
  region size 1024K, 19 young (19456K), 19 survivors (19456K)
 Metaspace       used 57406K, capacity 58997K, committed 59260K, reserved 1101824K
  class space    used 7208K, capacity 7814K, committed 7936K, reserved 1048576K
}
Event: 3.919 GC heap before
{Heap before GC invocations=8 (full 0):
 garbage-first heap   total 260096K, used 56505K [0x0000000080000000, 0x0000000100000000)
  region size 1024K, 27 young (27648K), 19 survivors (19456K)
 Metaspace       used 58282K, capacity 59862K, committed 59940K, reserved 1101824K
  class space    used 7341K, capacity 7927K, committed 7936K, reserved 1048576K
}
Event: 3.934 GC heap after
{Heap after GC invocations=9 (full 0):
 garbage-first heap   total 260096K, used 51352K [0x0000000080000000, 0x0000000100000000)
  region size 1024K, 3 young (3072K), 3 survivors (3072K)
 Metaspace       used 58282K, capacity 59862K, committed 59940K, reserved 1101824K
  class space    used 7341K, capacity 7927K, committed 7936K, reserved 1048576K
}
Event: 4.512 GC heap before
{Heap before GC invocations=10 (full 0):
 garbage-first heap   total 260096K, used 136344K [0x0000000080000000, 0x0000000100000000)
  region size 1024K, 86 young (88064K), 3 survivors (3072K)
 Metaspace       used 66861K, capacity 68603K, committed 68860K, reserved 1110016K
  class space    used 8405K, capacity 9055K, committed 9088K, reserved 1048576K
}
Event: 4.517 GC heap after
{Heap after GC invocations=11 (full 0):
 garbage-first heap   total 260096K, used 55948K [0x0000000080000000, 0x0000000100000000)
  region size 1024K, 7 young (7168K), 7 survivors (7168K)
 Metaspace       used 66861K, capacity 68603K, committed 68860K, reserved 1110016K
  class space    used 8405K, capacity 9055K, committed 9088K, reserved 1048576K
}
Event: 5.324 GC heap before
{Heap before GC invocations=12 (full 0):
 garbage-first heap   total 260096K, used 148108K [0x0000000080000000, 0x0000000100000000)
  region size 1024K, 97 young (99328K), 7 survivors (7168K)
 Metaspace       used 74272K, capacity 76015K, committed 76156K, reserved 1116160K
  class space    used 9508K, capacity 10192K, committed 10240K, reserved 1048576K
}
Event: 5.329 GC heap after
{Heap after GC invocations=13 (full 0):
 garbage-first heap   total 260096K, used 62681K [0x0000000080000000, 0x0000000100000000)
  region size 1024K, 13 young (13312K), 13 survivors (13312K)
 Metaspace       used 74272K, capacity 76015K, committed 76156K, reserved 1116160K
  class space    used 9508K, capacity 10192K, committed 10240K, reserved 1048576K
}
Event: 6.183 GC heap before
{Heap before GC invocations=13 (full 0):
 garbage-first heap   total 260096K, used 157913K [0x0000000080000000, 0x0000000100000000)
  region size 1024K, 107 young (109568K), 13 survivors (13312K)
 Metaspace       used 83733K, capacity 85696K, committed 85884K, reserved 1124352K
  class space    used 10716K, capacity 11491K, committed 11520K, reserved 1048576K
}
Event: 6.192 GC heap after
{Heap after GC invocations=14 (full 0):
 garbage-first heap   total 260096K, used 70540K [0x0000000080000000, 0x0000000100000000)
  region size 1024K, 14 young (14336K), 14 survivors (14336K)
 Metaspace       used 83733K, capacity 85696K, committed 85884K, reserved 1124352K
  class space    used 10716K, capacity 11491K, committed 11520K, reserved 1048576K
}
Event: 6.545 GC heap before
{Heap before GC invocations=14 (full 0):
 garbage-first heap   total 260096K, used 167820K [0x0000000080000000, 0x0000000100000000)
  region size 1024K, 110 young (112640K), 14 survivors (14336K)
 Metaspace       used 86263K, capacity 89027K, committed 89212K, reserved 1126400K
  class space    used 11202K, capacity 12285K, committed 12288K, reserved 1048576K
}
Event: 6.555 GC heap after
{Heap after GC invocations=15 (full 0):
 garbage-first heap   total 260096K, used 78469K [0x0000000080000000, 0x0000000100000000)
  region size 1024K, 8 young (8192K), 8 survivors (8192K)
 Metaspace       used 86263K, capacity 89027K, committed 89212K, reserved 1126400K
  class space    used 11202K, capacity 12285K, committed 12288K, reserved 1048576K
}
Event: 7.128 GC heap before
{Heap before GC invocations=15 (full 0):
 garbage-first heap   total 260096K, used 175749K [0x0000000080000000, 0x0000000100000000)
  region size 1024K, 104 young (106496K), 8 survivors (8192K)
 Metaspace       used 91719K, capacity 94403K, committed 94460K, reserved 1130496K
  class space    used 11856K, capacity 12908K, committed 12928K, reserved 1048576K
}
Event: 7.134 GC heap after
{Heap after GC invocations=16 (full 0):
 garbage-first heap   total 260096K, used 82658K [0x0000000080000000, 0x0000000100000000)
  region size 1024K, 12 young (12288K), 12 survivors (12288K)
 Metaspace       used 91719K, capacity 94403K, committed 94460K, reserved 1130496K
  class space    used 11856K, capacity 12908K, committed 12928K, reserved 1048576K
}

Deoptimization events (20 events):
Event: 21.335 Thread 0x000001affd19c000 Uncommon trap: trap_request=0xffffff4d fr.pc=0x000001afe4d5c3ac relative=0x000000000000022c
Event: 21.335 Thread 0x000001affd19c000 Uncommon trap: reason=unstable_if action=reinterpret pc=0x000001afe4d5c3ac method=com.esotericsoftware.kryo.io.Output.writeString(Ljava/lang/CharSequence;)V @ 50 c2
Event: 21.335 Thread 0x000001affd19c000 DEOPT PACKING pc=0x000001afe4d5c3ac sp=0x000000207edfdd60
Event: 21.335 Thread 0x000001affd19c000 DEOPT UNPACKING pc=0x000001afdcef78af sp=0x000000207edfdce0 mode 2
Event: 21.344 Thread 0x000001aff81c7000 Uncommon trap: trap_request=0xffffff4d fr.pc=0x000001afe50ecd4c relative=0x0000000000004eec
Event: 21.344 Thread 0x000001aff81c7000 Uncommon trap: reason=unstable_if action=reinterpret pc=0x000001afe50ecd4c method=org.gradle.cache.internal.btree.BlockPointer.isNull()Z @ 6 c2
Event: 21.344 Thread 0x000001aff81c7000 DEOPT PACKING pc=0x000001afe50ecd4c sp=0x000000207bbfe680
Event: 21.344 Thread 0x000001aff81c7000 DEOPT UNPACKING pc=0x000001afdcef78af sp=0x000000207bbfe5c8 mode 2
Event: 21.364 Thread 0x000001aff81c4800 DEOPT PACKING pc=0x000001afdf022d44 sp=0x000000207bdfbfb0
Event: 21.364 Thread 0x000001aff81c4800 DEOPT UNPACKING pc=0x000001afdcef76ce sp=0x000000207bdfb550 mode 0
Event: 21.373 Thread 0x000001affd576000 DEOPT PACKING pc=0x000001afdf022d44 sp=0x000000207c5fbf00
Event: 21.373 Thread 0x000001affd576000 DEOPT UNPACKING pc=0x000001afdcef76ce sp=0x000000207c5fb4a0 mode 0
Event: 21.392 Thread 0x000001aff92a5800 DEOPT PACKING pc=0x000001afdf022d44 sp=0x000000207c8fd660
Event: 21.392 Thread 0x000001aff92a5800 DEOPT UNPACKING pc=0x000001afdcef76ce sp=0x000000207c8fcc00 mode 0
Event: 21.398 Thread 0x000001aff81c3800 DEOPT PACKING pc=0x000001afdf022d44 sp=0x000000207bcfda90
Event: 21.398 Thread 0x000001aff81c3800 DEOPT UNPACKING pc=0x000001afdcef76ce sp=0x000000207bcfd030 mode 0
Event: 21.405 Thread 0x000001aff81be000 DEOPT PACKING pc=0x000001afdf0692c6 sp=0x000000207acfe280
Event: 21.405 Thread 0x000001aff81be000 DEOPT UNPACKING pc=0x000001afdcef76ce sp=0x000000207acfd720 mode 0
Event: 21.455 Thread 0x000001aff92a1000 DEOPT PACKING pc=0x000001afdebc3b55 sp=0x000000207c9fdb10
Event: 21.455 Thread 0x000001aff92a1000 DEOPT UNPACKING pc=0x000001afdcef76ce sp=0x000000207c9fd048 mode 0

Classes redefined (0 events):
No events

Internal exceptions (20 events):
Event: 13.991 Thread 0x000001affd501800 Exception <a 'java/lang/NoSuchMethodError'{0x000000008e4a9f30}: 'java.lang.Object java.lang.invoke.DirectMethodHandle$Holder.invokeSpecial(java.lang.Object, java.lang.Object, int, int, java.lang.Object, int, java.lang.Object, java.lang.Object)'> (0x000000008e4a9f30) thrown at [./src/hotspot/share/interpreter/linkResolver.cpp, line 773]
Event: 13.991 Thread 0x000001affd501800 Exception <a 'java/lang/NoSuchMethodError'{0x000000008e4ae2b8}: 'java.lang.Object java.lang.invoke.DelegatingMethodHandle$Holder.reinvoke_L(java.lang.Object, int, int, java.lang.Object, int, java.lang.Object, java.lang.Object)'> (0x000000008e4ae2b8) thrown at [./src/hotspot/share/interpreter/linkResolver.cpp, line 773]
Event: 13.992 Thread 0x000001affd501800 Exception <a 'java/lang/NoSuchMethodError'{0x000000008e4d9320}: 'java.lang.Object java.lang.invoke.DirectMethodHandle$Holder.invokeStatic(java.lang.Object, java.lang.Object, java.lang.Object, java.lang.Object, java.lang.Object, java.lang.Object, java.lang.Object, java.lang.Object, int)'> (0x000000008e4d9320) thrown at [./src/hotspot/share/interpreter/linkResolver.cpp, line 773]
Event: 13.993 Thread 0x000001affd501800 Exception <a 'java/lang/NoSuchMethodError'{0x000000008e4f45c0}: 'java.lang.Object java.lang.invoke.DirectMethodHandle$Holder.invokeStatic(java.lang.Object, java.lang.Object, java.lang.Object, java.lang.Object, java.lang.Object, java.lang.Object, java.lang.Object, java.lang.Object, int, int)'> (0x000000008e4f45c0) thrown at [./src/hotspot/share/interpreter/linkResolver.cpp, line 773]
Event: 13.994 Thread 0x000001affd501800 Exception <a 'java/lang/NoSuchMethodError'{0x000000008e310b20}: 'java.lang.Object java.lang.invoke.DirectMethodHandle$Holder.invokeStatic(java.lang.Object, java.lang.Object, java.lang.Object, java.lang.Object, java.lang.Object, java.lang.Object, java.lang.Object, java.lang.Object, int, int, java.lang.Object)'> (0x000000008e310b20) thrown at [./src/hotspot/share/interpreter/linkResolver.cpp, line 773]
Event: 13.995 Thread 0x000001affd501800 Exception <a 'java/lang/NoSuchMethodError'{0x000000008e32e098}: 'java.lang.Object java.lang.invoke.DirectMethodHandle$Holder.invokeStatic(java.lang.Object, java.lang.Object, java.lang.Object, java.lang.Object, java.lang.Object, java.lang.Object, java.lang.Object, java.lang.Object, int, int, java.lang.Object, java.lang.Object)'> (0x000000008e32e098) thrown at [./src/hotspot/share/interpreter/linkResolver.cpp, line 773]
Event: 14.000 Thread 0x000001affd501800 Exception <a 'java/lang/NoSuchMethodError'{0x000000008e360cb0}: <clinit>> (0x000000008e360cb0) thrown at [./src/hotspot/share/prims/jni.cpp, line 1362]
Event: 14.002 Thread 0x000001affd501800 Exception <a 'java/lang/NoSuchMethodError'{0x000000008e3a1660}: <clinit>> (0x000000008e3a1660) thrown at [./src/hotspot/share/prims/jni.cpp, line 1362]
Event: 14.008 Thread 0x000001affd19f800 Exception <a 'java/lang/InterruptedException'{0x000000008e200000}> (0x000000008e200000) thrown at [./src/hotspot/share/runtime/objectMonitor.cpp, line 1635]
Event: 14.009 Thread 0x000001affd19f800 Exception <a 'java/lang/NoSuchMethodError'{0x000000008e208060}: 'java.lang.Object java.lang.invoke.DirectMethodHandle$Holder.invokeStatic(java.lang.Object, java.lang.Object, int, java.lang.Object, long)'> (0x000000008e208060) thrown at [./src/hotspot/share/interpreter/linkResolver.cpp, line 773]
Event: 14.023 Thread 0x000001affd501800 Exception <a 'java/lang/NoSuchMethodError'{0x000000008e3e1ec0}: <clinit>> (0x000000008e3e1ec0) thrown at [./src/hotspot/share/prims/jni.cpp, line 1362]
Event: 14.023 Thread 0x000001affd501800 Exception <a 'java/lang/NoSuchMethodError'{0x000000008e3f3cb8}: <clinit>> (0x000000008e3f3cb8) thrown at [./src/hotspot/share/prims/jni.cpp, line 1362]
Event: 14.024 Thread 0x000001affd501800 Exception <a 'java/lang/NoSuchMethodError'{0x000000008e222418}: <clinit>> (0x000000008e222418) thrown at [./src/hotspot/share/prims/jni.cpp, line 1362]
Event: 14.028 Thread 0x000001affd501800 Exception <a 'java/lang/NoSuchMethodError'{0x000000008e2438b8}: <clinit>> (0x000000008e2438b8) thrown at [./src/hotspot/share/prims/jni.cpp, line 1362]
Event: 14.043 Thread 0x000001affd501800 Exception <a 'java/lang/NoSuchMethodError'{0x000000008e1eddf8}: <clinit>> (0x000000008e1eddf8) thrown at [./src/hotspot/share/prims/jni.cpp, line 1362]
Event: 14.082 Thread 0x000001affd19d000 Exception <a 'java/lang/NoSuchMethodError'{0x000000008de436c8}: 'java.lang.Object java.lang.invoke.DirectMethodHandle$Holder.invokeStatic(java.lang.Object, java.lang.Object, java.lang.Object, java.lang.Object, java.lang.Object, java.lang.Object, java.lang.Object, java.lang.Object, java.lang.Object, java.lang.Object, java.lang.Object, java.lang.Object, java.lang.Object, int)'> (0x000000008de436c8) thrown at [./src/hotspot/share/interpreter/linkResolver.cpp, line 773]
Event: 14.083 Thread 0x000001affd19d000 Exception <a 'java/lang/NoSuchMethodError'{0x000000008de50290}: 'java.lang.Object java.lang.invoke.DirectMethodHandle$Holder.invokeStatic(java.lang.Object, java.lang.Object, java.lang.Object, java.lang.Object, java.lang.Object, java.lang.Object, java.lang.Object, java.lang.Object, java.lang.Object, java.lang.Object, java.lang.Object, java.lang.Object, java.lang.Object, int, int)'> (0x000000008de50290) thrown at [./src/hotspot/share/interpreter/linkResolver.cpp, line 773]
Event: 21.330 Thread 0x000001affd501800 Exception <a 'java/lang/NoSuchMethodError'{0x000000008ddf8a00}: 'void java.lang.invoke.DirectMethodHandle$Holder.invokeStatic(java.lang.Object, java.lang.Object, java.lang.Object, java.lang.Object, java.lang.Object, java.lang.Object, java.lang.Object)'> (0x000000008ddf8a00) thrown at [./src/hotspot/share/interpreter/linkResolver.cpp, line 773]
Event: 21.339 Thread 0x000001aff836a800 Exception <a 'java/lang/NoSuchMethodError'{0x000000008dbff0f0}: <clinit>> (0x000000008dbff0f0) thrown at [./src/hotspot/share/prims/jni.cpp, line 1362]
Event: 21.349 Thread 0x000001aff836a800 Exception <a 'java/lang/NoSuchMethodError'{0x000000008da23788}: <clinit>> (0x000000008da23788) thrown at [./src/hotspot/share/prims/jni.cpp, line 1362]

Events (20 events):
Event: 21.346 loading class org/gradle/internal/execution/UnitOfWork$Identity
Event: 21.346 loading class org/gradle/internal/execution/UnitOfWork$Identity done
Event: 21.346 loading class org/gradle/cache/internal/AsyncCacheAccessDecoratedCache
Event: 21.346 loading class org/gradle/cache/internal/AsyncCacheAccessDecoratedCache done
Event: 21.347 loading class org/gradle/internal/execution/steps/SkipEmptyWorkStep$1
Event: 21.347 loading class org/gradle/internal/execution/steps/SkipEmptyWorkStep$1 done
Event: 21.347 loading class org/gradle/cache/internal/btree/BTreePersistentIndexedCache
Event: 21.347 loading class org/gradle/cache/internal/btree/BTreePersistentIndexedCache done
Event: 21.347 loading class org/gradle/cache/internal/btree/BTreePersistentIndexedCache
Event: 21.347 loading class org/gradle/cache/internal/btree/BTreePersistentIndexedCache done
Event: 21.347 loading class org/gradle/internal/execution/steps/SkipEmptyWorkStep$1$1
Event: 21.347 loading class org/gradle/internal/execution/steps/SkipEmptyWorkStep$1$1 done
Event: 21.348 loading class org/gradle/tooling/events/task/internal/DefaultTaskSkippedResult
Event: 21.348 loading class org/gradle/tooling/events/task/internal/DefaultTaskSkippedResult done
Event: 21.357 Thread 0x000001affd1a6000 Thread added: 0x000001affd1a6000
Event: 21.358 Thread 0x000001affd1a0000 Thread added: 0x000001affd1a0000
Event: 21.358 Thread 0x000001affd1a3800 Thread added: 0x000001affd1a3800
Event: 21.358 Thread 0x000001affd1a4000 Thread added: 0x000001affd1a4000
Event: 21.449 Executing VM operation: ICBufferFull
Event: 21.449 Executing VM operation: ICBufferFull done


Dynamic libraries:
0x00007ff642860000 - 0x00007ff64286a000 	C:\Program Files\Android\Android Studio\jre\bin\java.exe
0x00007ffeadf70000 - 0x00007ffeae165000 	C:\Windows\SYSTEM32\ntdll.dll
0x00007ffead190000 - 0x00007ffead24e000 	C:\Windows\System32\KERNEL32.DLL
0x00007ffeab770000 - 0x00007ffeaba38000 	C:\Windows\System32\KERNELBASE.dll
0x00007ffeabcc0000 - 0x00007ffeabdc0000 	C:\Windows\System32\ucrtbase.dll
0x00007ffea80b0000 - 0x00007ffea80c7000 	C:\Program Files\Android\Android Studio\jre\bin\VCRUNTIME140.dll
0x00007ffe97aa0000 - 0x00007ffe97ab9000 	C:\Program Files\Android\Android Studio\jre\bin\jli.dll
0x00007ffeacec0000 - 0x00007ffead061000 	C:\Windows\System32\USER32.dll
0x00007ffeaaa50000 - 0x00007ffeaacea000 	C:\Windows\WinSxS\amd64_microsoft.windows.common-controls_6595b64144ccf1df_6.0.19041.1110_none_60b5254171f9507e\COMCTL32.dll
0x00007ffeac800000 - 0x00007ffeac89e000 	C:\Windows\System32\msvcrt.dll
0x00007ffeabf80000 - 0x00007ffeabfa2000 	C:\Windows\System32\win32u.dll
0x00007ffeac530000 - 0x00007ffeac55b000 	C:\Windows\System32\GDI32.dll
0x00007ffeabdc0000 - 0x00007ffeabecd000 	C:\Windows\System32\gdi32full.dll
0x00007ffeabc20000 - 0x00007ffeabcbd000 	C:\Windows\System32\msvcp_win.dll
0x00007ffeace90000 - 0x00007ffeacec0000 	C:\Windows\System32\IMM32.DLL
0x00007ffe8f010000 - 0x00007ffe8f0ad000 	C:\Program Files\Android\Android Studio\jre\bin\msvcp140.dll
0x00007ffe3b6b0000 - 0x00007ffe3c17f000 	C:\Program Files\Android\Android Studio\jre\bin\server\jvm.dll
0x00007ffead0e0000 - 0x00007ffead18e000 	C:\Windows\System32\ADVAPI32.dll
0x00007ffeac390000 - 0x00007ffeac42c000 	C:\Windows\System32\sechost.dll
0x00007ffeacc60000 - 0x00007ffeacd85000 	C:\Windows\System32\RPCRT4.dll
0x00007ffeac450000 - 0x00007ffeac458000 	C:\Windows\System32\PSAPI.DLL
0x00007ffe9d980000 - 0x00007ffe9d989000 	C:\Windows\SYSTEM32\WSOCK32.dll
0x00007ffea8410000 - 0x00007ffea841a000 	C:\Windows\SYSTEM32\VERSION.dll
0x00007ffea0d20000 - 0x00007ffea0d47000 	C:\Windows\SYSTEM32\WINMM.dll
0x00007ffeac790000 - 0x00007ffeac7fb000 	C:\Windows\System32\WS2_32.dll
0x00007ffea87b0000 - 0x00007ffea87c2000 	C:\Windows\SYSTEM32\kernel.appcore.dll
0x00007ffe97b30000 - 0x00007ffe97b41000 	C:\Program Files\Android\Android Studio\jre\bin\verify.dll
0x00007ffeab0f0000 - 0x00007ffeab2d4000 	C:\Windows\SYSTEM32\DBGHELP.DLL
0x00007ffeaae50000 - 0x00007ffeaae7c000 	C:\Windows\SYSTEM32\dbgcore.DLL
0x00007ffeab680000 - 0x00007ffeab702000 	C:\Windows\System32\bcryptPrimitives.dll
0x00007ffe977b0000 - 0x00007ffe977d9000 	C:\Program Files\Android\Android Studio\jre\bin\java.dll
0x00007ffe9e890000 - 0x00007ffe9e89b000 	C:\Program Files\Android\Android Studio\jre\bin\jimage.dll
0x00007ffe97230000 - 0x00007ffe97248000 	C:\Program Files\Android\Android Studio\jre\bin\zip.dll
0x00007ffead730000 - 0x00007ffeade74000 	C:\Windows\System32\SHELL32.dll
0x00007ffea8ab0000 - 0x00007ffea9245000 	C:\Windows\SYSTEM32\windows.storage.dll
0x00007ffeac900000 - 0x00007ffeacc55000 	C:\Windows\System32\combase.dll
0x00007ffeaa9e0000 - 0x00007ffeaaa0e000 	C:\Windows\SYSTEM32\Wldp.dll
0x00007ffeade80000 - 0x00007ffeadf2d000 	C:\Windows\System32\SHCORE.dll
0x00007ffeac8a0000 - 0x00007ffeac8f5000 	C:\Windows\System32\shlwapi.dll
0x00007ffeab5c0000 - 0x00007ffeab5df000 	C:\Windows\SYSTEM32\profapi.dll
0x00007ffe971b0000 - 0x00007ffe971ca000 	C:\Program Files\Android\Android Studio\jre\bin\net.dll
0x00007ffea2630000 - 0x00007ffea273c000 	C:\Windows\SYSTEM32\WINHTTP.dll
0x00007ffeaa5f0000 - 0x00007ffeaa65a000 	C:\Windows\system32\mswsock.dll
0x00007ffe97190000 - 0x00007ffe971a4000 	C:\Program Files\Android\Android Studio\jre\bin\nio.dll
0x00007ffe91320000 - 0x00007ffe91347000 	C:\Users\Hugo Martin\.gradle\native\8bec1ad78214c89d9ad589b4d07fe93259594b29d510b10fafb7a158f7737e5d\windows-amd64\native-platform.dll
0x00007ffe8c920000 - 0x00007ffe8ca5d000 	C:\Users\Hugo Martin\.gradle\native\53dbd7edfb1c66fb8903c78663c9afc45aea4f116125fa6feffd364cf09443e8\windows-amd64\native-platform-file-events.dll
0x00007ffe97b20000 - 0x00007ffe97b2a000 	C:\Program Files\Android\Android Studio\jre\bin\management.dll
0x00007ffe97220000 - 0x00007ffe9722c000 	C:\Program Files\Android\Android Studio\jre\bin\management_ext.dll
0x00007ffeab400000 - 0x00007ffeab418000 	C:\Windows\SYSTEM32\CRYPTSP.dll
0x00007ffeaa0e0000 - 0x00007ffeaa114000 	C:\Windows\system32\rsaenh.dll
0x00007ffeaba40000 - 0x00007ffeaba67000 	C:\Windows\System32\bcrypt.dll
0x00007ffeab540000 - 0x00007ffeab56e000 	C:\Windows\SYSTEM32\USERENV.dll
0x00007ffeaa820000 - 0x00007ffeaa82c000 	C:\Windows\SYSTEM32\CRYPTBASE.dll
0x00007ffeaa400000 - 0x00007ffeaa43b000 	C:\Windows\SYSTEM32\IPHLPAPI.DLL
0x00007ffead070000 - 0x00007ffead078000 	C:\Windows\System32\NSI.dll
0x00007ffea51e0000 - 0x00007ffea51f7000 	C:\Windows\SYSTEM32\dhcpcsvc6.DLL
0x00007ffea51c0000 - 0x00007ffea51dd000 	C:\Windows\SYSTEM32\dhcpcsvc.DLL
0x00007ffeaa440000 - 0x00007ffeaa50b000 	C:\Windows\SYSTEM32\DNSAPI.dll
0x00007ffe97200000 - 0x00007ffe9721e000 	C:\Users\Hugo Martin\AppData\Local\Temp\native-platform11171774628444924397dir\native-platform.dll
0x00007ffea80a0000 - 0x00007ffea80a8000 	C:\Program Files\Android\Android Studio\jre\bin\rmi.dll

dbghelp: loaded successfully - version: 4.0.5 - missing functions: none
symbol engine: initialized successfully - sym options: 0x614 - pdb path: (cannot be retrieved)

VM Arguments:
jvm_args: --add-opens=java.base/java.util=ALL-UNNAMED --add-opens=java.base/java.lang=ALL-UNNAMED --add-opens=java.base/java.lang.invoke=ALL-UNNAMED --add-opens=java.base/java.util=ALL-UNNAMED --add-opens=java.prefs/java.util.prefs=ALL-UNNAMED --add-opens=java.prefs/java.util.prefs=ALL-UNNAMED --add-opens=java.base/java.nio.charset=ALL-UNNAMED --add-opens=java.base/java.net=ALL-UNNAMED --add-opens=java.base/java.util.concurrent.atomic=ALL-UNNAMED -Xmx2048m -Dfile.encoding=UTF-8 -Duser.country=FR -Duser.language=fr -Duser.variant 
java_command: org.gradle.launcher.daemon.bootstrap.GradleDaemon 7.0.2
java_class_path (initial): C:\Users\Hugo Martin\.gradle\wrapper\dists\gradle-7.0.2-bin\857tjihv64xamwrf0h14cai3r\gradle-7.0.2\lib\gradle-launcher-7.0.2.jar
Launcher Type: SUN_STANDARD

[Global flags]
     intx CICompilerCount                          = 12                                        {product} {ergonomic}
     uint ConcGCThreads                            = 3                                         {product} {ergonomic}
     uint G1ConcRefinementThreads                  = 13                                        {product} {ergonomic}
   size_t G1HeapRegionSize                         = 1048576                                   {product} {ergonomic}
    uintx GCDrainStackTargetSize                   = 64                                        {product} {ergonomic}
   size_t InitialHeapSize                          = 266338304                                 {product} {ergonomic}
   size_t MarkStackSize                            = 4194304                                   {product} {ergonomic}
   size_t MaxHeapSize                              = 2147483648                                {product} {command line}
   size_t MaxNewSize                               = 1287651328                                {product} {ergonomic}
   size_t MinHeapDeltaBytes                        = 1048576                                   {product} {ergonomic}
    uintx NonNMethodCodeHeapSize                   = 7594288                                {pd product} {ergonomic}
    uintx NonProfiledCodeHeapSize                  = 122031976                              {pd product} {ergonomic}
    uintx ProfiledCodeHeapSize                     = 122031976                              {pd product} {ergonomic}
    uintx ReservedCodeCacheSize                    = 251658240                              {pd product} {ergonomic}
     bool SegmentedCodeCache                       = true                                      {product} {ergonomic}
     bool UseCompressedClassPointers               = true                                 {lp64_product} {ergonomic}
     bool UseCompressedOops                        = true                                 {lp64_product} {ergonomic}
     bool UseG1GC                                  = true                                      {product} {ergonomic}
     bool UseLargePagesIndividualAllocation        = false                                  {pd product} {ergonomic}

Logging:
Log output configuration:
 #0: stdout all=warning uptime,level,tags
 #1: stderr all=off uptime,level,tags

Environment Variables:
PATH=C:\Windows\system32;C:\Windows;C:\Windows\System32\Wbem;C:\Windows\System32\WindowsPowerShell\v1.0\;C:\Windows\System32\OpenSSH\;H:\Git\cmd;C:\Program Files\NVIDIA Corporation\NVIDIA NvDLISR;C:\Program Files (x86)\NVIDIA Corporation\PhysX\Common;C:\Users\Hugo Martin\AppData\Local\Microsoft\WindowsApps;;H:\IntelliJ IDEA Community Edition 2021.3\bin;
USERNAME=Hugo Martin
OS=Windows_NT
PROCESSOR_IDENTIFIER=Intel64 Family 6 Model 165 Stepping 5, GenuineIntel



---------------  S Y S T E M  ---------------

OS: Windows 10 , 64 bit Build 19041 (10.0.19041.1466)
OS uptime: 6 days 11:56 hours

CPU:total 16 (initial active 16) (8 cores per cpu, 2 threads per core) family 6 model 165 stepping 5 microcode 0xe2, cmov, cx8, fxsr, mmx, sse, sse2, sse3, ssse3, sse4.1, sse4.2, popcnt, avx, avx2, aes, clmul, erms, 3dnowpref, lzcnt, ht, tsc, tscinvbit, bmi1, bmi2, adx, fma

Memory: 4k page, system-wide physical 16235M (1077M free)
TotalPageFile size 65387M (AvailPageFile size 5M)
current process WorkingSet (physical memory assigned to process): 526M, peak: 571M
current process commit charge ("private bytes"): 593M, peak: 636M

vm_info: OpenJDK 64-Bit Server VM (11.0.10+0-b96-7249189) for windows-amd64 JRE (11.0.10+0-b96-7249189), built on Mar 31 2021 21:44:00 by "builder" with MS VC++ 14.0 (VS2015)

END.
