#
# There is insufficient memory for the Java Runtime Environment to continue.
# Native memory allocation (malloc) failed to allocate 1530256 bytes for Chunk::new
# Possible reasons:
#   The system is out of physical RAM or swap space
#   The process is running with CompressedOops enabled, and the Java Heap may be blocking the growth of the native heap
# Possible solutions:
#   Reduce memory load on the system
#   Increase physical memory or swap space
#   Check if swap backing store is full
#   Decrease Java heap size (-Xmx/-Xms)
#   Decrease number of Java threads
#   Decrease Java thread stack sizes (-Xss)
#   Set larger code cache with -XX:ReservedCodeCacheSize=
#   JVM is running with Unscaled Compressed Oops mode in which the Java heap is
#     placed in the first 4GB address space. The Java Heap base address is the
#     maximum limit for the native heap growth. Please use -XX:HeapBaseMinAddress
#     to set the Java Heap base and to place the Java Heap above 4GB virtual address.
# This output file may be truncated or incomplete.
#
#  Out of Memory Error (./src/hotspot/share/memory/arena.cpp:197), pid=3576, tid=2272
#
# JRE version: OpenJDK Runtime Environment (11.0.10) (build 11.0.10+0-b96-7249189)
# Java VM: OpenJDK 64-Bit Server VM (11.0.10+0-b96-7249189, mixed mode, tiered, compressed oops, g1 gc, windows-amd64)
# No core dump will be written. Minidumps are not enabled by default on client versions of Windows
#

---------------  S U M M A R Y ------------

Command Line: --add-opens=java.base/java.util=ALL-UNNAMED --add-opens=java.base/java.lang=ALL-UNNAMED --add-opens=java.base/java.lang.invoke=ALL-UNNAMED --add-opens=java.base/java.util=ALL-UNNAMED --add-opens=java.prefs/java.util.prefs=ALL-UNNAMED --add-opens=java.prefs/java.util.prefs=ALL-UNNAMED --add-opens=java.base/java.nio.charset=ALL-UNNAMED --add-opens=java.base/java.net=ALL-UNNAMED --add-opens=java.base/java.util.concurrent.atomic=ALL-UNNAMED -Xmx2048m -Dfile.encoding=UTF-8 -Duser.country=FR -Duser.language=fr -Duser.variant org.gradle.launcher.daemon.bootstrap.GradleDaemon 7.0.2

Host: Intel(R) Core(TM) i7-10700KF CPU @ 3.80GHz, 16 cores, 15G,  Windows 10 , 64 bit Build 19041 (10.0.19041.1466)
Time: Wed Feb  2 21:58:28 2022 Paris, Madrid elapsed time: 72.267579 seconds (0d 0h 1m 12s)

---------------  T H R E A D  ---------------

Current thread (0x0000027d868a9000):  JavaThread "C2 CompilerThread0" daemon [_thread_in_native, id=2272, stack(0x000000f1c5400000,0x000000f1c5500000)]


Current CompileTask:
C2:  72267 15253   !   4       com.google.common.cache.LocalCache$Segment::lockedGetOrLoad (447 bytes)

Stack: [0x000000f1c5400000,0x000000f1c5500000]
Native frames: (J=compiled Java code, j=interpreted, Vv=VM code, C=native code)
V  [jvm.dll+0x5ecfaa]
V  [jvm.dll+0x722bd5]
V  [jvm.dll+0x72412d]
V  [jvm.dll+0x7247e3]
V  [jvm.dll+0x242928]
V  [jvm.dll+0xbc4fc]
V  [jvm.dll+0xbca0c]
V  [jvm.dll+0x352d3b]
V  [jvm.dll+0x320ad3]
V  [jvm.dll+0x31ffca]
V  [jvm.dll+0x1fb602]
V  [jvm.dll+0x1fa7f4]
V  [jvm.dll+0x18354c]
V  [jvm.dll+0x208ee7]
V  [jvm.dll+0x207731]
V  [jvm.dll+0x6eb1cf]
V  [jvm.dll+0x6e3d45]
V  [jvm.dll+0x5ebe96]
C  [ucrtbase.dll+0x21bb2]
C  [KERNEL32.DLL+0x17034]
C  [ntdll.dll+0x52651]


---------------  P R O C E S S  ---------------

Threads class SMR info:
_java_thread_list=0x0000027d93b6d440, length=102, elements={
0x0000027dea89c800, 0x0000027d86843000, 0x0000027d86848000, 0x0000027d868a4800,
0x0000027d868a5800, 0x0000027d868a8000, 0x0000027d868a9000, 0x0000027d868ae000,
0x0000027d868b5000, 0x0000027d86a1e800, 0x0000027d8834b000, 0x0000027d89cc0800,
0x0000027d89cc4000, 0x0000027d89cc5000, 0x0000027d89cc3000, 0x0000027d890e8800,
0x0000027d890e3800, 0x0000027d890e4000, 0x0000027d890e2800, 0x0000027d890e6000,
0x0000027d890ea800, 0x0000027d890ef000, 0x0000027d890f0800, 0x0000027d890f1000,
0x0000027d89494000, 0x0000027d8c1f2800, 0x0000027d8c1f4000, 0x0000027d8c1ee800,
0x0000027d8c1f6800, 0x0000027d8c1f7800, 0x0000027d8c1f5000, 0x0000027d8c1f6000,
0x0000027d8c1f8800, 0x0000027d8ed64000, 0x0000027d8ed68000, 0x0000027d8ed66800,
0x0000027d8ed67800, 0x0000027d8ed69800, 0x0000027d8ed69000, 0x0000027d8ed6b800,
0x0000027d93be4000, 0x0000027d93bee800, 0x0000027d93bea800, 0x0000027d93bec000,
0x0000027d93bf1000, 0x0000027d8c1ef800, 0x0000027d89cc7000, 0x0000027d8c1ea800,
0x0000027d890ef800, 0x0000027d8c1ed000, 0x0000027d93be5000, 0x0000027d93be3000,
0x0000027d93be5800, 0x0000027d93be6800, 0x0000027d93beb800, 0x0000027d93be7800,
0x0000027d93bed000, 0x0000027d93bee000, 0x0000027d93be8000, 0x0000027d93be9000,
0x0000027d93bef800, 0x0000027d93bf0800, 0x0000027d93bf2000, 0x0000027d8ed65800,
0x0000027d8ed65000, 0x0000027d8ed72000, 0x0000027d8ed6d000, 0x0000027d8ed70800,
0x0000027d8ed6e000, 0x0000027d8ed71000, 0x0000027d8ed6c000, 0x0000027d8ed72800,
0x0000027d8ed6e800, 0x0000027d8ed6f800, 0x0000027d89498000, 0x0000027d89494800,
0x0000027d89496800, 0x0000027d89497000, 0x0000027d89492800, 0x0000027d89499000,
0x0000027d89493000, 0x0000027d8c1ec000, 0x0000027d8c1ed800, 0x0000027d8c1eb000,
0x0000027d8c1e9800, 0x0000027d8c1f0000, 0x0000027d8c1f1800, 0x0000027d8c1f3800,
0x0000027d890e7800, 0x0000027d890e9000, 0x0000027d890ea000, 0x0000027d890e6800,
0x0000027d89cc2800, 0x0000027d89cc5800, 0x0000027d89cc6800, 0x0000027d89cc1800,
0x0000027d943e2800, 0x0000027d943de800, 0x0000027d943e1000, 0x0000027d943df000,
0x0000027d943e1800, 0x0000027d943e3000
}

Java Threads: ( => current thread )
  0x0000027dea89c800 JavaThread "main" [_thread_blocked, id=23944, stack(0x000000f1c4800000,0x000000f1c4900000)]
  0x0000027d86843000 JavaThread "Reference Handler" daemon [_thread_blocked, id=15248, stack(0x000000f1c4f00000,0x000000f1c5000000)]
  0x0000027d86848000 JavaThread "Finalizer" daemon [_thread_blocked, id=8844, stack(0x000000f1c5000000,0x000000f1c5100000)]
  0x0000027d868a4800 JavaThread "Signal Dispatcher" daemon [_thread_blocked, id=20772, stack(0x000000f1c5100000,0x000000f1c5200000)]
  0x0000027d868a5800 JavaThread "Attach Listener" daemon [_thread_blocked, id=20808, stack(0x000000f1c5200000,0x000000f1c5300000)]
  0x0000027d868a8000 JavaThread "Service Thread" daemon [_thread_blocked, id=15488, stack(0x000000f1c5300000,0x000000f1c5400000)]
=>0x0000027d868a9000 JavaThread "C2 CompilerThread0" daemon [_thread_in_native, id=2272, stack(0x000000f1c5400000,0x000000f1c5500000)]
  0x0000027d868ae000 JavaThread "C1 CompilerThread0" daemon [_thread_blocked, id=25404, stack(0x000000f1c5500000,0x000000f1c5600000)]
  0x0000027d868b5000 JavaThread "Sweeper thread" daemon [_thread_blocked, id=8312, stack(0x000000f1c5600000,0x000000f1c5700000)]
  0x0000027d86a1e800 JavaThread "Common-Cleaner" daemon [_thread_blocked, id=23864, stack(0x000000f1c5800000,0x000000f1c5900000)]
  0x0000027d8834b000 JavaThread "Daemon health stats" [_thread_blocked, id=21712, stack(0x000000f1c6300000,0x000000f1c6400000)]
  0x0000027d89cc0800 JavaThread "Incoming local TCP Connector on port 60288" [_thread_in_native, id=20036, stack(0x000000f1c6400000,0x000000f1c6500000)]
  0x0000027d89cc4000 JavaThread "Daemon periodic checks" [_thread_blocked, id=19908, stack(0x000000f1c6500000,0x000000f1c6600000)]
  0x0000027d89cc5000 JavaThread "Daemon" [_thread_blocked, id=604, stack(0x000000f1c6600000,0x000000f1c6700000)]
  0x0000027d89cc3000 JavaThread "Daemon worker" [_thread_blocked, id=22304, stack(0x000000f1c6900000,0x000000f1c6a00000)]
  0x0000027d890e8800 JavaThread "Cache worker for file hash cache (C:\Users\Hugo Martin\.gradle\caches\7.0.2\fileHashes)" [_thread_blocked, id=17516, stack(0x000000f1c6d00000,0x000000f1c6e00000)]
  0x0000027d890e3800 JavaThread "File lock request listener" [_thread_in_native, id=4584, stack(0x000000f1c6e00000,0x000000f1c6f00000)]
  0x0000027d890e4000 JavaThread "Cache worker for journal cache (C:\Users\Hugo Martin\.gradle\caches\journal-1)" [_thread_blocked, id=4560, stack(0x000000f1c7800000,0x000000f1c7900000)]
  0x0000027d890e2800 JavaThread "File watcher server" daemon [_thread_in_native, id=11804, stack(0x000000f1c7a00000,0x000000f1c7b00000)]
  0x0000027d890e6000 JavaThread "File watcher consumer" daemon [_thread_blocked, id=3632, stack(0x000000f1c7b00000,0x000000f1c7c00000)]
  0x0000027d890ea800 JavaThread "Cache worker for execution history cache (C:\Users\Hugo Martin\.gradle\caches\7.0.2\executionHistory)" [_thread_blocked, id=19272, stack(0x000000f1c7f00000,0x000000f1c8000000)]
  0x0000027d890ef000 JavaThread "jar transforms" [_thread_blocked, id=21760, stack(0x000000f1c8300000,0x000000f1c8400000)]
  0x0000027d890f0800 JavaThread "jar transforms Thread 2" [_thread_blocked, id=11996, stack(0x000000f1c8400000,0x000000f1c8500000)]
  0x0000027d890f1000 JavaThread "Cache worker for file content cache (C:\Users\Hugo Martin\.gradle\caches\7.0.2\fileContent)" [_thread_blocked, id=12664, stack(0x000000f1c8500000,0x000000f1c8600000)]
  0x0000027d89494000 JavaThread "jar transforms Thread 3" [_thread_blocked, id=23496, stack(0x000000f1c8700000,0x000000f1c8800000)]
  0x0000027d8c1f2800 JavaThread "jar transforms Thread 4" [_thread_blocked, id=24028, stack(0x000000f1c9900000,0x000000f1c9a00000)]
  0x0000027d8c1f4000 JavaThread "jar transforms Thread 5" [_thread_blocked, id=24176, stack(0x000000f1c9a00000,0x000000f1c9b00000)]
  0x0000027d8c1ee800 JavaThread "jar transforms Thread 6" [_thread_blocked, id=16648, stack(0x000000f1c9b00000,0x000000f1c9c00000)]
  0x0000027d8c1f6800 JavaThread "jar transforms Thread 7" [_thread_blocked, id=4180, stack(0x000000f1c9c00000,0x000000f1c9d00000)]
  0x0000027d8c1f7800 JavaThread "jar transforms Thread 8" [_thread_blocked, id=19632, stack(0x000000f1c9d00000,0x000000f1c9e00000)]
  0x0000027d8c1f5000 JavaThread "jar transforms Thread 9" [_thread_blocked, id=17560, stack(0x000000f1c9e00000,0x000000f1c9f00000)]
  0x0000027d8c1f6000 JavaThread "jar transforms Thread 10" [_thread_blocked, id=21292, stack(0x000000f1c9f00000,0x000000f1ca000000)]
  0x0000027d8c1f8800 JavaThread "jar transforms Thread 11" [_thread_blocked, id=23632, stack(0x000000f1ca000000,0x000000f1ca100000)]
  0x0000027d8ed64000 JavaThread "jar transforms Thread 12" [_thread_blocked, id=22084, stack(0x000000f1ca100000,0x000000f1ca200000)]
  0x0000027d8ed68000 JavaThread "jar transforms Thread 13" [_thread_blocked, id=20888, stack(0x000000f1ca200000,0x000000f1ca300000)]
  0x0000027d8ed66800 JavaThread "jar transforms Thread 14" [_thread_blocked, id=17964, stack(0x000000f1ca300000,0x000000f1ca400000)]
  0x0000027d8ed67800 JavaThread "jar transforms Thread 15" [_thread_blocked, id=21320, stack(0x000000f1ca400000,0x000000f1ca500000)]
  0x0000027d8ed69800 JavaThread "jar transforms Thread 16" [_thread_blocked, id=10736, stack(0x000000f1ca500000,0x000000f1ca600000)]
  0x0000027d8ed69000 JavaThread "Memory manager" [_thread_blocked, id=10236, stack(0x000000f1c8200000,0x000000f1c8300000)]
  0x0000027d8ed6b800 JavaThread "pool-3-thread-1" [_thread_blocked, id=5484, stack(0x000000f1ca900000,0x000000f1caa00000)]
  0x0000027d93be4000 JavaThread "RMI Scheduler(0)" daemon [_thread_blocked, id=6364, stack(0x000000f1cbc00000,0x000000f1cbd00000)]
  0x0000027d93bee800 JavaThread "RMI GC Daemon" daemon [_thread_blocked, id=10948, stack(0x000000f1cbe00000,0x000000f1cbf00000)]
  0x0000027d93bea800 JavaThread "RMI TCP Accept-0" daemon [_thread_in_native, id=20276, stack(0x000000f1cbf00000,0x000000f1cc000000)]
  0x0000027d93bec000 JavaThread "RMI Reaper" [_thread_blocked, id=17880, stack(0x000000f1cc000000,0x000000f1cc100000)]
  0x0000027d93bf1000 JavaThread "RMI TCP Connection(idle)" daemon [_thread_blocked, id=25440, stack(0x000000f1cc100000,0x000000f1cc200000)]
  0x0000027d8c1ef800 JavaThread "pool-6-thread-1" [_thread_blocked, id=19776, stack(0x000000f1cab00000,0x000000f1cac00000)]
  0x0000027d89cc7000 JavaThread "RMI TCP Connection(7)-127.0.0.1" daemon [_thread_in_native, id=14484, stack(0x000000f1cc300000,0x000000f1cc400000)]
  0x0000027d8c1ea800 JavaThread "pool-9-thread-1" [_thread_blocked, id=19980, stack(0x000000f1caa00000,0x000000f1cab00000)]
  0x0000027d890ef800 JavaThread "RMI TCP Connection(6)-127.0.0.1" daemon [_thread_in_native, id=22172, stack(0x000000f1cc500000,0x000000f1cc600000)]
  0x0000027d8c1ed000 JavaThread "pool-12-thread-1" [_thread_blocked, id=19684, stack(0x000000f1ca800000,0x000000f1ca900000)]
  0x0000027d93be5000 JavaThread "Handler for socket connection from /127.0.0.1:60288 to /127.0.0.1:60338" [_thread_in_native, id=19992, stack(0x000000f1c4500000,0x000000f1c4600000)]
  0x0000027d93be3000 JavaThread "Cancel handler" [_thread_blocked, id=21616, stack(0x000000f1c4600000,0x000000f1c4700000)]
  0x0000027d93be5800 JavaThread "Asynchronous log dispatcher for DefaultDaemonConnection: socket connection from /127.0.0.1:60288 to /127.0.0.1:60338" [_thread_blocked, id=6892, stack(0x000000f1c4700000,0x000000f1c4800000)]
  0x0000027d93be6800 JavaThread "Stdin handler" [_thread_blocked, id=7636, stack(0x000000f1c5b00000,0x000000f1c5c00000)]
  0x0000027d93beb800 JavaThread "Daemon client event forwarder" [_thread_blocked, id=13184, stack(0x000000f1c6100000,0x000000f1c6200000)]
  0x0000027d93be7800 JavaThread "Cache worker for file hash cache (H:\Documents\Android\android-dev-challenge\.gradle\7.0.2\fileHashes)" [_thread_blocked, id=16632, stack(0x000000f1c6200000,0x000000f1c6300000)]
  0x0000027d93bed000 JavaThread "Cache worker for checksums cache (H:\Documents\Android\android-dev-challenge\.gradle\checksums)" [_thread_blocked, id=19784, stack(0x000000f1c6700000,0x000000f1c6800000)]
  0x0000027d93bee000 JavaThread "Cache worker for cache directory md-supplier (C:\Users\Hugo Martin\.gradle\caches\7.0.2\md-supplier)" [_thread_blocked, id=19944, stack(0x000000f1c6800000,0x000000f1c6900000)]
  0x0000027d93be8000 JavaThread "Cache worker for cache directory md-rule (C:\Users\Hugo Martin\.gradle\caches\7.0.2\md-rule)" [_thread_blocked, id=19360, stack(0x000000f1c6a00000,0x000000f1c6b00000)]
  0x0000027d93be9000 JavaThread "Cache worker for dependencies-accessors (H:\Documents\Android\android-dev-challenge\.gradle\7.0.2\dependencies-accessors)" [_thread_blocked, id=22884, stack(0x000000f1c6b00000,0x000000f1c6c00000)]
  0x0000027d93bef800 JavaThread "C2 CompilerThread1" daemon [_thread_in_native, id=22192, stack(0x000000f1c6c00000,0x000000f1c6d00000)]
  0x0000027d93bf0800 JavaThread "C2 CompilerThread2" daemon [_thread_in_native, id=21556, stack(0x000000f1c7900000,0x000000f1c7a00000)]
  0x0000027d93bf2000 JavaThread "Cache worker for Build Output Cleanup Cache (H:\Documents\Android\android-dev-challenge\.gradle\buildOutputCleanup)" [_thread_blocked, id=5396, stack(0x000000f1c7c00000,0x000000f1c7d00000)]
  0x0000027d8ed65800 JavaThread "C2 CompilerThread3" daemon [_thread_in_native, id=18468, stack(0x000000f1c7d00000,0x000000f1c7e00000)]
  0x0000027d8ed65000 JavaThread "Build operations" [_thread_blocked, id=8412, stack(0x000000f1c7e00000,0x000000f1c7f00000)]
  0x0000027d8ed72000 JavaThread "Build operations Thread 2" [_thread_blocked, id=20916, stack(0x000000f1c8600000,0x000000f1c8700000)]
  0x0000027d8ed6d000 JavaThread "Build operations Thread 3" [_thread_blocked, id=14072, stack(0x000000f1c8800000,0x000000f1c8900000)]
  0x0000027d8ed70800 JavaThread "Build operations Thread 4" [_thread_blocked, id=23296, stack(0x000000f1c8900000,0x000000f1c8a00000)]
  0x0000027d8ed6e000 JavaThread "Build operations Thread 5" [_thread_blocked, id=13012, stack(0x000000f1c8a00000,0x000000f1c8b00000)]
  0x0000027d8ed71000 JavaThread "Build operations Thread 6" [_thread_blocked, id=15276, stack(0x000000f1c8b00000,0x000000f1c8c00000)]
  0x0000027d8ed6c000 JavaThread "Build operations Thread 7" [_thread_blocked, id=25416, stack(0x000000f1c8c00000,0x000000f1c8d00000)]
  0x0000027d8ed72800 JavaThread "Build operations Thread 8" [_thread_blocked, id=23124, stack(0x000000f1c8d00000,0x000000f1c8e00000)]
  0x0000027d8ed6e800 JavaThread "Build operations Thread 9" [_thread_blocked, id=21876, stack(0x000000f1c8e00000,0x000000f1c8f00000)]
  0x0000027d8ed6f800 JavaThread "Build operations Thread 10" [_thread_blocked, id=12176, stack(0x000000f1c8f00000,0x000000f1c9000000)]
  0x0000027d89498000 JavaThread "Build operations Thread 11" [_thread_blocked, id=21196, stack(0x000000f1c9000000,0x000000f1c9100000)]
  0x0000027d89494800 JavaThread "Build operations Thread 12" [_thread_blocked, id=24220, stack(0x000000f1c9100000,0x000000f1c9200000)]
  0x0000027d89496800 JavaThread "Build operations Thread 13" [_thread_blocked, id=3404, stack(0x000000f1c9200000,0x000000f1c9300000)]
  0x0000027d89497000 JavaThread "Build operations Thread 14" [_thread_blocked, id=18712, stack(0x000000f1c9300000,0x000000f1c9400000)]
  0x0000027d89492800 JavaThread "Build operations Thread 15" [_thread_blocked, id=11156, stack(0x000000f1c9400000,0x000000f1c9500000)]
  0x0000027d89499000 JavaThread "Build operations Thread 16" [_thread_blocked, id=12080, stack(0x000000f1c9500000,0x000000f1c9600000)]
  0x0000027d89493000 JavaThread "C1 CompilerThread1" daemon [_thread_blocked, id=21204, stack(0x000000f1c9600000,0x000000f1c9700000)]
  0x0000027d8c1ec000 JavaThread "build event listener" [_thread_blocked, id=19744, stack(0x000000f1c9700000,0x000000f1c9800000)]
  0x0000027d8c1ed800 JavaThread "pool-15-thread-1" [_thread_blocked, id=11780, stack(0x000000f1c9800000,0x000000f1c9900000)]
  0x0000027d8c1eb000 JavaThread "build event listener" [_thread_blocked, id=21004, stack(0x000000f1ca600000,0x000000f1ca700000)]
  0x0000027d8c1e9800 JavaThread "Execution worker for ':'" [_thread_blocked, id=23120, stack(0x000000f1ca700000,0x000000f1ca800000)]
  0x0000027d8c1f0000 JavaThread "Execution worker for ':' Thread 2" [_thread_in_native, id=23724, stack(0x000000f1cac00000,0x000000f1cad00000)]
  0x0000027d8c1f1800 JavaThread "Execution worker for ':' Thread 3" [_thread_blocked, id=10384, stack(0x000000f1cad00000,0x000000f1cae00000)]
  0x0000027d8c1f3800 JavaThread "Execution worker for ':' Thread 4" [_thread_blocked, id=1040, stack(0x000000f1cae00000,0x000000f1caf00000)]
  0x0000027d890e7800 JavaThread "Execution worker for ':' Thread 5" [_thread_blocked, id=23140, stack(0x000000f1caf00000,0x000000f1cb000000)]
  0x0000027d890e9000 JavaThread "Execution worker for ':' Thread 6" [_thread_blocked, id=15408, stack(0x000000f1cb000000,0x000000f1cb100000)]
  0x0000027d890ea000 JavaThread "Execution worker for ':' Thread 7" [_thread_blocked, id=21680, stack(0x000000f1cb100000,0x000000f1cb200000)]
  0x0000027d890e6800 JavaThread "Execution worker for ':' Thread 8" [_thread_blocked, id=20876, stack(0x000000f1cb200000,0x000000f1cb300000)]
  0x0000027d89cc2800 JavaThread "Execution worker for ':' Thread 9" [_thread_blocked, id=24516, stack(0x000000f1cb300000,0x000000f1cb400000)]
  0x0000027d89cc5800 JavaThread "Execution worker for ':' Thread 10" [_thread_blocked, id=7996, stack(0x000000f1cb400000,0x000000f1cb500000)]
  0x0000027d89cc6800 JavaThread "Execution worker for ':' Thread 11" [_thread_blocked, id=1172, stack(0x000000f1cb500000,0x000000f1cb600000)]
  0x0000027d89cc1800 JavaThread "Execution worker for ':' Thread 12" [_thread_blocked, id=23836, stack(0x000000f1cb600000,0x000000f1cb700000)]
  0x0000027d943e2800 JavaThread "Execution worker for ':' Thread 13" [_thread_blocked, id=14000, stack(0x000000f1cb700000,0x000000f1cb800000)]
  0x0000027d943de800 JavaThread "Execution worker for ':' Thread 14" [_thread_blocked, id=24144, stack(0x000000f1cb800000,0x000000f1cb900000)]
  0x0000027d943e1000 JavaThread "Execution worker for ':' Thread 15" [_thread_blocked, id=7992, stack(0x000000f1cb900000,0x000000f1cba00000)]
  0x0000027d943df000 JavaThread "Cache worker for execution history cache (H:\Documents\Android\android-dev-challenge\.gradle\7.0.2\executionHistory)" [_thread_blocked, id=19060, stack(0x000000f1cba00000,0x000000f1cbb00000)]
  0x0000027d943e1800 JavaThread "C2 CompilerThread4" daemon [_thread_in_native, id=20476, stack(0x000000f1cbb00000,0x000000f1cbc00000)]
  0x0000027d943e3000 JavaThread "RMI RenewClean-[127.0.0.1:17857,org.jetbrains.kotlin.daemon.common.LoopbackNetworkInterface$ClientLoopbackSocketFactory@350924f7]" daemon [_thread_blocked, id=25100, stack(0x000000f1cbd00000,0x000000f1cbe00000)]

Other Threads:
  0x0000027d86840000 VMThread "VM Thread" [stack: 0x000000f1c4e00000,0x000000f1c4f00000] [id=6832]
  0x0000027d86a6b800 WatcherThread [stack: 0x000000f1c5900000,0x000000f1c5a00000] [id=21732]
  0x0000027dea8b3800 GCTaskThread "GC Thread#0" [stack: 0x000000f1c4900000,0x000000f1c4a00000] [id=14852]
  0x0000027d87800800 GCTaskThread "GC Thread#1" [stack: 0x000000f1c5c00000,0x000000f1c5d00000] [id=7332]
  0x0000027d8757d800 GCTaskThread "GC Thread#2" [stack: 0x000000f1c5d00000,0x000000f1c5e00000] [id=23096]
  0x0000027d8757e000 GCTaskThread "GC Thread#3" [stack: 0x000000f1c5e00000,0x000000f1c5f00000] [id=20528]
  0x0000027d87652800 GCTaskThread "GC Thread#4" [stack: 0x000000f1c5f00000,0x000000f1c6000000] [id=22712]
  0x0000027d87653000 GCTaskThread "GC Thread#5" [stack: 0x000000f1c6000000,0x000000f1c6100000] [id=32]
  0x0000027d897fb000 GCTaskThread "GC Thread#6" [stack: 0x000000f1c6f00000,0x000000f1c7000000] [id=19540]
  0x0000027d88a25800 GCTaskThread "GC Thread#7" [stack: 0x000000f1c7000000,0x000000f1c7100000] [id=15356]
  0x0000027d88aa9000 GCTaskThread "GC Thread#8" [stack: 0x000000f1c7100000,0x000000f1c7200000] [id=21772]
  0x0000027d88b0f000 GCTaskThread "GC Thread#9" [stack: 0x000000f1c7200000,0x000000f1c7300000] [id=16500]
  0x0000027d89822000 GCTaskThread "GC Thread#10" [stack: 0x000000f1c7300000,0x000000f1c7400000] [id=24540]
  0x0000027d8950d800 GCTaskThread "GC Thread#11" [stack: 0x000000f1c7400000,0x000000f1c7500000] [id=18796]
  0x0000027d8950e800 GCTaskThread "GC Thread#12" [stack: 0x000000f1c7500000,0x000000f1c7600000] [id=21800]
  0x0000027dea8e8800 ConcurrentGCThread "G1 Main Marker" [stack: 0x000000f1c4a00000,0x000000f1c4b00000] [id=12280]
  0x0000027dea8ea800 ConcurrentGCThread "G1 Conc#0" [stack: 0x000000f1c4b00000,0x000000f1c4c00000] [id=20856]
  0x0000027d89de4800 ConcurrentGCThread "G1 Conc#1" [stack: 0x000000f1c7600000,0x000000f1c7700000] [id=15124]
  0x0000027d89dae000 ConcurrentGCThread "G1 Conc#2" [stack: 0x000000f1c7700000,0x000000f1c7800000] [id=15496]
  0x0000027dea97d800 ConcurrentGCThread "G1 Refine#0" [stack: 0x000000f1c4c00000,0x000000f1c4d00000] [id=24140]
  0x0000027d89db0800 ConcurrentGCThread "G1 Refine#1" [stack: 0x000000f1c8000000,0x000000f1c8100000] [id=11540]
  0x0000027d89daa800 ConcurrentGCThread "G1 Refine#2" [stack: 0x000000f1c8100000,0x000000f1c8200000] [id=312]
  0x0000027dffe7b800 ConcurrentGCThread "G1 Young RemSet Sampling" [stack: 0x000000f1c4d00000,0x000000f1c4e00000] [id=13224]

Threads with active compile tasks:
C2 CompilerThread0  72277 15253   !   4       com.google.common.cache.LocalCache$Segment::lockedGetOrLoad (447 bytes)
C2 CompilerThread1  72277 15381       4       org.gradle.internal.Try$Success::ifSuccessfulOrElse (11 bytes)
C2 CompilerThread2  72277 15383   !   4       org.gradle.api.internal.artifacts.transform.TransformingAsyncArtifactListener$TransformedArtifact::finalizeValue (165 bytes)
C2 CompilerThread3  72277 15133       4       org.gradle.api.internal.DefaultNamedDomainObjectCollection::findByName (61 bytes)
C2 CompilerThread4  72277 15413       4       org.jetbrains.kotlin.cli.common.arguments.ParseCommandLineArgumentsKt::isAdvanced (46 bytes)

VM state:not at safepoint (normal execution)

VM Mutex/Monitor currently owned by a thread: None

Heap address: 0x0000000080000000, size: 2048 MB, Compressed Oops mode: 32-bit
Narrow klass base: 0x0000000000000000, Narrow klass shift: 3
Compressed class space size: 1073741824 Address: 0x0000000100000000

Heap:
 garbage-first heap   total 260096K, used 160278K [0x0000000080000000, 0x0000000100000000)
  region size 1024K, 77 young (78848K), 7 survivors (7168K)
 Metaspace       used 99635K, capacity 102696K, committed 102984K, reserved 1138688K
  class space    used 12542K, capacity 13720K, committed 13772K, reserved 1048576K
Heap Regions: E=young(eden), S=young(survivor), O=old, HS=humongous(starts), HC=humongous(continues), CS=collection set, F=free, A=archive, TAMS=top-at-mark-start (previous, next)
|   0|0x0000000080000000, 0x0000000080100000, 0x0000000080100000|100%| O|  |TAMS 0x0000000080100000, 0x0000000080000000| Untracked 
|   1|0x0000000080100000, 0x0000000080200000, 0x0000000080200000|100%| O|  |TAMS 0x0000000080200000, 0x0000000080100000| Untracked 
|   2|0x0000000080200000, 0x0000000080300000, 0x0000000080300000|100%| O|  |TAMS 0x0000000080300000, 0x0000000080200000| Untracked 
|   3|0x0000000080300000, 0x0000000080400000, 0x0000000080400000|100%|HS|  |TAMS 0x0000000080400000, 0x0000000080300000| Complete 
|   4|0x0000000080400000, 0x0000000080500000, 0x0000000080500000|100%|HC|  |TAMS 0x0000000080500000, 0x0000000080400000| Complete 
|   5|0x0000000080500000, 0x0000000080600000, 0x0000000080600000|100%|HC|  |TAMS 0x0000000080600000, 0x0000000080500000| Complete 
|   6|0x0000000080600000, 0x0000000080700000, 0x0000000080700000|100%| O|  |TAMS 0x0000000080700000, 0x0000000080600000| Untracked 
|   7|0x0000000080700000, 0x0000000080800000, 0x0000000080800000|100%| O|  |TAMS 0x0000000080800000, 0x0000000080700000| Untracked 
|   8|0x0000000080800000, 0x0000000080900000, 0x0000000080900000|100%| O|  |TAMS 0x0000000080900000, 0x0000000080800000| Untracked 
|   9|0x0000000080900000, 0x0000000080a00000, 0x0000000080a00000|100%| O|  |TAMS 0x0000000080a00000, 0x0000000080900000| Untracked 
|  10|0x0000000080a00000, 0x0000000080b00000, 0x0000000080b00000|100%| O|  |TAMS 0x0000000080b00000, 0x0000000080a00000| Untracked 
|  11|0x0000000080b00000, 0x0000000080c00000, 0x0000000080c00000|100%| O|  |TAMS 0x0000000080c00000, 0x0000000080b00000| Untracked 
|  12|0x0000000080c00000, 0x0000000080d00000, 0x0000000080d00000|100%| O|  |TAMS 0x0000000080d00000, 0x0000000080c00000| Untracked 
|  13|0x0000000080d00000, 0x0000000080e00000, 0x0000000080e00000|100%| O|  |TAMS 0x0000000080e00000, 0x0000000080d00000| Untracked 
|  14|0x0000000080e00000, 0x0000000080f00000, 0x0000000080f00000|100%| O|  |TAMS 0x0000000080f00000, 0x0000000080e00000| Untracked 
|  15|0x0000000080f00000, 0x0000000081000000, 0x0000000081000000|100%| O|  |TAMS 0x0000000081000000, 0x0000000080f00000| Untracked 
|  16|0x0000000081000000, 0x0000000081100000, 0x0000000081100000|100%|HS|  |TAMS 0x0000000081100000, 0x0000000081000000| Complete 
|  17|0x0000000081100000, 0x0000000081200000, 0x0000000081200000|100%|HS|  |TAMS 0x0000000081200000, 0x0000000081100000| Complete 
|  18|0x0000000081200000, 0x0000000081300000, 0x0000000081300000|100%|HS|  |TAMS 0x0000000081300000, 0x0000000081200000| Complete 
|  19|0x0000000081300000, 0x0000000081400000, 0x0000000081400000|100%|HC|  |TAMS 0x0000000081400000, 0x0000000081300000| Complete 
|  20|0x0000000081400000, 0x0000000081500000, 0x0000000081500000|100%|HC|  |TAMS 0x0000000081500000, 0x0000000081400000| Complete 
|  21|0x0000000081500000, 0x0000000081600000, 0x0000000081600000|100%|HS|  |TAMS 0x0000000081600000, 0x0000000081500000| Complete 
|  22|0x0000000081600000, 0x0000000081700000, 0x0000000081700000|100%|HC|  |TAMS 0x0000000081700000, 0x0000000081600000| Complete 
|  23|0x0000000081700000, 0x0000000081800000, 0x0000000081800000|100%| O|  |TAMS 0x0000000081800000, 0x0000000081700000| Untracked 
|  24|0x0000000081800000, 0x0000000081900000, 0x0000000081900000|100%| O|  |TAMS 0x0000000081900000, 0x0000000081800000| Untracked 
|  25|0x0000000081900000, 0x0000000081a00000, 0x0000000081a00000|100%| O|  |TAMS 0x0000000081a00000, 0x0000000081900000| Untracked 
|  26|0x0000000081a00000, 0x0000000081b00000, 0x0000000081b00000|100%| O|  |TAMS 0x0000000081b00000, 0x0000000081a00000| Untracked 
|  27|0x0000000081b00000, 0x0000000081c00000, 0x0000000081c00000|100%| O|  |TAMS 0x0000000081c00000, 0x0000000081b00000| Untracked 
|  28|0x0000000081c00000, 0x0000000081d00000, 0x0000000081d00000|100%| O|  |TAMS 0x0000000081d00000, 0x0000000081c00000| Untracked 
|  29|0x0000000081d00000, 0x0000000081e00000, 0x0000000081e00000|100%| O|  |TAMS 0x0000000081e00000, 0x0000000081d00000| Untracked 
|  30|0x0000000081e00000, 0x0000000081f00000, 0x0000000081f00000|100%| O|  |TAMS 0x0000000081f00000, 0x0000000081e00000| Untracked 
|  31|0x0000000081f00000, 0x0000000082000000, 0x0000000082000000|100%| O|  |TAMS 0x0000000082000000, 0x0000000081f00000| Untracked 
|  32|0x0000000082000000, 0x0000000082100000, 0x0000000082100000|100%| O|  |TAMS 0x0000000082100000, 0x0000000082000000| Untracked 
|  33|0x0000000082100000, 0x0000000082200000, 0x0000000082200000|100%| O|  |TAMS 0x0000000082200000, 0x0000000082100000| Untracked 
|  34|0x0000000082200000, 0x0000000082300000, 0x0000000082300000|100%| O|  |TAMS 0x0000000082300000, 0x0000000082200000| Untracked 
|  35|0x0000000082300000, 0x0000000082400000, 0x0000000082400000|100%| O|  |TAMS 0x0000000082400000, 0x0000000082300000| Untracked 
|  36|0x0000000082400000, 0x0000000082500000, 0x0000000082500000|100%| O|  |TAMS 0x0000000082500000, 0x0000000082400000| Untracked 
|  37|0x0000000082500000, 0x0000000082600000, 0x0000000082600000|100%| O|  |TAMS 0x0000000082600000, 0x0000000082500000| Untracked 
|  38|0x0000000082600000, 0x0000000082700000, 0x0000000082700000|100%| O|  |TAMS 0x0000000082700000, 0x0000000082600000| Untracked 
|  39|0x0000000082700000, 0x0000000082800000, 0x0000000082800000|100%| O|  |TAMS 0x0000000082800000, 0x0000000082700000| Untracked 
|  40|0x0000000082800000, 0x0000000082900000, 0x0000000082900000|100%| O|  |TAMS 0x0000000082900000, 0x0000000082800000| Untracked 
|  41|0x0000000082900000, 0x0000000082a00000, 0x0000000082a00000|100%| O|  |TAMS 0x0000000082a00000, 0x0000000082900000| Untracked 
|  42|0x0000000082a00000, 0x0000000082b00000, 0x0000000082b00000|100%| O|  |TAMS 0x0000000082b00000, 0x0000000082a00000| Untracked 
|  43|0x0000000082b00000, 0x0000000082c00000, 0x0000000082c00000|100%| O|  |TAMS 0x0000000082c00000, 0x0000000082b00000| Untracked 
|  44|0x0000000082c00000, 0x0000000082d00000, 0x0000000082d00000|100%| O|  |TAMS 0x0000000082d00000, 0x0000000082c00000| Untracked 
|  45|0x0000000082d00000, 0x0000000082e00000, 0x0000000082e00000|100%| O|  |TAMS 0x0000000082e00000, 0x0000000082d00000| Untracked 
|  46|0x0000000082e00000, 0x0000000082f00000, 0x0000000082f00000|100%| O|  |TAMS 0x0000000082f00000, 0x0000000082e00000| Untracked 
|  47|0x0000000082f00000, 0x0000000083000000, 0x0000000083000000|100%| O|  |TAMS 0x0000000083000000, 0x0000000082f00000| Untracked 
|  48|0x0000000083000000, 0x0000000083100000, 0x0000000083100000|100%| O|  |TAMS 0x0000000083100000, 0x0000000083000000| Untracked 
|  49|0x0000000083100000, 0x0000000083200000, 0x0000000083200000|100%| O|  |TAMS 0x0000000083200000, 0x0000000083100000| Untracked 
|  50|0x0000000083200000, 0x0000000083300000, 0x0000000083300000|100%| O|  |TAMS 0x0000000083300000, 0x0000000083200000| Untracked 
|  51|0x0000000083300000, 0x0000000083400000, 0x0000000083400000|100%| O|  |TAMS 0x0000000083400000, 0x0000000083300000| Untracked 
|  52|0x0000000083400000, 0x0000000083500000, 0x0000000083500000|100%| O|  |TAMS 0x0000000083500000, 0x0000000083400000| Untracked 
|  53|0x0000000083500000, 0x0000000083600000, 0x0000000083600000|100%| O|  |TAMS 0x0000000083600000, 0x0000000083500000| Untracked 
|  54|0x0000000083600000, 0x0000000083700000, 0x0000000083700000|100%| O|  |TAMS 0x0000000083700000, 0x0000000083600000| Untracked 
|  55|0x0000000083700000, 0x0000000083800000, 0x0000000083800000|100%| O|  |TAMS 0x0000000083800000, 0x0000000083700000| Untracked 
|  56|0x0000000083800000, 0x0000000083900000, 0x0000000083900000|100%| O|  |TAMS 0x0000000083900000, 0x0000000083800000| Untracked 
|  57|0x0000000083900000, 0x0000000083a00000, 0x0000000083a00000|100%| O|  |TAMS 0x0000000083a00000, 0x0000000083900000| Untracked 
|  58|0x0000000083a00000, 0x0000000083b00000, 0x0000000083b00000|100%| O|  |TAMS 0x0000000083b00000, 0x0000000083a00000| Untracked 
|  59|0x0000000083b00000, 0x0000000083c00000, 0x0000000083c00000|100%| O|  |TAMS 0x0000000083b53a00, 0x0000000083b00000| Untracked 
|  60|0x0000000083c00000, 0x0000000083d00000, 0x0000000083d00000|100%| O|  |TAMS 0x0000000083c00000, 0x0000000083c00000| Untracked 
|  61|0x0000000083d00000, 0x0000000083e00000, 0x0000000083e00000|100%| O|  |TAMS 0x0000000083d00000, 0x0000000083d00000| Untracked 
|  62|0x0000000083e00000, 0x0000000083f00000, 0x0000000083f00000|100%| O|  |TAMS 0x0000000083e00000, 0x0000000083e00000| Untracked 
|  63|0x0000000083f00000, 0x0000000084000000, 0x0000000084000000|100%| O|  |TAMS 0x0000000083f00000, 0x0000000083f00000| Untracked 
|  64|0x0000000084000000, 0x0000000084100000, 0x0000000084100000|100%| O|  |TAMS 0x0000000084000000, 0x0000000084000000| Untracked 
|  65|0x0000000084100000, 0x0000000084200000, 0x0000000084200000|100%| O|  |TAMS 0x0000000084100000, 0x0000000084100000| Untracked 
|  66|0x0000000084200000, 0x0000000084300000, 0x0000000084300000|100%| O|  |TAMS 0x0000000084200000, 0x0000000084200000| Untracked 
|  67|0x0000000084300000, 0x0000000084400000, 0x0000000084400000|100%| O|  |TAMS 0x0000000084300000, 0x0000000084300000| Untracked 
|  68|0x0000000084400000, 0x0000000084500000, 0x0000000084500000|100%| O|  |TAMS 0x0000000084400000, 0x0000000084400000| Untracked 
|  69|0x0000000084500000, 0x0000000084600000, 0x0000000084600000|100%| O|  |TAMS 0x0000000084500000, 0x0000000084500000| Untracked 
|  70|0x0000000084600000, 0x0000000084700000, 0x0000000084700000|100%| O|  |TAMS 0x0000000084600000, 0x0000000084600000| Untracked 
|  71|0x0000000084700000, 0x0000000084800000, 0x0000000084800000|100%| O|  |TAMS 0x0000000084700000, 0x0000000084700000| Untracked 
|  72|0x0000000084800000, 0x0000000084900000, 0x0000000084900000|100%| O|  |TAMS 0x0000000084800000, 0x0000000084800000| Untracked 
|  73|0x0000000084900000, 0x0000000084a00000, 0x0000000084a00000|100%| O|  |TAMS 0x0000000084900000, 0x0000000084900000| Untracked 
|  74|0x0000000084a00000, 0x0000000084b00000, 0x0000000084b00000|100%| O|  |TAMS 0x0000000084a00000, 0x0000000084a00000| Untracked 
|  75|0x0000000084b00000, 0x0000000084c00000, 0x0000000084c00000|100%| O|  |TAMS 0x0000000084b00000, 0x0000000084b00000| Untracked 
|  76|0x0000000084c00000, 0x0000000084d00000, 0x0000000084d00000|100%| O|  |TAMS 0x0000000084c00000, 0x0000000084c00000| Untracked 
|  77|0x0000000084d00000, 0x0000000084e00000, 0x0000000084e00000|100%| O|  |TAMS 0x0000000084d00000, 0x0000000084d00000| Untracked 
|  78|0x0000000084e00000, 0x0000000084f00000, 0x0000000084f00000|100%| O|  |TAMS 0x0000000084e00000, 0x0000000084e00000| Untracked 
|  79|0x0000000084f00000, 0x0000000085000000, 0x0000000085000000|100%| O|  |TAMS 0x0000000084f00000, 0x0000000084f00000| Untracked 
|  80|0x0000000085000000, 0x0000000085100000, 0x0000000085100000|100%| O|  |TAMS 0x0000000085000000, 0x0000000085000000| Untracked 
|  81|0x0000000085100000, 0x0000000085200000, 0x0000000085200000|100%| O|  |TAMS 0x0000000085100000, 0x0000000085100000| Untracked 
|  82|0x0000000085200000, 0x0000000085220600, 0x0000000085300000| 12%| O|  |TAMS 0x0000000085200000, 0x0000000085200000| Untracked 
|  83|0x0000000085300000, 0x0000000085300000, 0x0000000085400000|  0%| F|  |TAMS 0x0000000085300000, 0x0000000085300000| Untracked 
|  84|0x0000000085400000, 0x0000000085400000, 0x0000000085500000|  0%| F|  |TAMS 0x0000000085400000, 0x0000000085400000| Untracked 
|  85|0x0000000085500000, 0x0000000085500000, 0x0000000085600000|  0%| F|  |TAMS 0x0000000085500000, 0x0000000085500000| Untracked 
|  86|0x0000000085600000, 0x0000000085600000, 0x0000000085700000|  0%| F|  |TAMS 0x0000000085600000, 0x0000000085600000| Untracked 
|  87|0x0000000085700000, 0x0000000085700000, 0x0000000085800000|  0%| F|  |TAMS 0x0000000085700000, 0x0000000085700000| Untracked 
|  88|0x0000000085800000, 0x0000000085800000, 0x0000000085900000|  0%| F|  |TAMS 0x0000000085800000, 0x0000000085800000| Untracked 
|  89|0x0000000085900000, 0x0000000085900000, 0x0000000085a00000|  0%| F|  |TAMS 0x0000000085900000, 0x0000000085900000| Untracked 
|  90|0x0000000085a00000, 0x0000000085a00000, 0x0000000085b00000|  0%| F|  |TAMS 0x0000000085a00000, 0x0000000085a00000| Untracked 
|  91|0x0000000085b00000, 0x0000000085b00000, 0x0000000085c00000|  0%| F|  |TAMS 0x0000000085b00000, 0x0000000085b00000| Untracked 
|  92|0x0000000085c00000, 0x0000000085c00000, 0x0000000085d00000|  0%| F|  |TAMS 0x0000000085c00000, 0x0000000085c00000| Untracked 
|  93|0x0000000085d00000, 0x0000000085d00000, 0x0000000085e00000|  0%| F|  |TAMS 0x0000000085d00000, 0x0000000085d00000| Untracked 
|  94|0x0000000085e00000, 0x0000000085e00000, 0x0000000085f00000|  0%| F|  |TAMS 0x0000000085e00000, 0x0000000085e00000| Untracked 
|  95|0x0000000085f00000, 0x0000000085f00000, 0x0000000086000000|  0%| F|  |TAMS 0x0000000085f00000, 0x0000000085f00000| Untracked 
|  96|0x0000000086000000, 0x0000000086000000, 0x0000000086100000|  0%| F|  |TAMS 0x0000000086000000, 0x0000000086000000| Untracked 
|  97|0x0000000086100000, 0x0000000086100000, 0x0000000086200000|  0%| F|  |TAMS 0x0000000086100000, 0x0000000086100000| Untracked 
|  98|0x0000000086200000, 0x0000000086200000, 0x0000000086300000|  0%| F|  |TAMS 0x0000000086200000, 0x0000000086200000| Untracked 
|  99|0x0000000086300000, 0x0000000086300000, 0x0000000086400000|  0%| F|  |TAMS 0x0000000086300000, 0x0000000086300000| Untracked 
| 100|0x0000000086400000, 0x0000000086400000, 0x0000000086500000|  0%| F|  |TAMS 0x0000000086400000, 0x0000000086400000| Untracked 
| 101|0x0000000086500000, 0x0000000086500000, 0x0000000086600000|  0%| F|  |TAMS 0x0000000086500000, 0x0000000086500000| Untracked 
| 102|0x0000000086600000, 0x0000000086600000, 0x0000000086700000|  0%| F|  |TAMS 0x0000000086600000, 0x0000000086600000| Untracked 
| 103|0x0000000086700000, 0x0000000086700000, 0x0000000086800000|  0%| F|  |TAMS 0x0000000086700000, 0x0000000086700000| Untracked 
| 104|0x0000000086800000, 0x0000000086800000, 0x0000000086900000|  0%| F|  |TAMS 0x0000000086800000, 0x0000000086800000| Untracked 
| 105|0x0000000086900000, 0x0000000086900000, 0x0000000086a00000|  0%| F|  |TAMS 0x0000000086900000, 0x0000000086900000| Untracked 
| 106|0x0000000086a00000, 0x0000000086a00000, 0x0000000086b00000|  0%| F|  |TAMS 0x0000000086a00000, 0x0000000086a00000| Untracked 
| 107|0x0000000086b00000, 0x0000000086b00000, 0x0000000086c00000|  0%| F|  |TAMS 0x0000000086b00000, 0x0000000086b00000| Untracked 
| 108|0x0000000086c00000, 0x0000000086c00000, 0x0000000086d00000|  0%| F|  |TAMS 0x0000000086c00000, 0x0000000086c00000| Untracked 
| 109|0x0000000086d00000, 0x0000000086d00000, 0x0000000086e00000|  0%| F|  |TAMS 0x0000000086d00000, 0x0000000086d00000| Untracked 
| 110|0x0000000086e00000, 0x0000000086e00000, 0x0000000086f00000|  0%| F|  |TAMS 0x0000000086e00000, 0x0000000086e00000| Untracked 
| 111|0x0000000086f00000, 0x0000000086f00000, 0x0000000087000000|  0%| F|  |TAMS 0x0000000086f00000, 0x0000000086f00000| Untracked 
| 112|0x0000000087000000, 0x0000000087000000, 0x0000000087100000|  0%| F|  |TAMS 0x0000000087000000, 0x0000000087000000| Untracked 
| 113|0x0000000087100000, 0x0000000087100000, 0x0000000087200000|  0%| F|  |TAMS 0x0000000087100000, 0x0000000087100000| Untracked 
| 114|0x0000000087200000, 0x0000000087200000, 0x0000000087300000|  0%| F|  |TAMS 0x0000000087200000, 0x0000000087200000| Untracked 
| 115|0x0000000087300000, 0x0000000087300000, 0x0000000087400000|  0%| F|  |TAMS 0x0000000087300000, 0x0000000087300000| Untracked 
| 116|0x0000000087400000, 0x0000000087400000, 0x0000000087500000|  0%| F|  |TAMS 0x0000000087400000, 0x0000000087400000| Untracked 
| 117|0x0000000087500000, 0x0000000087500000, 0x0000000087600000|  0%| F|  |TAMS 0x0000000087500000, 0x0000000087500000| Untracked 
| 118|0x0000000087600000, 0x0000000087600000, 0x0000000087700000|  0%| F|  |TAMS 0x0000000087600000, 0x0000000087600000| Untracked 
| 119|0x0000000087700000, 0x0000000087700000, 0x0000000087800000|  0%| F|  |TAMS 0x0000000087700000, 0x0000000087700000| Untracked 
| 120|0x0000000087800000, 0x0000000087800000, 0x0000000087900000|  0%| F|  |TAMS 0x0000000087800000, 0x0000000087800000| Untracked 
| 121|0x0000000087900000, 0x0000000087900000, 0x0000000087a00000|  0%| F|  |TAMS 0x0000000087900000, 0x0000000087900000| Untracked 
| 122|0x0000000087a00000, 0x0000000087a00000, 0x0000000087b00000|  0%| F|  |TAMS 0x0000000087a00000, 0x0000000087a00000| Untracked 
| 123|0x0000000087b00000, 0x0000000087b00000, 0x0000000087c00000|  0%| F|  |TAMS 0x0000000087b00000, 0x0000000087b00000| Untracked 
| 124|0x0000000087c00000, 0x0000000087c00000, 0x0000000087d00000|  0%| F|  |TAMS 0x0000000087c00000, 0x0000000087c00000| Untracked 
| 125|0x0000000087d00000, 0x0000000087d00000, 0x0000000087e00000|  0%| F|  |TAMS 0x0000000087d00000, 0x0000000087d00000| Untracked 
| 126|0x0000000087e00000, 0x0000000087e00000, 0x0000000087f00000|  0%| F|  |TAMS 0x0000000087e00000, 0x0000000087e00000| Untracked 
| 127|0x0000000087f00000, 0x0000000087f00000, 0x0000000088000000|  0%| F|  |TAMS 0x0000000087f00000, 0x0000000087f00000| Untracked 
| 128|0x0000000088000000, 0x0000000088000000, 0x0000000088100000|  0%| F|  |TAMS 0x0000000088000000, 0x0000000088000000| Untracked 
| 129|0x0000000088100000, 0x0000000088100000, 0x0000000088200000|  0%| F|  |TAMS 0x0000000088100000, 0x0000000088100000| Untracked 
| 130|0x0000000088200000, 0x0000000088200000, 0x0000000088300000|  0%| F|  |TAMS 0x0000000088200000, 0x0000000088200000| Untracked 
| 131|0x0000000088300000, 0x0000000088300000, 0x0000000088400000|  0%| F|  |TAMS 0x0000000088300000, 0x0000000088300000| Untracked 
| 132|0x0000000088400000, 0x0000000088400000, 0x0000000088500000|  0%| F|  |TAMS 0x0000000088400000, 0x0000000088400000| Untracked 
| 133|0x0000000088500000, 0x0000000088565300, 0x0000000088600000| 39%| S|CS|TAMS 0x0000000088500000, 0x0000000088500000| Complete 
| 134|0x0000000088600000, 0x0000000088700000, 0x0000000088700000|100%| S|CS|TAMS 0x0000000088600000, 0x0000000088600000| Complete 
| 135|0x0000000088700000, 0x0000000088800000, 0x0000000088800000|100%| S|CS|TAMS 0x0000000088700000, 0x0000000088700000| Complete 
| 136|0x0000000088800000, 0x0000000088900000, 0x0000000088900000|100%| S|CS|TAMS 0x0000000088800000, 0x0000000088800000| Complete 
| 137|0x0000000088900000, 0x0000000088a00000, 0x0000000088a00000|100%| S|CS|TAMS 0x0000000088900000, 0x0000000088900000| Complete 
| 138|0x0000000088a00000, 0x0000000088b00000, 0x0000000088b00000|100%| S|CS|TAMS 0x0000000088a00000, 0x0000000088a00000| Complete 
| 139|0x0000000088b00000, 0x0000000088c00000, 0x0000000088c00000|100%| S|CS|TAMS 0x0000000088b00000, 0x0000000088b00000| Complete 
| 140|0x0000000088c00000, 0x0000000088c00000, 0x0000000088d00000|  0%| F|  |TAMS 0x0000000088c00000, 0x0000000088c00000| Untracked 
| 141|0x0000000088d00000, 0x0000000088d00000, 0x0000000088e00000|  0%| F|  |TAMS 0x0000000088d00000, 0x0000000088d00000| Untracked 
| 142|0x0000000088e00000, 0x0000000088e00000, 0x0000000088f00000|  0%| F|  |TAMS 0x0000000088e00000, 0x0000000088e00000| Untracked 
| 143|0x0000000088f00000, 0x0000000088f00000, 0x0000000089000000|  0%| F|  |TAMS 0x0000000088f00000, 0x0000000088f00000| Untracked 
| 144|0x0000000089000000, 0x0000000089000000, 0x0000000089100000|  0%| F|  |TAMS 0x0000000089000000, 0x0000000089000000| Untracked 
| 145|0x0000000089100000, 0x0000000089100000, 0x0000000089200000|  0%| F|  |TAMS 0x0000000089100000, 0x0000000089100000| Untracked 
| 146|0x0000000089200000, 0x0000000089200000, 0x0000000089300000|  0%| F|  |TAMS 0x0000000089200000, 0x0000000089200000| Untracked 
| 147|0x0000000089300000, 0x0000000089300000, 0x0000000089400000|  0%| F|  |TAMS 0x0000000089300000, 0x0000000089300000| Untracked 
| 148|0x0000000089400000, 0x0000000089400000, 0x0000000089500000|  0%| F|  |TAMS 0x0000000089400000, 0x0000000089400000| Untracked 
| 149|0x0000000089500000, 0x0000000089500000, 0x0000000089600000|  0%| F|  |TAMS 0x0000000089500000, 0x0000000089500000| Untracked 
| 150|0x0000000089600000, 0x0000000089600000, 0x0000000089700000|  0%| F|  |TAMS 0x0000000089600000, 0x0000000089600000| Untracked 
| 151|0x0000000089700000, 0x0000000089700000, 0x0000000089800000|  0%| F|  |TAMS 0x0000000089700000, 0x0000000089700000| Untracked 
| 152|0x0000000089800000, 0x0000000089800000, 0x0000000089900000|  0%| F|  |TAMS 0x0000000089800000, 0x0000000089800000| Untracked 
| 153|0x0000000089900000, 0x0000000089900000, 0x0000000089a00000|  0%| F|  |TAMS 0x0000000089900000, 0x0000000089900000| Untracked 
| 154|0x0000000089a00000, 0x0000000089a00000, 0x0000000089b00000|  0%| F|  |TAMS 0x0000000089a00000, 0x0000000089a00000| Untracked 
| 155|0x0000000089b00000, 0x0000000089b00000, 0x0000000089c00000|  0%| F|  |TAMS 0x0000000089b00000, 0x0000000089b00000| Untracked 
| 156|0x0000000089c00000, 0x0000000089c00000, 0x0000000089d00000|  0%| F|  |TAMS 0x0000000089c00000, 0x0000000089c00000| Untracked 
| 157|0x0000000089d00000, 0x0000000089d00000, 0x0000000089e00000|  0%| F|  |TAMS 0x0000000089d00000, 0x0000000089d00000| Untracked 
| 158|0x0000000089e00000, 0x0000000089e00000, 0x0000000089f00000|  0%| F|  |TAMS 0x0000000089e00000, 0x0000000089e00000| Untracked 
| 159|0x0000000089f00000, 0x0000000089f00000, 0x000000008a000000|  0%| F|  |TAMS 0x0000000089f00000, 0x0000000089f00000| Untracked 
| 160|0x000000008a000000, 0x000000008a000000, 0x000000008a100000|  0%| F|  |TAMS 0x000000008a000000, 0x000000008a000000| Untracked 
| 161|0x000000008a100000, 0x000000008a100000, 0x000000008a200000|  0%| F|  |TAMS 0x000000008a100000, 0x000000008a100000| Untracked 
| 162|0x000000008a200000, 0x000000008a200000, 0x000000008a300000|  0%| F|  |TAMS 0x000000008a200000, 0x000000008a200000| Untracked 
| 163|0x000000008a300000, 0x000000008a300000, 0x000000008a400000|  0%| F|  |TAMS 0x000000008a300000, 0x000000008a300000| Untracked 
| 164|0x000000008a400000, 0x000000008a400000, 0x000000008a500000|  0%| F|  |TAMS 0x000000008a400000, 0x000000008a400000| Untracked 
| 165|0x000000008a500000, 0x000000008a500000, 0x000000008a600000|  0%| F|  |TAMS 0x000000008a500000, 0x000000008a500000| Untracked 
| 166|0x000000008a600000, 0x000000008a600000, 0x000000008a700000|  0%| F|  |TAMS 0x000000008a600000, 0x000000008a600000| Untracked 
| 167|0x000000008a700000, 0x000000008a700000, 0x000000008a800000|  0%| F|  |TAMS 0x000000008a700000, 0x000000008a700000| Untracked 
| 168|0x000000008a800000, 0x000000008a800000, 0x000000008a900000|  0%| F|  |TAMS 0x000000008a800000, 0x000000008a800000| Untracked 
| 169|0x000000008a900000, 0x000000008a900000, 0x000000008aa00000|  0%| F|  |TAMS 0x000000008a900000, 0x000000008a900000| Untracked 
| 170|0x000000008aa00000, 0x000000008aa00000, 0x000000008ab00000|  0%| F|  |TAMS 0x000000008aa00000, 0x000000008aa00000| Untracked 
| 171|0x000000008ab00000, 0x000000008ab00000, 0x000000008ac00000|  0%| F|  |TAMS 0x000000008ab00000, 0x000000008ab00000| Untracked 
| 172|0x000000008ac00000, 0x000000008ac00000, 0x000000008ad00000|  0%| F|  |TAMS 0x000000008ac00000, 0x000000008ac00000| Untracked 
| 173|0x000000008ad00000, 0x000000008ad00000, 0x000000008ae00000|  0%| F|  |TAMS 0x000000008ad00000, 0x000000008ad00000| Untracked 
| 174|0x000000008ae00000, 0x000000008ae00000, 0x000000008af00000|  0%| F|  |TAMS 0x000000008ae00000, 0x000000008ae00000| Untracked 
| 175|0x000000008af00000, 0x000000008af00000, 0x000000008b000000|  0%| F|  |TAMS 0x000000008af00000, 0x000000008af00000| Untracked 
| 176|0x000000008b000000, 0x000000008b000000, 0x000000008b100000|  0%| F|  |TAMS 0x000000008b000000, 0x000000008b000000| Untracked 
| 177|0x000000008b100000, 0x000000008b100000, 0x000000008b200000|  0%| F|  |TAMS 0x000000008b100000, 0x000000008b100000| Untracked 
| 178|0x000000008b200000, 0x000000008b200000, 0x000000008b300000|  0%| F|  |TAMS 0x000000008b200000, 0x000000008b200000| Untracked 
| 179|0x000000008b300000, 0x000000008b300000, 0x000000008b400000|  0%| F|  |TAMS 0x000000008b300000, 0x000000008b300000| Untracked 
| 180|0x000000008b400000, 0x000000008b400000, 0x000000008b500000|  0%| F|  |TAMS 0x000000008b400000, 0x000000008b400000| Untracked 
| 181|0x000000008b500000, 0x000000008b500000, 0x000000008b600000|  0%| F|  |TAMS 0x000000008b500000, 0x000000008b500000| Untracked 
| 182|0x000000008b600000, 0x000000008b600000, 0x000000008b700000|  0%| F|  |TAMS 0x000000008b600000, 0x000000008b600000| Untracked 
| 183|0x000000008b700000, 0x000000008b700000, 0x000000008b800000|  0%| F|  |TAMS 0x000000008b700000, 0x000000008b700000| Untracked 
| 184|0x000000008b800000, 0x000000008b8d57e8, 0x000000008b900000| 83%| E|  |TAMS 0x000000008b800000, 0x000000008b800000| Complete 
| 185|0x000000008b900000, 0x000000008ba00000, 0x000000008ba00000|100%| E|CS|TAMS 0x000000008b900000, 0x000000008b900000| Complete 
| 186|0x000000008ba00000, 0x000000008bb00000, 0x000000008bb00000|100%| E|CS|TAMS 0x000000008ba00000, 0x000000008ba00000| Complete 
| 187|0x000000008bb00000, 0x000000008bc00000, 0x000000008bc00000|100%| E|  |TAMS 0x000000008bb00000, 0x000000008bb00000| Complete 
| 188|0x000000008bc00000, 0x000000008bd00000, 0x000000008bd00000|100%| E|CS|TAMS 0x000000008bc00000, 0x000000008bc00000| Complete 
| 189|0x000000008bd00000, 0x000000008be00000, 0x000000008be00000|100%| E|CS|TAMS 0x000000008bd00000, 0x000000008bd00000| Complete 
| 190|0x000000008be00000, 0x000000008bf00000, 0x000000008bf00000|100%| E|CS|TAMS 0x000000008be00000, 0x000000008be00000| Complete 
| 191|0x000000008bf00000, 0x000000008c000000, 0x000000008c000000|100%| E|CS|TAMS 0x000000008bf00000, 0x000000008bf00000| Complete 
| 192|0x000000008c000000, 0x000000008c100000, 0x000000008c100000|100%| E|CS|TAMS 0x000000008c000000, 0x000000008c000000| Complete 
| 193|0x000000008c100000, 0x000000008c200000, 0x000000008c200000|100%| E|CS|TAMS 0x000000008c100000, 0x000000008c100000| Complete 
| 194|0x000000008c200000, 0x000000008c300000, 0x000000008c300000|100%| E|CS|TAMS 0x000000008c200000, 0x000000008c200000| Complete 
| 195|0x000000008c300000, 0x000000008c400000, 0x000000008c400000|100%| E|CS|TAMS 0x000000008c300000, 0x000000008c300000| Complete 
| 196|0x000000008c400000, 0x000000008c500000, 0x000000008c500000|100%| E|CS|TAMS 0x000000008c400000, 0x000000008c400000| Complete 
| 197|0x000000008c500000, 0x000000008c600000, 0x000000008c600000|100%| E|CS|TAMS 0x000000008c500000, 0x000000008c500000| Complete 
| 198|0x000000008c600000, 0x000000008c700000, 0x000000008c700000|100%| E|CS|TAMS 0x000000008c600000, 0x000000008c600000| Complete 
| 199|0x000000008c700000, 0x000000008c800000, 0x000000008c800000|100%| E|CS|TAMS 0x000000008c700000, 0x000000008c700000| Complete 
| 200|0x000000008c800000, 0x000000008c900000, 0x000000008c900000|100%| E|CS|TAMS 0x000000008c800000, 0x000000008c800000| Complete 
| 201|0x000000008c900000, 0x000000008ca00000, 0x000000008ca00000|100%| E|CS|TAMS 0x000000008c900000, 0x000000008c900000| Complete 
| 202|0x000000008ca00000, 0x000000008cb00000, 0x000000008cb00000|100%| E|CS|TAMS 0x000000008ca00000, 0x000000008ca00000| Complete 
| 203|0x000000008cb00000, 0x000000008cc00000, 0x000000008cc00000|100%| E|CS|TAMS 0x000000008cb00000, 0x000000008cb00000| Complete 
| 204|0x000000008cc00000, 0x000000008cd00000, 0x000000008cd00000|100%| E|CS|TAMS 0x000000008cc00000, 0x000000008cc00000| Complete 
| 205|0x000000008cd00000, 0x000000008ce00000, 0x000000008ce00000|100%| E|CS|TAMS 0x000000008cd00000, 0x000000008cd00000| Complete 
| 206|0x000000008ce00000, 0x000000008cf00000, 0x000000008cf00000|100%| E|CS|TAMS 0x000000008ce00000, 0x000000008ce00000| Complete 
| 207|0x000000008cf00000, 0x000000008d000000, 0x000000008d000000|100%| E|CS|TAMS 0x000000008cf00000, 0x000000008cf00000| Complete 
| 208|0x000000008d000000, 0x000000008d100000, 0x000000008d100000|100%| E|CS|TAMS 0x000000008d000000, 0x000000008d000000| Complete 
| 209|0x000000008d100000, 0x000000008d200000, 0x000000008d200000|100%| E|CS|TAMS 0x000000008d100000, 0x000000008d100000| Complete 
| 210|0x000000008d200000, 0x000000008d300000, 0x000000008d300000|100%| E|CS|TAMS 0x000000008d200000, 0x000000008d200000| Complete 
| 211|0x000000008d300000, 0x000000008d400000, 0x000000008d400000|100%| E|CS|TAMS 0x000000008d300000, 0x000000008d300000| Complete 
| 212|0x000000008d400000, 0x000000008d500000, 0x000000008d500000|100%| E|CS|TAMS 0x000000008d400000, 0x000000008d400000| Complete 
| 213|0x000000008d500000, 0x000000008d600000, 0x000000008d600000|100%| E|CS|TAMS 0x000000008d500000, 0x000000008d500000| Complete 
| 214|0x000000008d600000, 0x000000008d700000, 0x000000008d700000|100%| E|CS|TAMS 0x000000008d600000, 0x000000008d600000| Complete 
| 215|0x000000008d700000, 0x000000008d800000, 0x000000008d800000|100%| E|CS|TAMS 0x000000008d700000, 0x000000008d700000| Complete 
| 216|0x000000008d800000, 0x000000008d900000, 0x000000008d900000|100%| E|CS|TAMS 0x000000008d800000, 0x000000008d800000| Complete 
| 217|0x000000008d900000, 0x000000008da00000, 0x000000008da00000|100%| E|CS|TAMS 0x000000008d900000, 0x000000008d900000| Complete 
| 218|0x000000008da00000, 0x000000008db00000, 0x000000008db00000|100%| E|CS|TAMS 0x000000008da00000, 0x000000008da00000| Complete 
| 219|0x000000008db00000, 0x000000008dc00000, 0x000000008dc00000|100%| E|CS|TAMS 0x000000008db00000, 0x000000008db00000| Complete 
| 220|0x000000008dc00000, 0x000000008dd00000, 0x000000008dd00000|100%| E|CS|TAMS 0x000000008dc00000, 0x000000008dc00000| Complete 
| 221|0x000000008dd00000, 0x000000008de00000, 0x000000008de00000|100%| E|CS|TAMS 0x000000008dd00000, 0x000000008dd00000| Complete 
| 222|0x000000008de00000, 0x000000008df00000, 0x000000008df00000|100%| E|CS|TAMS 0x000000008de00000, 0x000000008de00000| Complete 
| 223|0x000000008df00000, 0x000000008e000000, 0x000000008e000000|100%| E|CS|TAMS 0x000000008df00000, 0x000000008df00000| Complete 
| 224|0x000000008e000000, 0x000000008e100000, 0x000000008e100000|100%| E|CS|TAMS 0x000000008e000000, 0x000000008e000000| Complete 
| 225|0x000000008e100000, 0x000000008e200000, 0x000000008e200000|100%| E|CS|TAMS 0x000000008e100000, 0x000000008e100000| Complete 
| 226|0x000000008e200000, 0x000000008e300000, 0x000000008e300000|100%| E|CS|TAMS 0x000000008e200000, 0x000000008e200000| Complete 
| 227|0x000000008e300000, 0x000000008e400000, 0x000000008e400000|100%| E|CS|TAMS 0x000000008e300000, 0x000000008e300000| Complete 
| 228|0x000000008e400000, 0x000000008e500000, 0x000000008e500000|100%| E|CS|TAMS 0x000000008e400000, 0x000000008e400000| Complete 
| 229|0x000000008e500000, 0x000000008e600000, 0x000000008e600000|100%| E|CS|TAMS 0x000000008e500000, 0x000000008e500000| Complete 
| 230|0x000000008e600000, 0x000000008e700000, 0x000000008e700000|100%| E|CS|TAMS 0x000000008e600000, 0x000000008e600000| Complete 
| 231|0x000000008e700000, 0x000000008e800000, 0x000000008e800000|100%| E|CS|TAMS 0x000000008e700000, 0x000000008e700000| Complete 
| 232|0x000000008e800000, 0x000000008e900000, 0x000000008e900000|100%| E|CS|TAMS 0x000000008e800000, 0x000000008e800000| Complete 
| 233|0x000000008e900000, 0x000000008ea00000, 0x000000008ea00000|100%| E|CS|TAMS 0x000000008e900000, 0x000000008e900000| Complete 
| 234|0x000000008ea00000, 0x000000008eb00000, 0x000000008eb00000|100%| E|CS|TAMS 0x000000008ea00000, 0x000000008ea00000| Complete 
| 235|0x000000008eb00000, 0x000000008ec00000, 0x000000008ec00000|100%| E|CS|TAMS 0x000000008eb00000, 0x000000008eb00000| Complete 
| 236|0x000000008ec00000, 0x000000008ed00000, 0x000000008ed00000|100%| E|CS|TAMS 0x000000008ec00000, 0x000000008ec00000| Complete 
| 237|0x000000008ed00000, 0x000000008ee00000, 0x000000008ee00000|100%| E|CS|TAMS 0x000000008ed00000, 0x000000008ed00000| Complete 
| 238|0x000000008ee00000, 0x000000008ef00000, 0x000000008ef00000|100%| E|CS|TAMS 0x000000008ee00000, 0x000000008ee00000| Complete 
| 239|0x000000008ef00000, 0x000000008f000000, 0x000000008f000000|100%| E|CS|TAMS 0x000000008ef00000, 0x000000008ef00000| Complete 
| 240|0x000000008f000000, 0x000000008f100000, 0x000000008f100000|100%| E|CS|TAMS 0x000000008f000000, 0x000000008f000000| Complete 
| 241|0x000000008f100000, 0x000000008f200000, 0x000000008f200000|100%| E|CS|TAMS 0x000000008f100000, 0x000000008f100000| Complete 
| 242|0x000000008f200000, 0x000000008f300000, 0x000000008f300000|100%| E|CS|TAMS 0x000000008f200000, 0x000000008f200000| Complete 
| 243|0x000000008f300000, 0x000000008f400000, 0x000000008f400000|100%| E|CS|TAMS 0x000000008f300000, 0x000000008f300000| Complete 
| 244|0x000000008f400000, 0x000000008f500000, 0x000000008f500000|100%| E|CS|TAMS 0x000000008f400000, 0x000000008f400000| Complete 
| 245|0x000000008f500000, 0x000000008f600000, 0x000000008f600000|100%| E|CS|TAMS 0x000000008f500000, 0x000000008f500000| Complete 
| 246|0x000000008f600000, 0x000000008f700000, 0x000000008f700000|100%| E|CS|TAMS 0x000000008f600000, 0x000000008f600000| Complete 
| 247|0x000000008f700000, 0x000000008f800000, 0x000000008f800000|100%| E|CS|TAMS 0x000000008f700000, 0x000000008f700000| Complete 
| 248|0x000000008f800000, 0x000000008f900000, 0x000000008f900000|100%| E|CS|TAMS 0x000000008f800000, 0x000000008f800000| Complete 
| 249|0x000000008f900000, 0x000000008fa00000, 0x000000008fa00000|100%| E|CS|TAMS 0x000000008f900000, 0x000000008f900000| Complete 
| 250|0x000000008fa00000, 0x000000008fb00000, 0x000000008fb00000|100%| E|CS|TAMS 0x000000008fa00000, 0x000000008fa00000| Complete 
| 251|0x000000008fb00000, 0x000000008fc00000, 0x000000008fc00000|100%| E|CS|TAMS 0x000000008fb00000, 0x000000008fb00000| Complete 
| 252|0x000000008fc00000, 0x000000008fd00000, 0x000000008fd00000|100%| E|CS|TAMS 0x000000008fc00000, 0x000000008fc00000| Complete 
| 253|0x000000008fd00000, 0x000000008fe00000, 0x000000008fe00000|100%| E|CS|TAMS 0x000000008fd00000, 0x000000008fd00000| Complete 

Card table byte_map: [0x0000027dfe750000,0x0000027dfeb50000] _byte_map_base: 0x0000027dfe350000

Marking Bits (Prev, Next): (CMBitMap*) 0x0000027dea8dfaa8, (CMBitMap*) 0x0000027dea8dfae0
 Prev Bits: [0x0000027d80000000, 0x0000027d82000000)
 Next Bits: [0x0000027d82000000, 0x0000027d84000000)

Polling page: 0x0000027de90a0000

Metaspace:

Usage:
  Non-class:     86.89 MB capacity,    85.05 MB ( 98%) used,     1.50 MB (  2%) free+waste,   345.69 KB ( <1%) overhead. 
      Class:     13.40 MB capacity,    12.25 MB ( 91%) used,  1020.77 KB (  7%) free+waste,   156.44 KB (  1%) overhead. 
       Both:    100.29 MB capacity,    97.30 MB ( 97%) used,     2.50 MB (  2%) free+waste,   502.13 KB ( <1%) overhead. 

Virtual space:
  Non-class space:       88.00 MB reserved,      87.12 MB (>99%) committed 
      Class space:        1.00 GB reserved,      13.45 MB (  1%) committed 
             Both:        1.09 GB reserved,     100.57 MB (  9%) committed 

Chunk freelists:
   Non-Class:  44.00 KB
       Class:  0 bytes
        Both:  44.00 KB

MaxMetaspaceSize: 17179869184.00 GB
CompressedClassSpaceSize: 1.00 GB

CodeHeap 'non-profiled nmethods': size=119168Kb used=9776Kb max_used=9776Kb free=109391Kb
 bounds [0x0000027df5f30000, 0x0000027df68c0000, 0x0000027dfd390000]
CodeHeap 'profiled nmethods': size=119168Kb used=34222Kb max_used=34222Kb free=84945Kb
 bounds [0x0000027deead0000, 0x0000027df0c40000, 0x0000027df5f30000]
CodeHeap 'non-nmethods': size=7424Kb used=2879Kb max_used=4061Kb free=4544Kb
 bounds [0x0000027dee390000, 0x0000027dee7a0000, 0x0000027deead0000]
 total_blobs=16331 nmethods=15404 adapters=836
 compilation: enabled
              stopped_count=0, restarted_count=0
 full_count=0

Compilation events (20 events):
Event: 72.088 Thread 0x0000027d93bef800 nmethod 15316 0x0000027df68a6b90 code [0x0000027df68a6da0, 0x0000027df68a7a88]
Event: 72.088 Thread 0x0000027d93bef800 15335       4       com.google.common.collect.ImmutableMultimap$1::next (5 bytes)
Event: 72.088 Thread 0x0000027d868ae000 15343       1       java.security.DrbgParameters$NextBytes::getStrength (5 bytes)
Event: 72.088 Thread 0x0000027d89493000 15344       1       java.security.DrbgParameters$NextBytes::getPredictionResistance (5 bytes)
Event: 72.088 Thread 0x0000027d868ae000 nmethod 15343 0x0000027df68a8190 code [0x0000027df68a8340, 0x0000027df68a83f8]
Event: 72.088 Thread 0x0000027d89493000 nmethod 15344 0x0000027df68a8490 code [0x0000027df68a8640, 0x0000027df68a86f8]
Event: 72.089 Thread 0x0000027d868ae000 15345       1       org.gradle.api.internal.artifacts.ivyservice.resolutionstrategy.DefaultResolutionStrategy::getConflictResolution (5 bytes)
Event: 72.092 Thread 0x0000027d93bf0800 nmethod 15321 0x0000027df68a8790 code [0x0000027df68a8940, 0x0000027df68a8cc8]
Event: 72.092 Thread 0x0000027d93bf0800 15326       4       com.google.common.collect.CompactHashMap$Itr::next (53 bytes)
Event: 72.092 Thread 0x0000027d868ae000 nmethod 15345 0x0000027df68a8e90 code [0x0000027df68a9040, 0x0000027df68a90f8]
Event: 72.092 Thread 0x0000027d89493000 15346       1       org.gradle.internal.component.local.model.DefaultLocalComponentMetadata::access$1700 (5 bytes)
Event: 72.092 Thread 0x0000027d89493000 nmethod 15346 0x0000027df68a9190 code [0x0000027df68a9340, 0x0000027df68a93d8]
Event: 72.095 Thread 0x0000027d93bf0800 nmethod 15326 0x0000027df68a9490 code [0x0000027df68a9640, 0x0000027df68a98d8]
Event: 72.095 Thread 0x0000027d93bf0800 15318       4       org.gradle.internal.execution.impl.DefaultExecutionEngine$1::<init> (15 bytes)
Event: 72.097 Thread 0x0000027d93bf0800 nmethod 15318 0x0000027df68a9b90 code [0x0000027df68a9d20, 0x0000027df68a9f18]
Event: 72.097 Thread 0x0000027d93bf0800 15347       4       org.gradle.api.internal.artifacts.DependencyManagementGradleUserHomeScopeServices$$Lambda$1322/0x0000000100ba0840::test (12 bytes)
Event: 72.097 Thread 0x0000027d943e1800 nmethod 15334 0x0000027df68a9f90 code [0x0000027df68aa180, 0x0000027df68aa738]
Event: 72.097 Thread 0x0000027d93bef800 nmethod 15335 0x0000027df68aab10 code [0x0000027df68aad00, 0x0000027df68ab2b8]
Event: 72.097 Thread 0x0000027d93bef800 15348       4       org.gradle.internal.execution.impl.DefaultInputFingerprinter$InputCollectingVisitor::<init> (52 bytes)
Event: 72.097 Thread 0x0000027d943e1800 15349       4       org.gradle.api.internal.artifacts.transform.TransformationSubject$SubsequentTransformationSubject::getInitialComponentIdentifier (8 bytes)

GC Heap History (20 events):
Event: 1.811 GC heap before
{Heap before GC invocations=3 (full 0):
 garbage-first heap   total 260096K, used 76414K [0x0000000080000000, 0x0000000100000000)
  region size 1024K, 69 young (70656K), 11 survivors (11264K)
 Metaspace       used 26390K, capacity 27092K, committed 27184K, reserved 1073152K
  class space    used 3449K, capacity 3673K, committed 3712K, reserved 1048576K
}
Event: 1.816 GC heap after
{Heap after GC invocations=4 (full 0):
 garbage-first heap   total 260096K, used 18992K [0x0000000080000000, 0x0000000100000000)
  region size 1024K, 3 young (3072K), 3 survivors (3072K)
 Metaspace       used 26390K, capacity 27092K, committed 27184K, reserved 1073152K
  class space    used 3449K, capacity 3673K, committed 3712K, reserved 1048576K
}
Event: 2.292 GC heap before
{Heap before GC invocations=4 (full 0):
 garbage-first heap   total 260096K, used 70192K [0x0000000080000000, 0x0000000100000000)
  region size 1024K, 54 young (55296K), 3 survivors (3072K)
 Metaspace       used 34858K, capacity 35606K, committed 35708K, reserved 1081344K
  class space    used 4527K, capacity 4832K, committed 4864K, reserved 1048576K
}
Event: 2.300 GC heap after
{Heap after GC invocations=5 (full 0):
 garbage-first heap   total 260096K, used 21901K [0x0000000080000000, 0x0000000100000000)
  region size 1024K, 6 young (6144K), 6 survivors (6144K)
 Metaspace       used 34858K, capacity 35606K, committed 35708K, reserved 1081344K
  class space    used 4527K, capacity 4832K, committed 4864K, reserved 1048576K
}
Event: 3.203 GC heap before
{Heap before GC invocations=6 (full 0):
 garbage-first heap   total 260096K, used 146829K [0x0000000080000000, 0x0000000100000000)
  region size 1024K, 125 young (128000K), 6 survivors (6144K)
 Metaspace       used 44314K, capacity 45378K, committed 45692K, reserved 1089536K
  class space    used 5664K, capacity 6070K, committed 6144K, reserved 1048576K
}
Event: 3.213 GC heap after
{Heap after GC invocations=7 (full 0):
 garbage-first heap   total 260096K, used 29101K [0x0000000080000000, 0x0000000100000000)
  region size 1024K, 13 young (13312K), 13 survivors (13312K)
 Metaspace       used 44314K, capacity 45378K, committed 45692K, reserved 1089536K
  class space    used 5664K, capacity 6070K, committed 6144K, reserved 1048576K
}
Event: 4.418 GC heap before
{Heap before GC invocations=8 (full 0):
 garbage-first heap   total 260096K, used 177581K [0x0000000080000000, 0x0000000100000000)
  region size 1024K, 152 young (155648K), 13 survivors (13312K)
 Metaspace       used 57031K, capacity 58613K, committed 58876K, reserved 1099776K
  class space    used 7174K, capacity 7774K, committed 7808K, reserved 1048576K
}
Event: 4.427 GC heap after
{Heap after GC invocations=9 (full 0):
 garbage-first heap   total 260096K, used 49727K [0x0000000080000000, 0x0000000100000000)
  region size 1024K, 19 young (19456K), 19 survivors (19456K)
 Metaspace       used 57031K, capacity 58613K, committed 58876K, reserved 1099776K
  class space    used 7174K, capacity 7774K, committed 7808K, reserved 1048576K
}
Event: 5.411 GC heap before
{Heap before GC invocations=9 (full 0):
 garbage-first heap   total 260096K, used 185919K [0x0000000080000000, 0x0000000100000000)
  region size 1024K, 152 young (155648K), 19 survivors (19456K)
 Metaspace       used 68912K, capacity 70598K, committed 70652K, reserved 1110016K
  class space    used 8655K, capacity 9316K, committed 9344K, reserved 1048576K
}
Event: 5.422 GC heap after
{Heap after GC invocations=10 (full 0):
 garbage-first heap   total 260096K, used 61185K [0x0000000080000000, 0x0000000100000000)
  region size 1024K, 12 young (12288K), 12 survivors (12288K)
 Metaspace       used 68912K, capacity 70598K, committed 70652K, reserved 1110016K
  class space    used 8655K, capacity 9316K, committed 9344K, reserved 1048576K
}
Event: 5.937 GC heap before
{Heap before GC invocations=10 (full 0):
 garbage-first heap   total 260096K, used 111361K [0x0000000080000000, 0x0000000100000000)
  region size 1024K, 62 young (63488K), 12 survivors (12288K)
 Metaspace       used 74320K, capacity 76088K, committed 76156K, reserved 1116160K
  class space    used 9522K, capacity 10176K, committed 10240K, reserved 1048576K
}
Event: 5.952 GC heap after
{Heap after GC invocations=11 (full 0):
 garbage-first heap   total 260096K, used 64846K [0x0000000080000000, 0x0000000100000000)
  region size 1024K, 4 young (4096K), 4 survivors (4096K)
 Metaspace       used 74320K, capacity 76088K, committed 76156K, reserved 1116160K
  class space    used 9522K, capacity 10176K, committed 10240K, reserved 1048576K
}
Event: 7.181 GC heap before
{Heap before GC invocations=12 (full 0):
 garbage-first heap   total 260096K, used 201038K [0x0000000080000000, 0x0000000100000000)
  region size 1024K, 138 young (141312K), 4 survivors (4096K)
 Metaspace       used 84865K, capacity 87342K, committed 87496K, reserved 1124352K
  class space    used 11022K, capacity 11993K, committed 12108K, reserved 1048576K
}
Event: 7.190 GC heap after
{Heap after GC invocations=13 (full 0):
 garbage-first heap   total 260096K, used 74379K [0x0000000080000000, 0x0000000100000000)
  region size 1024K, 14 young (14336K), 14 survivors (14336K)
 Metaspace       used 84865K, capacity 87342K, committed 87496K, reserved 1124352K
  class space    used 11022K, capacity 11993K, committed 12108K, reserved 1048576K
}
Event: 8.474 GC heap before
{Heap before GC invocations=13 (full 0):
 garbage-first heap   total 260096K, used 202379K [0x0000000080000000, 0x0000000100000000)
  region size 1024K, 140 young (143360K), 14 survivors (14336K)
 Metaspace       used 89671K, capacity 92314K, committed 92488K, reserved 1128448K
  class space    used 11588K, capacity 12612K, committed 12748K, reserved 1048576K
}
Event: 8.486 GC heap after
{Heap after GC invocations=14 (full 0):
 garbage-first heap   total 260096K, used 81443K [0x0000000080000000, 0x0000000100000000)
  region size 1024K, 8 young (8192K), 8 survivors (8192K)
 Metaspace       used 89671K, capacity 92314K, committed 92488K, reserved 1128448K
  class space    used 11588K, capacity 12612K, committed 12748K, reserved 1048576K
}
Event: 23.541 GC heap before
{Heap before GC invocations=14 (full 0):
 garbage-first heap   total 260096K, used 205347K [0x0000000080000000, 0x0000000100000000)
  region size 1024K, 130 young (133120K), 8 survivors (8192K)
 Metaspace       used 98284K, capacity 101242K, committed 101320K, reserved 1136640K
  class space    used 12501K, capacity 13624K, committed 13644K, reserved 1048576K
}
Event: 23.549 GC heap after
{Heap after GC invocations=15 (full 0):
 garbage-first heap   total 260096K, used 89699K [0x0000000080000000, 0x0000000100000000)
  region size 1024K, 16 young (16384K), 16 survivors (16384K)
 Metaspace       used 98284K, capacity 101242K, committed 101320K, reserved 1136640K
  class space    used 12501K, capacity 13624K, committed 13644K, reserved 1048576K
}
Event: 44.413 GC heap before
{Heap before GC invocations=15 (full 0):
 garbage-first heap   total 260096K, used 205411K [0x0000000080000000, 0x0000000100000000)
  region size 1024K, 130 young (133120K), 16 survivors (16384K)
 Metaspace       used 99333K, capacity 102325K, committed 102472K, reserved 1138688K
  class space    used 12537K, capacity 13710K, committed 13772K, reserved 1048576K
}
Event: 44.423 GC heap after
{Heap after GC invocations=16 (full 0):
 garbage-first heap   total 260096K, used 90646K [0x0000000080000000, 0x0000000100000000)
  region size 1024K, 7 young (7168K), 7 survivors (7168K)
 Metaspace       used 99333K, capacity 102325K, committed 102472K, reserved 1138688K
  class space    used 12537K, capacity 13710K, committed 13772K, reserved 1048576K
}

Deoptimization events (20 events):
Event: 44.626 Thread 0x0000027d89cc3000 Uncommon trap: trap_request=0xfffffff4 fr.pc=0x0000027df67ced68 relative=0x00000000000074c8
Event: 44.626 Thread 0x0000027d89cc3000 Uncommon trap: reason=null_check action=make_not_entrant pc=0x0000027df67ced68 method=java.lang.ThreadLocal$ThreadLocalMap.expungeStaleEntry(I)I @ 51 c2
Event: 44.626 Thread 0x0000027d89cc3000 DEOPT PACKING pc=0x0000027df67ced68 sp=0x000000f1c69fd650
Event: 44.626 Thread 0x0000027d89cc3000 DEOPT UNPACKING pc=0x0000027dee3b78af sp=0x000000f1c69fd2e8 mode 2
Event: 71.830 Thread 0x0000027d89cc3000 Uncommon trap: trap_request=0xffffffde fr.pc=0x0000027df660f3a8 relative=0x0000000000000408
Event: 71.830 Thread 0x0000027d89cc3000 Uncommon trap: reason=class_check action=maybe_recompile pc=0x0000027df660f3a8 method=org.gradle.cache.internal.LockOnDemandCrossProcessCacheAccess.incrementLockCount()V @ 97 c2
Event: 71.830 Thread 0x0000027d89cc3000 DEOPT PACKING pc=0x0000027df660f3a8 sp=0x000000f1c69f7f20
Event: 71.830 Thread 0x0000027d89cc3000 DEOPT UNPACKING pc=0x0000027dee3b78af sp=0x000000f1c69f7ed0 mode 2
Event: 71.874 Thread 0x0000027d89492800 Uncommon trap: trap_request=0xffffff4d fr.pc=0x0000027df6749064 relative=0x0000000000000d84
Event: 71.874 Thread 0x0000027d89492800 Uncommon trap: reason=unstable_if action=reinterpret pc=0x0000027df6749064 method=java.util.concurrent.locks.LockSupport.unpark(Ljava/lang/Thread;)V @ 1 c2
Event: 71.875 Thread 0x0000027d89492800 DEOPT PACKING pc=0x0000027df6749064 sp=0x000000f1c94fd510
Event: 71.875 Thread 0x0000027d89492800 DEOPT UNPACKING pc=0x0000027dee3b78af sp=0x000000f1c94fd320 mode 2
Event: 71.986 Thread 0x0000027d89cc3000 DEOPT PACKING pc=0x0000027df0715eb0 sp=0x000000f1c69f85c0
Event: 71.986 Thread 0x0000027d89cc3000 DEOPT UNPACKING pc=0x0000027dee3b76ce sp=0x000000f1c69f7b00 mode 0
Event: 71.986 Thread 0x0000027d89cc3000 DEOPT PACKING pc=0x0000027df0715eb0 sp=0x000000f1c69f84f0
Event: 71.986 Thread 0x0000027d89cc3000 DEOPT UNPACKING pc=0x0000027dee3b76ce sp=0x000000f1c69f7a30 mode 0
Event: 71.991 Thread 0x0000027d89cc3000 DEOPT PACKING pc=0x0000027df0715eb0 sp=0x000000f1c69f8500
Event: 71.991 Thread 0x0000027d89cc3000 DEOPT UNPACKING pc=0x0000027dee3b76ce sp=0x000000f1c69f7a40 mode 0
Event: 71.992 Thread 0x0000027d89cc3000 DEOPT PACKING pc=0x0000027df0715eb0 sp=0x000000f1c69f8430
Event: 71.992 Thread 0x0000027d89cc3000 DEOPT UNPACKING pc=0x0000027dee3b76ce sp=0x000000f1c69f7970 mode 0

Classes redefined (0 events):
No events

Internal exceptions (20 events):
Event: 35.429 Thread 0x0000027d93bf2000 Implicit null exception at 0x0000027df622b8f0 to 0x0000027df622b9d4
Event: 35.484 Thread 0x0000027d890e7800 Exception <a 'java/lang/InterruptedException'{0x000000008bbea320}> (0x000000008bbea320) thrown at [./src/hotspot/share/runtime/objectMonitor.cpp, line 1635]
Event: 37.849 Thread 0x0000027d890e6800 Exception <a 'sun/nio/fs/WindowsException'{0x000000008b838450}> (0x000000008b838450) thrown at [./src/hotspot/share/prims/jni.cpp, line 615]
Event: 44.189 Thread 0x0000027d89cc3000 Exception <a 'sun/nio/fs/WindowsException'{0x000000008a3cc218}> (0x000000008a3cc218) thrown at [./src/hotspot/share/prims/jni.cpp, line 615]
Event: 44.291 Thread 0x0000027d89cc3000 Exception <a 'sun/nio/fs/WindowsException'{0x000000008994d7f0}> (0x000000008994d7f0) thrown at [./src/hotspot/share/prims/jni.cpp, line 615]
Event: 44.295 Thread 0x0000027d89cc3000 Exception <a 'sun/nio/fs/WindowsException'{0x0000000089800dc0}> (0x0000000089800dc0) thrown at [./src/hotspot/share/prims/jni.cpp, line 615]
Event: 44.295 Thread 0x0000027d89cc3000 Exception <a 'sun/nio/fs/WindowsException'{0x0000000089802168}> (0x0000000089802168) thrown at [./src/hotspot/share/prims/jni.cpp, line 615]
Event: 44.295 Thread 0x0000027d89cc3000 Exception <a 'sun/nio/fs/WindowsException'{0x0000000089803560}> (0x0000000089803560) thrown at [./src/hotspot/share/prims/jni.cpp, line 615]
Event: 44.295 Thread 0x0000027d89cc3000 Exception <a 'sun/nio/fs/WindowsException'{0x0000000089804958}> (0x0000000089804958) thrown at [./src/hotspot/share/prims/jni.cpp, line 615]
Event: 44.323 Thread 0x0000027d89cc3000 Exception <a 'sun/nio/fs/WindowsException'{0x00000000897f6108}> (0x00000000897f6108) thrown at [./src/hotspot/share/prims/jni.cpp, line 615]
Event: 44.553 Thread 0x0000027d89cc3000 Implicit null exception at 0x0000027df668fc71 to 0x0000027df66900f0
Event: 44.562 Thread 0x0000027d89dcb800 Exception <a 'sun/nio/fs/WindowsException'{0x000000008f3f8af8}> (0x000000008f3f8af8) thrown at [./src/hotspot/share/prims/jni.cpp, line 615]
Event: 44.626 Thread 0x0000027d89cc3000 Implicit null exception at 0x0000027df67ca5bd to 0x0000027df67ced39
Event: 71.908 Thread 0x0000027d89cc3000 Exception <a 'sun/nio/fs/WindowsException'{0x000000008dcb8150}> (0x000000008dcb8150) thrown at [./src/hotspot/share/prims/jni.cpp, line 615]
Event: 71.984 Thread 0x0000027d89cc3000 Exception <a 'sun/nio/fs/WindowsException'{0x000000008d21e070}> (0x000000008d21e070) thrown at [./src/hotspot/share/prims/jni.cpp, line 615]
Event: 71.989 Thread 0x0000027d89cc3000 Exception <a 'sun/nio/fs/WindowsException'{0x000000008d2ba5d8}> (0x000000008d2ba5d8) thrown at [./src/hotspot/share/prims/jni.cpp, line 615]
Event: 71.989 Thread 0x0000027d89cc3000 Exception <a 'sun/nio/fs/WindowsException'{0x000000008d2bb980}> (0x000000008d2bb980) thrown at [./src/hotspot/share/prims/jni.cpp, line 615]
Event: 71.989 Thread 0x0000027d89cc3000 Exception <a 'sun/nio/fs/WindowsException'{0x000000008d2bcd78}> (0x000000008d2bcd78) thrown at [./src/hotspot/share/prims/jni.cpp, line 615]
Event: 71.989 Thread 0x0000027d89cc3000 Exception <a 'sun/nio/fs/WindowsException'{0x000000008d2be170}> (0x000000008d2be170) thrown at [./src/hotspot/share/prims/jni.cpp, line 615]
Event: 72.006 Thread 0x0000027d89cc3000 Exception <a 'sun/nio/fs/WindowsException'{0x000000008d0abb00}> (0x000000008d0abb00) thrown at [./src/hotspot/share/prims/jni.cpp, line 615]

Events (20 events):
Event: 72.061 Executing VM operation: RevokeBias done
Event: 72.061 Executing VM operation: BulkRevokeBias
Event: 72.063 Executing VM operation: BulkRevokeBias done
Event: 72.066 Thread 0x0000027d943e1800 Thread added: 0x0000027d943e1800
Event: 72.067 Executing VM operation: RevokeBias
Event: 72.067 Executing VM operation: RevokeBias done
Event: 72.067 Executing VM operation: RevokeBias
Event: 72.067 Executing VM operation: RevokeBias done
Event: 72.084 Executing VM operation: RevokeBias
Event: 72.085 Executing VM operation: RevokeBias done
Event: 72.085 Executing VM operation: RevokeBias
Event: 72.085 Executing VM operation: RevokeBias done
Event: 72.086 Executing VM operation: RevokeBias
Event: 72.086 Executing VM operation: RevokeBias done
Event: 72.086 Executing VM operation: RevokeBias
Event: 72.086 Executing VM operation: RevokeBias done
Event: 72.089 Executing VM operation: RevokeBias
Event: 72.089 Executing VM operation: RevokeBias done
Event: 72.089 Executing VM operation: BulkRevokeBias
Event: 72.092 Executing VM operation: BulkRevokeBias done


Dynamic libraries:
0x00007ff642860000 - 0x00007ff64286a000 	C:\Program Files\Android\Android Studio\jre\bin\java.exe
0x00007ffeadf70000 - 0x00007ffeae165000 	C:\Windows\SYSTEM32\ntdll.dll
0x00007ffead190000 - 0x00007ffead24e000 	C:\Windows\System32\KERNEL32.DLL
0x00007ffeab770000 - 0x00007ffeaba38000 	C:\Windows\System32\KERNELBASE.dll
0x00007ffe8f2a0000 - 0x00007ffe8f2b9000 	C:\Program Files\Android\Android Studio\jre\bin\jli.dll
0x00007ffeabcc0000 - 0x00007ffeabdc0000 	C:\Windows\System32\ucrtbase.dll
0x00007ffe90470000 - 0x00007ffe90487000 	C:\Program Files\Android\Android Studio\jre\bin\VCRUNTIME140.dll
0x00007ffeacec0000 - 0x00007ffead061000 	C:\Windows\System32\USER32.dll
0x00007ffeaaa50000 - 0x00007ffeaacea000 	C:\Windows\WinSxS\amd64_microsoft.windows.common-controls_6595b64144ccf1df_6.0.19041.1110_none_60b5254171f9507e\COMCTL32.dll
0x00007ffeabf80000 - 0x00007ffeabfa2000 	C:\Windows\System32\win32u.dll
0x00007ffeac800000 - 0x00007ffeac89e000 	C:\Windows\System32\msvcrt.dll
0x00007ffeac530000 - 0x00007ffeac55b000 	C:\Windows\System32\GDI32.dll
0x00007ffeabdc0000 - 0x00007ffeabecd000 	C:\Windows\System32\gdi32full.dll
0x00007ffeabc20000 - 0x00007ffeabcbd000 	C:\Windows\System32\msvcp_win.dll
0x00007ffeace90000 - 0x00007ffeacec0000 	C:\Windows\System32\IMM32.DLL
0x00007ffe8d470000 - 0x00007ffe8d50d000 	C:\Program Files\Android\Android Studio\jre\bin\msvcp140.dll
0x00007ffe3b6b0000 - 0x00007ffe3c17f000 	C:\Program Files\Android\Android Studio\jre\bin\server\jvm.dll
0x00007ffead0e0000 - 0x00007ffead18e000 	C:\Windows\System32\ADVAPI32.dll
0x00007ffeac390000 - 0x00007ffeac42c000 	C:\Windows\System32\sechost.dll
0x00007ffeacc60000 - 0x00007ffeacd85000 	C:\Windows\System32\RPCRT4.dll
0x00007ffeac450000 - 0x00007ffeac458000 	C:\Windows\System32\PSAPI.DLL
0x00007ffea0d20000 - 0x00007ffea0d47000 	C:\Windows\SYSTEM32\WINMM.dll
0x00007ffe9d980000 - 0x00007ffe9d989000 	C:\Windows\SYSTEM32\WSOCK32.dll
0x00007ffea8410000 - 0x00007ffea841a000 	C:\Windows\SYSTEM32\VERSION.dll
0x00007ffeac790000 - 0x00007ffeac7fb000 	C:\Windows\System32\WS2_32.dll
0x00007ffea87b0000 - 0x00007ffea87c2000 	C:\Windows\SYSTEM32\kernel.appcore.dll
0x00007ffe97b30000 - 0x00007ffe97b41000 	C:\Program Files\Android\Android Studio\jre\bin\verify.dll
0x00007ffeab0f0000 - 0x00007ffeab2d4000 	C:\Windows\SYSTEM32\DBGHELP.DLL
0x00007ffeaae50000 - 0x00007ffeaae7c000 	C:\Windows\SYSTEM32\dbgcore.DLL
0x00007ffeab680000 - 0x00007ffeab702000 	C:\Windows\System32\bcryptPrimitives.dll
0x00007ffe977b0000 - 0x00007ffe977d9000 	C:\Program Files\Android\Android Studio\jre\bin\java.dll
0x00007ffe9e890000 - 0x00007ffe9e89b000 	C:\Program Files\Android\Android Studio\jre\bin\jimage.dll
0x00007ffe97230000 - 0x00007ffe97248000 	C:\Program Files\Android\Android Studio\jre\bin\zip.dll
0x00007ffead730000 - 0x00007ffeade74000 	C:\Windows\System32\SHELL32.dll
0x00007ffea8ab0000 - 0x00007ffea9245000 	C:\Windows\SYSTEM32\windows.storage.dll
0x00007ffeac900000 - 0x00007ffeacc55000 	C:\Windows\System32\combase.dll
0x00007ffeaa9e0000 - 0x00007ffeaaa0e000 	C:\Windows\SYSTEM32\Wldp.dll
0x00007ffeade80000 - 0x00007ffeadf2d000 	C:\Windows\System32\SHCORE.dll
0x00007ffeac8a0000 - 0x00007ffeac8f5000 	C:\Windows\System32\shlwapi.dll
0x00007ffeab5c0000 - 0x00007ffeab5df000 	C:\Windows\SYSTEM32\profapi.dll
0x00007ffe971b0000 - 0x00007ffe971ca000 	C:\Program Files\Android\Android Studio\jre\bin\net.dll
0x00007ffea2630000 - 0x00007ffea273c000 	C:\Windows\SYSTEM32\WINHTTP.dll
0x00007ffeaa5f0000 - 0x00007ffeaa65a000 	C:\Windows\system32\mswsock.dll
0x00007ffe97190000 - 0x00007ffe971a4000 	C:\Program Files\Android\Android Studio\jre\bin\nio.dll
0x00007ffe91320000 - 0x00007ffe91347000 	C:\Users\Hugo Martin\.gradle\native\8bec1ad78214c89d9ad589b4d07fe93259594b29d510b10fafb7a158f7737e5d\windows-amd64\native-platform.dll
0x00007ffe8c920000 - 0x00007ffe8ca5d000 	C:\Users\Hugo Martin\.gradle\native\53dbd7edfb1c66fb8903c78663c9afc45aea4f116125fa6feffd364cf09443e8\windows-amd64\native-platform-file-events.dll
0x00007ffe97b20000 - 0x00007ffe97b2a000 	C:\Program Files\Android\Android Studio\jre\bin\management.dll
0x00007ffe97220000 - 0x00007ffe9722c000 	C:\Program Files\Android\Android Studio\jre\bin\management_ext.dll
0x00007ffeab400000 - 0x00007ffeab418000 	C:\Windows\SYSTEM32\CRYPTSP.dll
0x00007ffeaa0e0000 - 0x00007ffeaa114000 	C:\Windows\system32\rsaenh.dll
0x00007ffeaba40000 - 0x00007ffeaba67000 	C:\Windows\System32\bcrypt.dll
0x00007ffeab540000 - 0x00007ffeab56e000 	C:\Windows\SYSTEM32\USERENV.dll
0x00007ffeaa820000 - 0x00007ffeaa82c000 	C:\Windows\SYSTEM32\CRYPTBASE.dll
0x00007ffeaa400000 - 0x00007ffeaa43b000 	C:\Windows\SYSTEM32\IPHLPAPI.DLL
0x00007ffead070000 - 0x00007ffead078000 	C:\Windows\System32\NSI.dll
0x00007ffea51e0000 - 0x00007ffea51f7000 	C:\Windows\SYSTEM32\dhcpcsvc6.DLL
0x00007ffea51c0000 - 0x00007ffea51dd000 	C:\Windows\SYSTEM32\dhcpcsvc.DLL
0x00007ffeaa440000 - 0x00007ffeaa50b000 	C:\Windows\SYSTEM32\DNSAPI.dll
0x00007ffea80a0000 - 0x00007ffea80a8000 	C:\Program Files\Android\Android Studio\jre\bin\rmi.dll

dbghelp: loaded successfully - version: 4.0.5 - missing functions: none
symbol engine: initialized successfully - sym options: 0x614 - pdb path: .;C:\Program Files\Android\Android Studio\jre\bin;C:\Windows\SYSTEM32;C:\Windows\WinSxS\amd64_microsoft.windows.common-controls_6595b64144ccf1df_6.0.19041.1110_none_60b5254171f9507e;C:\Program Files\Android\Android Studio\jre\bin\server;C:\Users\Hugo Martin\.gradle\native\8bec1ad78214c89d9ad589b4d07fe93259594b29d510b10fafb7a158f7737e5d\windows-amd64;C:\Users\Hugo Martin\.gradle\native\53dbd7edfb1c66fb8903c78663c9afc45aea4f116125fa6feffd364cf09443e8\windows-amd64

VM Arguments:
jvm_args: --add-opens=java.base/java.util=ALL-UNNAMED --add-opens=java.base/java.lang=ALL-UNNAMED --add-opens=java.base/java.lang.invoke=ALL-UNNAMED --add-opens=java.base/java.util=ALL-UNNAMED --add-opens=java.prefs/java.util.prefs=ALL-UNNAMED --add-opens=java.prefs/java.util.prefs=ALL-UNNAMED --add-opens=java.base/java.nio.charset=ALL-UNNAMED --add-opens=java.base/java.net=ALL-UNNAMED --add-opens=java.base/java.util.concurrent.atomic=ALL-UNNAMED -Xmx2048m -Dfile.encoding=UTF-8 -Duser.country=FR -Duser.language=fr -Duser.variant 
java_command: org.gradle.launcher.daemon.bootstrap.GradleDaemon 7.0.2
java_class_path (initial): C:\Users\Hugo Martin\.gradle\wrapper\dists\gradle-7.0.2-bin\857tjihv64xamwrf0h14cai3r\gradle-7.0.2\lib\gradle-launcher-7.0.2.jar
Launcher Type: SUN_STANDARD

[Global flags]
     intx CICompilerCount                          = 12                                        {product} {ergonomic}
     uint ConcGCThreads                            = 3                                         {product} {ergonomic}
     uint G1ConcRefinementThreads                  = 13                                        {product} {ergonomic}
   size_t G1HeapRegionSize                         = 1048576                                   {product} {ergonomic}
    uintx GCDrainStackTargetSize                   = 64                                        {product} {ergonomic}
   size_t InitialHeapSize                          = 266338304                                 {product} {ergonomic}
   size_t MarkStackSize                            = 4194304                                   {product} {ergonomic}
   size_t MaxHeapSize                              = 2147483648                                {product} {command line}
   size_t MaxNewSize                               = 1287651328                                {product} {ergonomic}
   size_t MinHeapDeltaBytes                        = 1048576                                   {product} {ergonomic}
    uintx NonNMethodCodeHeapSize                   = 7594288                                {pd product} {ergonomic}
    uintx NonProfiledCodeHeapSize                  = 122031976                              {pd product} {ergonomic}
    uintx ProfiledCodeHeapSize                     = 122031976                              {pd product} {ergonomic}
    uintx ReservedCodeCacheSize                    = 251658240                              {pd product} {ergonomic}
     bool SegmentedCodeCache                       = true                                      {product} {ergonomic}
     bool UseCompressedClassPointers               = true                                 {lp64_product} {ergonomic}
     bool UseCompressedOops                        = true                                 {lp64_product} {ergonomic}
     bool UseG1GC                                  = true                                      {product} {ergonomic}
     bool UseLargePagesIndividualAllocation        = false                                  {pd product} {ergonomic}

Logging:
Log output configuration:
 #0: stdout all=warning uptime,level,tags
 #1: stderr all=off uptime,level,tags

Environment Variables:
PATH=C:\Windows\system32;C:\Windows;C:\Windows\System32\Wbem;C:\Windows\System32\WindowsPowerShell\v1.0\;C:\Windows\System32\OpenSSH\;H:\Git\cmd;C:\Program Files\NVIDIA Corporation\NVIDIA NvDLISR;C:\Program Files (x86)\NVIDIA Corporation\PhysX\Common;C:\Users\Hugo Martin\AppData\Local\Microsoft\WindowsApps;;H:\IntelliJ IDEA Community Edition 2021.3\bin;
USERNAME=Hugo Martin
OS=Windows_NT
PROCESSOR_IDENTIFIER=Intel64 Family 6 Model 165 Stepping 5, GenuineIntel



---------------  S Y S T E M  ---------------

OS: Windows 10 , 64 bit Build 19041 (10.0.19041.1466)
OS uptime: 6 days 11:55 hours

CPU:total 16 (initial active 16) (8 cores per cpu, 2 threads per core) family 6 model 165 stepping 5 microcode 0xe2, cmov, cx8, fxsr, mmx, sse, sse2, sse3, ssse3, sse4.1, sse4.2, popcnt, avx, avx2, aes, clmul, erms, 3dnowpref, lzcnt, ht, tsc, tscinvbit, bmi1, bmi2, adx, fma

Memory: 4k page, system-wide physical 16235M (1099M free)
TotalPageFile size 65387M (AvailPageFile size 0M)
current process WorkingSet (physical memory assigned to process): 571M, peak: 591M
current process commit charge ("private bytes"): 626M, peak: 644M

vm_info: OpenJDK 64-Bit Server VM (11.0.10+0-b96-7249189) for windows-amd64 JRE (11.0.10+0-b96-7249189), built on Mar 31 2021 21:44:00 by "builder" with MS VC++ 14.0 (VS2015)

END.
